<?xml version="1.0" encoding="utf-8"?><testsuites name="pytest tests"><testsuite name="pytest" errors="0" failures="0" skipped="0" tests="18" time="17.548" timestamp="2026-08-20T17:52:25.412470+00:00" hostname="agent-env-d0ee894f-c2b3-43e5-84e7-2334c36fc108"><testcase classname="tests.test_my_tax_return_final.TestPaymentDeadline" name="test_2025_26_deadline_is_31_january_2027" time="5.902" /><testcase classname="tests.test_my_tax_return_final.TestPaymentDeadline" name="test_deadline_never_shows_2026_for_2025_26" time="0.160" /><testcase classname="tests.test_my_tax_return_final.TestApprovalAndSubmissionModel" name="test_no_approved_version_before_client_approves" time="6.136" /><testcase classname="tests.test_my_tax_return_final.TestPaymentDeadline" name="test_deadline_is_derived_from_the_case_tax_year" time="2.435" /><testcase classname="tests.test_my_tax_return_final.TestApprovalAndSubmissionModel" name="test_approved_version_comes_from_the_approval_record" time="0.458" /><testcase classname="tests.test_my_tax_return_final.TestApprovalAndSubmissionModel" name="test_version_two_is_reported_when_two_versions_exist" time="3.371" /><testcase classname="tests.test_my_tax_return_final.TestPaymentDeadline" name="test_stale_stored_deadline_is_overridden_on_read" time="2.507" /><testcase classname="tests.test_my_tax_return_final.TestApprovalAndSubmissionModel" name="test_client_approval_alone_does_not_mark_submitted" time="0.226" /><testcase classname="tests.test_my_tax_return_final.TestApprovalAndSubmissionModel" name="test_status_flips_to_submitted_only_when_accountant_records_it" time="0.371" /><testcase classname="tests.test_my_tax_return_final.TestApprovalAndSubmissionModel" name="test_recorded_submission_date_is_returned" time="0.194" /><testcase classname="tests.test_my_tax_return_final.TestApprovalAndSubmissionModel" name="test_journey_shows_submitted_successfully" time="0.171" /><testcase classname="tests.test_my_tax_return_final.TestApprovalAndSubmissionModel" name="test_client_can_never_record_a_submission" time="0.235" /><testcase classname="tests.test_my_tax_return_final.TestPaymentDeadline" name="test_case_filing_deadline_still_2027" time="0.234" /><testcase classname="tests.test_my_tax_return_final.TestFinalDocuments" name="test_empty_until_released" time="1.404" /><testcase classname="tests.test_my_tax_return_final.TestFinalDocuments" name="test_released_final_document_is_visible_with_date" time="0.688" /><testcase classname="tests.test_my_tax_return_final.TestFinalDocuments" name="test_client_can_download_own_final_document" time="0.298" /><testcase classname="tests.test_my_tax_return_final.TestFinalDocuments" name="test_final_documents_are_case_specific" time="1.397" /><testcase classname="tests.test_my_tax_return_final.TestFinalDocuments" name="test_another_client_cannot_reach_the_final_document" time="1.587" /></testsuite></testsuites>