<?xml version="1.0" encoding="utf-8"?><testsuites name="pytest tests"><testsuite name="pytest" errors="0" failures="0" skipped="0" tests="67" time="29.637" timestamp="2026-08-20T01:04:26.452531+00:00" hostname="agent-env-d0ee894f-c2b3-43e5-84e7-2334c36fc108"><testcase classname="tests.test_taxsimba_phase2.TestAccountantPrivacy" name="test_cases_list_no_leaks" time="3.264" /><testcase classname="tests.test_taxsimba_phase1.TestWorkflow" name="test_01_case_in_unassigned_bucket" time="3.657" /><testcase classname="tests.test_taxsimba_phase1.TestWorkflow" name="test_02_accountants_workload" time="0.160" /><testcase classname="tests.test_taxsimba_phase1.TestWorkflow" name="test_03_assign_to_accountant_a" time="0.312" /><testcase classname="tests.test_taxsimba_phase1.TestWorkflow" name="test_04_case_in_accountant_a_needs_action" time="0.300" /><testcase classname="tests.test_taxsimba_phase1.TestWorkflow" name="test_05_role_isolation_acc_b_cannot_access" time="0.337" /><testcase classname="tests.test_taxsimba_phase1.TestWorkflow" name="test_06_start_review" time="0.173" /><testcase classname="tests.test_taxsimba_phase1.TestWorkflow" name="test_07_request_from_client" time="0.266" /><testcase classname="tests.test_taxsimba_phase1.TestWorkflow" name="test_08_client_sees_task_and_notification" time="0.288" /><testcase classname="tests.test_taxsimba_phase1.TestWorkflow" name="test_09_client_uploads_file_completes_task_returns_to_accountant" time="0.474" /><testcase classname="tests.test_taxsimba_phase2.TestAccountantPrivacy" name="test_case_detail_no_leaks" time="2.560" /><testcase classname="tests.test_taxsimba_phase2.TestAccountantPrivacy" name="test_tasks_no_leaks" time="0.117" /><testcase classname="tests.test_taxsimba_phase2.TestAccountantPrivacy" name="test_documents_no_leaks" time="0.143" /><testcase classname="tests.test_taxsimba_phase1.TestWorkflow" name="test_10_client_cannot_see_internal_document" time="0.621" /><testcase classname="tests.test_taxsimba_phase2.TestAccountantPrivacy" name="test_messages_no_leaks" time="0.204" /><testcase classname="tests.test_taxsimba_phase2.TestAccountantPrivacy" name="test_activity_no_leaks" time="0.117" /><testcase classname="tests.test_taxsimba_phase2.TestAccountantPrivacy" name="test_notes_no_leaks" time="0.125" /><testcase classname="tests.test_taxsimba_phase2.TestAccountantPrivacy" name="test_calculations_no_leaks" time="0.136" /><testcase classname="tests.test_taxsimba_phase1.TestWorkflow" name="test_11_create_calc_v1" time="0.116" /><testcase classname="tests.test_taxsimba_phase2.TestAccountantPrivacy" name="test_reviews_no_leaks" time="0.122" /><testcase classname="tests.test_taxsimba_phase1.TestWorkflow" name="test_12_submit_blocks_on_incomplete_checklist" time="0.163" /><testcase classname="tests.test_taxsimba_phase2.TestAccountantPrivacy" name="test_submission_no_leaks" time="0.155" /><testcase classname="tests.test_taxsimba_phase1.TestWorkflow" name="test_13_submit_full_checklist" time="0.228" /><testcase classname="tests.test_taxsimba_phase2.TestAccountantPrivacy" name="test_notifications_no_leaks" time="0.138" /><testcase classname="tests.test_taxsimba_phase2.TestAccountantPrivacy" name="test_stats_no_leaks" time="0.179" /><testcase classname="tests.test_taxsimba_phase1.TestWorkflow" name="test_14_client_cannot_see_unapproved_calc" time="0.119" /><testcase classname="tests.test_taxsimba_phase1.TestWorkflow" name="test_15_admin_return_for_changes" time="0.274" /><testcase classname="tests.test_taxsimba_phase2.TestAccountantPrivacy" name="test_accountant_forbidden_users" time="0.135" /><testcase classname="tests.test_taxsimba_phase2.TestAccountantPrivacy" name="test_accountant_forbidden_users_by_role" time="0.129" /><testcase classname="tests.test_taxsimba_phase1.TestWorkflow" name="test_16_v1_locked_and_v2" time="0.258" /><testcase classname="tests.test_taxsimba_phase2.TestAccountantPrivacy" name="test_accountant_forbidden_workload" time="0.143" /><testcase classname="tests.test_taxsimba_phase2.TestAccountantPrivacy" name="test_accountant_forbidden_audit_log" time="0.146" /><testcase classname="tests.test_taxsimba_phase1.TestWorkflow" name="test_17_resubmit_and_admin_approve" time="0.317" /><testcase classname="tests.test_taxsimba_phase2.TestAccountantPrivacy" name="test_accountant_cannot_access_other_accountants_case" time="0.262" /><testcase classname="tests.test_taxsimba_phase1.TestWorkflow" name="test_18_client_sees_only_approved_v2" time="0.113" /><testcase classname="tests.test_taxsimba_phase1.TestWorkflow" name="test_19_client_approve_ready_for_submission" time="1.033" /><testcase classname="tests.test_taxsimba_phase1.TestWorkflow" name="test_20_activity_timeline_populated" time="0.347" /><testcase classname="tests.test_taxsimba_phase1.TestStatsAndAdmin" name="test_admin_stats_shape" time="2.615" /><testcase classname="tests.test_taxsimba_phase1.TestStatsAndAdmin" name="test_accountant_stats_shape" time="0.314" /><testcase classname="tests.test_taxsimba_phase1.TestStatsAndAdmin" name="test_client_cannot_hit_admin_stats" time="0.367" /><testcase classname="tests.test_taxsimba_phase1.TestStatsAndAdmin" name="test_notifications_and_mark_all_read" time="0.753" /><testcase classname="tests.test_taxsimba_phase1.TestStatsAndAdmin" name="test_super_admin_creates_user" time="1.272" /><testcase classname="tests.test_taxsimba_phase2.TestNegativeSubmissionCompletion" name="test_record_submission_blocked_when_not_ready" time="4.092" /><testcase classname="tests.test_taxsimba_phase1.TestStatsAndAdmin" name="test_admin_cannot_create_user" time="0.133" /><testcase classname="tests.test_taxsimba_phase1.TestStatsAndAdmin" name="test_audit_log_and_workflow_settings" time="0.479" /><testcase classname="tests.test_taxsimba_phase2.TestNegativeSubmissionCompletion" name="test_record_submission_blocked_awaiting_assignment" time="0.753" /><testcase classname="tests.test_taxsimba_phase2.TestNegativeSubmissionCompletion" name="test_record_submission_missing_client_approval" time="2.103" /><testcase classname="tests.test_taxsimba_phase2.TestNegativeSubmissionCompletion" name="test_complete_blocked_unless_submitted" time="1.324" /><testcase classname="tests.test_taxsimba_phase2.TestFullLifecycle" name="test_01_ready_for_submission" time="4.552" /><testcase classname="tests.test_taxsimba_phase2.TestFullLifecycle" name="test_02_record_submission_records_details" time="0.155" /><testcase classname="tests.test_taxsimba_phase2.TestFullLifecycle" name="test_03_get_submission_endpoint" time="0.112" /><testcase classname="tests.test_taxsimba_phase2.TestFullLifecycle" name="test_04_mark_completed" time="0.320" /><testcase classname="tests.test_taxsimba_phase2.TestFullLifecycle" name="test_05_completed_status_visible_all_roles" time="0.460" /><testcase classname="tests.test_taxsimba_phase2.TestNegativeSubmissionCompletion" name="test_accountant_cannot_record_submission" time="2.936" /><testcase classname="tests.test_taxsimba_phase2.TestNegativeSubmissionCompletion" name="test_accountant_cannot_complete" time="0.125" /><testcase classname="tests.test_taxsimba_phase2.TestNoStageSkipping" name="test_submit_for_admin_review_from_assigned" time="1.440" /><testcase classname="tests.test_taxsimba_phase1.TestAuth" name="test_login_all_roles" time="2.207" /><testcase classname="tests.test_taxsimba_phase1.TestAuth" name="test_login_invalid" time="0.401" /><testcase classname="tests.test_taxsimba_phase1.TestAuth" name="test_me_and_roles" time="0.847" /><testcase classname="tests.test_taxsimba_phase2.TestNoStageSkipping" name="test_admin_approve_when_no_review_submitted" time="1.439" /><testcase classname="tests.test_taxsimba_phase2.TestNoStageSkipping" name="test_client_approve_before_admin_approval" time="1.431" /><testcase classname="tests.test_taxsimba_phase2.TestNoStageSkipping" name="test_start_review_on_advanced_case" time="0.429" /><testcase classname="tests.test_taxsimba_phase2.TestDeactivatedLogin" name="test_deactivate_and_reactivate" time="1.491" /><testcase classname="tests.test_taxsimba_phase2.TestClientCalcVisibility" name="test_client_sees_only_approved_versions" time="0.201" /><testcase classname="tests.test_taxsimba_phase2.TestAuditTrail" name="test_activity_log_has_prev_new_status" time="5.418" /><testcase classname="tests.test_taxsimba_phase2.TestAuditTrail" name="test_admin_return_comments_captured" time="0.129" /><testcase classname="tests.test_taxsimba_phase2.TestAuditTrail" name="test_super_admin_audit_log" time="0.322" /></testsuite></testsuites>