<?xml version="1.0" encoding="utf-8"?><testsuites name="pytest tests"><testsuite name="pytest" errors="0" failures="0" skipped="2" tests="330" time="367.570" timestamp="2026-08-20T16:45:01.378784+00:00" hostname="agent-env-d0ee894f-c2b3-43e5-84e7-2334c36fc108"><testcase classname="tests.test_taxsimba_phase1.TestWorkflow" name="test_01_case_in_unassigned_bucket" time="5.687" /><testcase classname="tests.test_cross_role_qa.TestCrossRoleWorkflow" name="test_assigned_accountant_sees_case" time="7.569" /><testcase classname="tests.test_taxsimba_phase1.TestWorkflow" name="test_02_accountants_workload" time="0.200" /><testcase classname="tests.test_taxsimba_phase1.TestWorkflow" name="test_03_assign_to_accountant_a" time="0.559" /><testcase classname="tests.test_taxsimba_phase1.TestWorkflow" name="test_04_case_in_accountant_a_needs_action" time="1.759" /><testcase classname="tests.test_cross_role_qa.TestCrossRoleWorkflow" name="test_unassigned_accountant_cannot" time="0.808" /><testcase classname="tests.test_taxsimba_phase1.TestWorkflow" name="test_05_role_isolation_acc_b_cannot_access" time="0.587" /><testcase classname="tests.test_cross_role_qa.TestCrossRoleWorkflow" name="test_admin_and_super_admin_both_see_it" time="0.315" /><testcase classname="tests.test_cross_role_qa.TestCrossRoleWorkflow" name="test_client_sees_own_case_and_accountant_name" time="0.207" /><testcase classname="tests.test_taxsimba_phase1.TestWorkflow" name="test_06_start_review" time="0.139" /><testcase classname="tests.test_cross_role_qa.TestCrossRoleWorkflow" name="test_client_never_sees_accountant_contact_details" time="0.130" /><testcase classname="tests.test_taxsimba_phase1.TestWorkflow" name="test_07_request_from_client" time="0.312" /><testcase classname="tests.test_cross_role_qa.TestCrossRoleWorkflow" name="test_accountant_requests_information" time="0.281" /><testcase classname="tests.test_taxsimba_phase1.TestWorkflow" name="test_08_client_sees_task_and_notification" time="0.334" /><testcase classname="tests.test_cross_role_qa.TestCrossRoleWorkflow" name="test_client_sees_exactly_one_action" time="0.170" /><testcase classname="tests.test_cross_role_qa.TestCrossRoleWorkflow" name="test_status_propagated_to_every_role" time="0.997" /><testcase classname="tests.test_taxsimba_phase1.TestWorkflow" name="test_09_client_uploads_file_completes_task_returns_to_accountant" time="0.486" /><testcase classname="tests.test_taxsimba_phase1.TestWorkflow" name="test_10_client_cannot_see_internal_document" time="0.757" /><testcase classname="tests.test_cross_role_qa.TestCrossRoleWorkflow" name="test_client_uploads_and_all_roles_see_it" time="1.124" /><testcase classname="tests.test_taxsimba_phase1.TestWorkflow" name="test_11_create_calc_v1" time="0.326" /><testcase classname="tests.test_taxsimba_phase1.TestWorkflow" name="test_12_submit_blocks_on_incomplete_checklist" time="0.214" /><testcase classname="tests.test_taxsimba_phase1.TestWorkflow" name="test_13_submit_full_checklist" time="0.157" /><testcase classname="tests.test_taxsimba_phase1.TestWorkflow" name="test_14_client_cannot_see_unapproved_calc" time="0.158" /><testcase classname="tests.test_cross_role_qa.TestCrossRoleWorkflow" name="test_one_document_one_history_entry" time="0.330" /><testcase classname="tests.test_taxsimba_phase1.TestWorkflow" name="test_15_admin_return_for_changes" time="0.327" /><testcase classname="tests.test_cross_role_qa.TestCrossRoleWorkflow" name="test_accountant_cannot_bypass_admin_review" time="0.475" /><testcase classname="tests.test_taxsimba_phase1.TestWorkflow" name="test_16_v1_locked_and_v2" time="0.357" /><testcase classname="tests.test_taxsimba_phase1.TestWorkflow" name="test_17_resubmit_and_admin_approve" time="0.327" /><testcase classname="tests.test_cross_role_qa.TestCrossRoleWorkflow" name="test_client_cannot_see_unapproved_calculation" time="0.130" /><testcase classname="tests.test_cross_role_qa.TestCrossRoleWorkflow" name="test_client_cannot_approve_before_release" time="0.154" /><testcase classname="tests.test_taxsimba_phase1.TestWorkflow" name="test_18_client_sees_only_approved_v2" time="0.162" /><testcase classname="tests.test_cross_role_qa.TestCrossRoleWorkflow" name="test_admin_approves_and_client_sees_version_1" time="0.452" /><testcase classname="tests.test_taxsimba_phase1.TestWorkflow" name="test_19_client_approve_ready_for_submission" time="0.734" /><testcase classname="tests.test_cross_role_qa.TestCrossRoleWorkflow" name="test_accountant_cannot_approve_on_behalf_of_client" time="0.201" /><testcase classname="tests.test_cross_role_qa.TestCrossRoleWorkflow" name="test_client_approves_and_it_propagates" time="0.875" /><testcase classname="tests.test_taxsimba_phase1.TestWorkflow" name="test_20_activity_timeline_populated" time="0.212" /><testcase classname="tests.test_hardening_cors_ratelimit.TestCsrfProtection" name="test_same_origin_refresh_allowed" time="0.494" /><testcase classname="tests.test_cross_role_qa.TestCrossRoleWorkflow" name="test_ready_is_never_shown_as_submitted" time="0.143" /><testcase classname="tests.test_hardening_cors_ratelimit.TestCsrfProtection" name="test_same_origin_logout_allowed" time="0.532" /><testcase classname="tests.test_cross_role_qa.TestCrossRoleWorkflow" name="test_client_cannot_record_submission" time="0.342" /><testcase classname="tests.test_cross_role_qa.TestCrossRoleWorkflow" name="test_submitted_only_after_authorised_record" time="0.559" /><testcase classname="tests.test_hardening_cors_ratelimit.TestCsrfProtection" name="test_cross_origin_refresh_rejected" time="0.575" /><testcase classname="tests.test_cross_role_qa.TestCrossRoleWorkflow" name="test_journey_matches_real_case_state_for_all_roles" time="0.498" /><testcase classname="tests.test_hardening_cors_ratelimit.TestCsrfProtection" name="test_cross_origin_logout_rejected" time="0.729" /><testcase classname="tests.test_hardening_cors_ratelimit.TestCsrfProtection" name="test_same_site_is_also_rejected" time="0.945" /><testcase classname="tests.test_hardening_cors_ratelimit.TestCsrfProtection" name="test_cross_origin_referer_rejected" time="0.814" /><testcase classname="tests.test_hardening_cors_ratelimit.TestCsrfProtection" name="test_missing_csrf_token_rejected" time="0.778" /><testcase classname="tests.test_taxsimba_phase2.TestAccountantPrivacy" name="test_cases_list_no_leaks" time="4.923" /><testcase classname="tests.test_hardening_cors_ratelimit.TestCsrfProtection" name="test_wrong_csrf_token_rejected" time="0.472" /><testcase classname="tests.test_hardening_cors_ratelimit.TestCsrfProtection" name="test_victim_session_survives_a_full_attack_sequence" time="0.943" /><testcase classname="tests.test_hardening_cors_ratelimit.TestCsrfProtection" name="test_non_browser_client_unaffected" time="0.608" /><testcase classname="tests.test_hardening_cors_ratelimit.TestCsrfProtection" name="test_csrf_cookie_is_readable_but_session_cookies_are_not" time="0.766" /><testcase classname="tests.test_hardening_cors_ratelimit.TestCsrfProtection" name="test_csrf_does_not_weaken_cors" time="0.002" /><testcase classname="tests.test_hardening_cors_ratelimit.TestCsrfProtection" name="test_no_auth_token_exposed_by_csrf_change" time="0.477" /><testcase classname="tests.test_hardening_cors_ratelimit.TestCsrfProtection" name="test_all_roles_session_lifecycle_with_csrf[client_a]" time="0.693" /><testcase classname="tests.test_hardening_cors_ratelimit.TestCsrfProtection" name="test_all_roles_session_lifecycle_with_csrf[acc_a]" time="0.706" /><testcase classname="tests.test_hardening_cors_ratelimit.TestCsrfProtection" name="test_all_roles_session_lifecycle_with_csrf[acc_b]" time="0.719" /><testcase classname="tests.test_hardening_cors_ratelimit.TestCsrfProtection" name="test_all_roles_session_lifecycle_with_csrf[acc_c]" time="0.754" /><testcase classname="tests.test_taxsimba_phase2.TestAccountantPrivacy" name="test_case_detail_no_leaks" time="3.892" /><testcase classname="tests.test_taxsimba_phase2.TestAccountantPrivacy" name="test_tasks_no_leaks" time="0.185" /><testcase classname="tests.test_taxsimba_phase2.TestAccountantPrivacy" name="test_documents_no_leaks" time="0.170" /><testcase classname="tests.test_hardening_cors_ratelimit.TestCsrfProtection" name="test_all_roles_session_lifecycle_with_csrf[admin]" time="0.672" /><testcase classname="tests.test_taxsimba_phase2.TestAccountantPrivacy" name="test_messages_no_leaks" time="0.255" /><testcase classname="tests.test_taxsimba_phase2.TestAccountantPrivacy" name="test_activity_no_leaks" time="0.161" /><testcase classname="tests.test_taxsimba_phase2.TestAccountantPrivacy" name="test_notes_no_leaks" time="0.160" /><testcase classname="tests.test_hardening_cors_ratelimit.TestCsrfProtection" name="test_all_roles_session_lifecycle_with_csrf[super]" time="0.763" /><testcase classname="tests.test_taxsimba_phase2.TestAccountantPrivacy" name="test_calculations_no_leaks" time="0.395" /><testcase classname="tests.test_taxsimba_phase2.TestAccountantPrivacy" name="test_reviews_no_leaks" time="0.200" /><testcase classname="tests.test_taxsimba_phase2.TestAccountantPrivacy" name="test_submission_no_leaks" time="0.175" /><testcase classname="tests.test_taxsimba_phase2.TestAccountantPrivacy" name="test_notifications_no_leaks" time="0.330" /><testcase classname="tests.test_taxsimba_phase2.TestAccountantPrivacy" name="test_stats_no_leaks" time="0.360" /><testcase classname="tests.test_taxsimba_phase2.TestAccountantPrivacy" name="test_accountant_forbidden_users" time="0.360" /><testcase classname="tests.test_taxsimba_phase2.TestAccountantPrivacy" name="test_accountant_forbidden_users_by_role" time="0.378" /><testcase classname="tests.test_taxsimba_phase2.TestAccountantPrivacy" name="test_accountant_forbidden_workload" time="0.362" /><testcase classname="tests.test_taxsimba_phase2.TestAccountantPrivacy" name="test_accountant_forbidden_audit_log" time="0.136" /><testcase classname="tests.test_taxsimba_phase2.TestAccountantPrivacy" name="test_accountant_cannot_access_other_accountants_case" time="0.578" /><testcase classname="tests.test_clean_client_journey.TestCleanClientJourney" name="test_01_case_created_with_correct_year_and_deadline" time="2.531" /><testcase classname="tests.test_clean_client_journey.TestCleanClientJourney" name="test_02_client_dashboard_accessible_and_scoped" time="0.762" /><testcase classname="tests.test_clean_client_journey.TestCleanClientJourney" name="test_03_accountant_reviews_and_requests_one_document" time="0.914" /><testcase classname="tests.test_clean_client_journey.TestCleanClientJourney" name="test_04_client_sees_exactly_one_action" time="0.542" /><testcase classname="tests.test_clean_client_journey.TestCleanClientJourney" name="test_05_client_uploads_one_document" time="0.773" /><testcase classname="tests.test_client_portal_isolation.TestClientDataIsolation" name="test_client_a_sees_only_own_cases" time="2.612" /><testcase classname="tests.test_client_portal_isolation.TestClientDataIsolation" name="test_lists_never_leak_other_cases[tasks]" time="0.441" /><testcase classname="tests.test_clean_client_journey.TestCleanClientJourney" name="test_06_one_document_one_completed_entry_no_duplicates" time="0.282" /><testcase classname="tests.test_client_portal_isolation.TestClientDataIsolation" name="test_lists_never_leak_other_cases[documents]" time="0.409" /><testcase classname="tests.test_clean_client_journey.TestCleanClientJourney" name="test_07_accountant_receives_it" time="0.135" /><testcase classname="tests.test_clean_client_journey.TestCleanClientJourney" name="test_08_calculation_admin_approval_and_release" time="30.734" /><testcase classname="tests.test_client_portal_isolation.TestClientDataIsolation" name="test_lists_never_leak_other_cases[notifications]" time="30.473" /><testcase classname="tests.test_client_portal_isolation.TestClientDataIsolation" name="test_my_actions_never_leaks" time="23.044" /><testcase classname="tests.test_clean_client_journey.TestCleanClientJourney" name="test_09_client_sees_version_1_and_approves" time="8.522" /><testcase classname="tests.test_clean_client_journey.TestCleanClientJourney" name="test_10_ready_for_submission_is_not_shown_as_submitted" time="0.202" /><testcase classname="tests.test_clean_client_journey.TestCleanClientJourney" name="test_11_authorised_submission_recorded_then_completed" time="7.756" /><testcase classname="tests.test_clean_client_journey.TestCleanClientJourney" name="test_12_final_documents_available_to_client" time="0.993" /><testcase classname="tests.test_clean_client_journey.TestCleanClientJourney" name="test_13_no_duplicates_anywhere_at_the_end" time="0.795" /><testcase classname="tests.test_hardening_cors_ratelimit.TestTokenExposure" name="test_browser_login_body_has_no_tokens" time="2.512" /><testcase classname="tests.test_hardening_cors_ratelimit.TestTokenExposure" name="test_browser_login_body_contains_no_jwt_at_all" time="30.437" /><testcase classname="tests.test_client_portal_isolation.TestClientDataIsolation" name="test_direct_case_access_is_blocked_both_ways" time="0.346" /><testcase classname="tests.test_client_portal_isolation.TestClientDataIsolation" name="test_direct_task_query_by_foreign_case_blocked" time="60.629" /><testcase classname="tests.test_hardening_cors_ratelimit.TestTokenExposure" name="test_browser_refresh_body_has_no_tokens" time="0.556" /><testcase classname="tests.test_hardening_cors_ratelimit.TestTokenExposure" name="test_api_client_still_receives_bearer_token" time="11.759" /><testcase classname="tests.test_hardening_cors_ratelimit.TestTokenExposure" name="test_browser_login_all_roles_no_token_exposed[client_a]" time="0.499" /><testcase classname="tests.test_hardening_cors_ratelimit.TestTokenExposure" name="test_browser_login_all_roles_no_token_exposed[acc_a]" time="0.431" /><testcase classname="tests.test_hardening_cors_ratelimit.TestTokenExposure" name="test_browser_login_all_roles_no_token_exposed[acc_b]" time="0.498" /><testcase classname="tests.test_hardening_cors_ratelimit.TestTokenExposure" name="test_browser_login_all_roles_no_token_exposed[acc_c]" time="0.544" /><testcase classname="tests.test_hardening_cors_ratelimit.TestTokenExposure" name="test_browser_login_all_roles_no_token_exposed[admin]" time="0.478" /><testcase classname="tests.test_hardening_cors_ratelimit.TestTokenExposure" name="test_browser_login_all_roles_no_token_exposed[super]" time="0.509" /><testcase classname="tests.test_hardening_cors_ratelimit.TestSessionHardening" name="test_access_token_is_short_lived" time="0.436" /><testcase classname="tests.test_hardening_cors_ratelimit.TestSessionHardening" name="test_login_sets_httponly_access_and_refresh_cookies" time="0.401" /><testcase classname="tests.test_hardening_cors_ratelimit.TestSessionHardening" name="test_refresh_issues_new_access_token" time="0.545" /><testcase classname="tests.test_hardening_cors_ratelimit.TestSessionHardening" name="test_refresh_token_rotation_revokes_the_old_one" time="0.641" /><testcase classname="tests.test_hardening_cors_ratelimit.TestSessionHardening" name="test_refresh_token_cannot_be_used_as_access_token" time="0.556" /><testcase classname="tests.test_hardening_cors_ratelimit.TestSessionHardening" name="test_logout_revokes_the_session" time="0.572" /><testcase classname="tests.test_hardening_cors_ratelimit.TestSessionHardening" name="test_expired_access_token_rejected" time="0.149" /><testcase classname="tests.test_hardening_cors_ratelimit.TestSessionHardening" name="test_no_password_hash_in_login_response" time="0.388" /><testcase classname="tests.test_hardening_cors_ratelimit.TestSessionHardening" name="test_frontend_does_not_store_token_in_localstorage" time="0.000" /><testcase classname="tests.test_zz_demo_portal_state.TestDemoPortalState" name="test_one_active_self_assessment_case" time="0.657" /><testcase classname="tests.test_zz_demo_portal_state.TestDemoPortalState" name="test_tax_year_is_2025_26" time="0.000" /><testcase classname="tests.test_zz_demo_portal_state.TestDemoPortalState" name="test_deadline_is_31_january_2027" time="0.134" /><testcase classname="tests.test_zz_demo_portal_state.TestDemoPortalState" name="test_service_record_tax_year_matches" time="0.164" /><testcase classname="tests.test_zz_demo_portal_state.TestDemoPortalState" name="test_no_duplicate_documents_or_tasks" time="0.320" /><testcase classname="tests.test_zz_demo_portal_state.TestDemoPortalState" name="test_documents_are_realistic_in_volume" time="0.171" /><testcase classname="tests.test_zz_demo_portal_state.TestDemoPortalState" name="test_notification_badge_is_reset" time="0.136" /><testcase classname="tests.test_zz_demo_portal_state.TestDemoPortalState" name="test_completed_history_is_clean" time="0.173" /><testcase classname="tests.test_zz_demo_portal_state.TestDemoPortalState" name="test_everything_still_scoped_to_this_client" time="0.549" /><testcase classname="tests.test_cross_role_qa.TestOversightAndPrivacy" name="test_admin_oversight_endpoints" time="3.797" /><testcase classname="tests.test_cross_role_qa.TestOversightAndPrivacy" name="test_super_admin_oversight_endpoints" time="0.462" /><testcase classname="tests.test_cross_role_qa.TestOversightAndPrivacy" name="test_admin_contact_masked_super_admin_not" time="1.473" /><testcase classname="tests.test_cross_role_qa.TestOversightAndPrivacy" name="test_super_admin_reveal_is_audited" time="0.781" /><testcase classname="tests.test_cross_role_qa.TestOversightAndPrivacy" name="test_accountant_never_receives_client_contact_or_secrets" time="0.147" /><testcase classname="tests.test_cross_role_qa.TestOversightAndPrivacy" name="test_internal_notes_never_reach_the_client" time="0.337" /><testcase classname="tests.test_cross_role_qa.TestOversightAndPrivacy" name="test_client_cannot_use_any_staff_action" time="1.021" /><testcase classname="tests.test_cross_role_qa.TestOversightAndPrivacy" name="test_accountant_cannot_use_admin_actions" time="0.432" /><testcase classname="tests.test_hardening_cors_ratelimit.TestCors" name="test_no_wildcard_origin_returned" time="0.002" /><testcase classname="tests.test_hardening_cors_ratelimit.TestCors" name="test_approved_origin_allowed" time="0.002" /><testcase classname="tests.test_hardening_cors_ratelimit.TestCors" name="test_unapproved_origin_rejected" time="0.001" /><testcase classname="tests.test_hardening_cors_ratelimit.TestCors" name="test_production_domains_are_allowed" time="0.003" /><testcase classname="tests.test_hardening_cors_ratelimit.TestCors" name="test_dev_origins_are_configured_separately" time="0.000" /><testcase classname="tests.test_hardening_cors_ratelimit.TestCors" name="test_dev_origin_still_allowed_for_testing" time="0.002" /><testcase classname="tests.test_hardening_cors_ratelimit.TestCors" name="test_env_has_no_wildcard" time="0.000" /><testcase classname="tests.test_hardening_cors_ratelimit.TestCors" name="test_startup_guard_rejects_wildcard_and_empty" time="0.082" /><testcase classname="tests.test_iteration7_audit.TestAccountantRBAC" name="test_accountant_forbidden[/api/users]" time="2.503" /><testcase classname="tests.test_iteration7_audit.TestAccountantRBAC" name="test_accountant_forbidden[/api/payments]" time="0.145" /><testcase classname="tests.test_iteration7_audit.TestAccountantRBAC" name="test_accountant_forbidden[/api/my-payments]" time="0.171" /><testcase classname="tests.test_client_portal_isolation.TestClientDataIsolation" name="test_direct_document_download_blocked" time="0.338" /><testcase classname="tests.test_iteration7_audit.TestAccountantRBAC" name="test_accountant_forbidden[/api/my-services]" time="0.124" /><testcase classname="tests.test_iteration7_audit.TestAccountantRBAC" name="test_accountant_forbidden[/api/overview]" time="0.153" /><testcase classname="tests.test_iteration7_audit.TestAccountantRBAC" name="test_accountant_forbidden[/api/recommendations]" time="0.150" /><testcase classname="tests.test_client_portal_isolation.TestClientDataIsolation" name="test_messages_blocked_across_clients" time="0.597" /><testcase classname="tests.test_iteration7_audit.TestAccountantRBAC" name="test_accountant_cannot_see_other_accountant_case" time="2.222" /><testcase classname="tests.test_client_portal_isolation.TestClientDataIsolation" name="test_payments_are_client_scoped" time="0.350" /><testcase classname="tests.test_client_portal_isolation.TestClientDataIsolation" name="test_services_are_client_scoped" time="0.379" /><testcase classname="tests.test_client_portal_isolation.TestClientDataIsolation" name="test_client_cannot_reach_staff_endpoints" time="1.107" /><testcase classname="tests.test_client_portal_isolation.TestClientDataIsolation" name="test_accountant_cannot_reach_unassigned_client_case" time="2.704" /><testcase classname="tests.test_iteration7_audit.TestAccountantRBAC" name="test_accountant_pii_scrub_on_case_detail" time="1.463" /><testcase classname="tests.test_iteration11_token_exposure_adversarial.TestBrowserDetectionAdversarial" name="test_origin_only" time="0.553" /><testcase classname="tests.test_iteration11_token_exposure_adversarial.TestBrowserDetectionAdversarial" name="test_sec_fetch_mode_only_no_origin" time="0.518" /><testcase classname="tests.test_client_portal_isolation.TestNoDuplicates" name="test_no_duplicate_documents" time="2.378" /><testcase classname="tests.test_client_portal_isolation.TestNoDuplicates" name="test_no_duplicate_tasks" time="0.369" /><testcase classname="tests.test_iteration11_token_exposure_adversarial.TestBrowserDetectionAdversarial" name="test_full_browser_headers" time="0.358" /><testcase classname="tests.test_iteration11_token_exposure_adversarial.TestBrowserDetectionAdversarial" name="test_referer_only_is_NOT_treated_as_browser" time="0.395" /><testcase classname="tests.test_client_portal_isolation.TestNoDuplicates" name="test_completed_history_has_no_duplicates" time="0.138" /><testcase classname="tests.test_client_portal_isolation.TestNoDuplicates" name="test_history_rows_are_well_formed" time="0.259" /><testcase classname="tests.test_iteration11_token_exposure_adversarial.TestBrowserDetectionAdversarial" name="test_pure_cli_still_gets_bearer_and_it_works" time="0.529" /><testcase classname="tests.test_client_portal_isolation.TestNoDuplicates" name="test_repeated_request_does_not_duplicate" time="1.860"><skipped type="pytest.skip" message="no in-flight case assigned to Accountant A">/app/backend/tests/test_client_portal_isolation.py:171: no in-flight case assigned to Accountant A</skipped></testcase><testcase classname="tests.test_iteration11_token_exposure_adversarial.TestBrowserDetectionAdversarial" name="test_browser_login_cookie_only_session_works" time="0.546" /><testcase classname="tests.test_iteration11_token_exposure_adversarial.TestBrowserDetectionAdversarial" name="test_browser_refresh_rotates_and_leaks_nothing" time="0.659" /><testcase classname="tests.test_client_portal_isolation.TestNoDuplicates" name="test_notification_badge_is_correct_and_scoped" time="1.465" /><testcase classname="tests.test_client_portal_isolation.TestNoDuplicates" name="test_repeated_notify_does_not_stack" time="0.135" /><testcase classname="tests.test_hardening_cors_ratelimit.TestAllRoleLogins" name="test_role_login_and_me[client_a]" time="0.817" /><testcase classname="tests.test_taxsimba_phase1.TestStatsAndAdmin" name="test_admin_stats_shape" time="2.941" /><testcase classname="tests.test_hardening_cors_ratelimit.TestAllRoleLogins" name="test_role_login_and_me[acc_a]" time="0.542" /><testcase classname="tests.test_taxsimba_phase1.TestStatsAndAdmin" name="test_accountant_stats_shape" time="0.164" /><testcase classname="tests.test_hardening_cors_ratelimit.TestAllRoleLogins" name="test_role_login_and_me[acc_b]" time="0.496" /><testcase classname="tests.test_taxsimba_phase1.TestStatsAndAdmin" name="test_client_cannot_hit_admin_stats" time="0.375" /><testcase classname="tests.test_taxsimba_phase1.TestStatsAndAdmin" name="test_notifications_and_mark_all_read" time="0.622" /><testcase classname="tests.test_hardening_cors_ratelimit.TestAllRoleLogins" name="test_role_login_and_me[acc_c]" time="0.566" /><testcase classname="tests.test_taxsimba_phase1.TestStatsAndAdmin" name="test_super_admin_creates_user" time="1.623" /><testcase classname="tests.test_hardening_cors_ratelimit.TestAllRoleLogins" name="test_role_login_and_me[admin]" time="0.903" /><testcase classname="tests.test_hardening_cors_ratelimit.TestAllRoleLogins" name="test_role_login_and_me[super]" time="0.668" /><testcase classname="tests.test_taxsimba_phase1.TestStatsAndAdmin" name="test_admin_cannot_create_user" time="0.375" /><testcase classname="tests.test_taxsimba_phase1.TestStatsAndAdmin" name="test_audit_log_and_workflow_settings" time="1.150" /><testcase classname="tests.test_taxsimba_phase2.TestNegativeSubmissionCompletion" name="test_record_submission_blocked_when_not_ready" time="4.146" /><testcase classname="tests.test_client_portal_isolation.TestProfile" name="test_profile_is_scoped_and_masks_utr" time="2.542" /><testcase classname="tests.test_client_portal_isolation.TestProfile" name="test_utr_reveal_is_own_data_only" time="0.144" /><testcase classname="tests.test_taxsimba_phase2.TestNegativeSubmissionCompletion" name="test_record_submission_blocked_awaiting_assignment" time="0.566" /><testcase classname="tests.test_client_portal_isolation.TestProfile" name="test_can_update_own_details" time="0.126" /><testcase classname="tests.test_client_portal_isolation.TestProfile" name="test_email_change_requires_verification" time="0.343" /><testcase classname="tests.test_client_portal_isolation.TestProfile" name="test_email_change_rejects_taken_address" time="0.130" /><testcase classname="tests.test_taxsimba_phase2.TestNegativeSubmissionCompletion" name="test_record_submission_missing_client_approval" time="1.782" /><testcase classname="tests.test_client_portal_isolation.TestSettings" name="test_notification_preferences_round_trip" time="0.479" /><testcase classname="tests.test_client_portal_isolation.TestSettings" name="test_change_password_rejects_wrong_current" time="0.380" /><testcase classname="tests.test_client_portal_isolation.TestSettings" name="test_change_password_enforces_length" time="0.429" /><testcase classname="tests.test_client_portal_isolation.TestSettings" name="test_data_and_closure_requests_are_controlled" time="0.605" /><testcase classname="tests.test_taxsimba_phase2.TestNegativeSubmissionCompletion" name="test_complete_blocked_unless_submitted" time="1.773" /><testcase classname="tests.test_client_portal_isolation.TestSettings" name="test_requests_are_deduplicated" time="0.381" /><testcase classname="tests.test_hardening_cors_ratelimit.TestLoginRateLimit" name="test_five_failures_then_429_with_retry_after" time="3.201" /><testcase classname="tests.test_hardening_cors_ratelimit.TestLoginRateLimit" name="test_lock_applies_even_to_correct_password" time="2.891" /><testcase classname="tests.test_taxsimba_phase2.TestNegativeSubmissionCompletion" name="test_accountant_cannot_record_submission" time="3.923" /><testcase classname="tests.test_taxsimba_phase2.TestNegativeSubmissionCompletion" name="test_accountant_cannot_complete" time="0.134" /><testcase classname="tests.test_hardening_cors_ratelimit.TestLoginRateLimit" name="test_other_account_unaffected_by_lock" time="3.812" /><testcase classname="tests.test_iteration8_verify.TestRecommendationGuards" name="test_duplicate_mtd_returns_409_and_no_second_row" time="4.138" /><testcase classname="tests.test_iteration8_verify.TestRecommendationGuards" name="test_duplicate_package_returns_409" time="2.614" /><testcase classname="tests.test_hardening_cors_ratelimit.TestLoginRateLimit" name="test_success_clears_counters" time="4.106" /><testcase classname="tests.test_iteration8_verify.TestRecommendationGuards" name="test_types_are_independent" time="2.511" /><testcase classname="tests.test_hardening_cors_ratelimit.TestLoginRateLimit" name="test_disabled_account_failure_is_not_counted" time="3.622" /><testcase classname="tests.test_iteration8_verify.TestRecommendationGuards" name="test_after_rejection_new_rec_allowed" time="2.792" /><testcase classname="tests.test_iteration8_verify.TestRecommendationGuards" name="test_after_approval_third_rec_still_blocked" time="3.110" /><testcase classname="tests.test_taxsimba_phase1b.TestLock" name="test_client_a_locked" time="2.708" /><testcase classname="tests.test_taxsimba_phase1b.TestLock" name="test_client_a_upgrade_blocked" time="0.139" /><testcase classname="tests.test_taxsimba_phase1b.TestLock" name="test_lock_settings_readable_admin" time="0.306" /><testcase classname="tests.test_taxsimba_phase1b.TestLock" name="test_lock_settings_admin_cannot_patch" time="0.119" /><testcase classname="tests.test_taxsimba_phase1b.TestLock" name="test_lock_settings_super_admin_patch" time="68.585" /><testcase classname="tests.test_taxsimba_phase1b.TestRecommendations" name="test_recommend_package_upgrade" time="72.585" /><testcase classname="tests.test_taxsimba_phase1b.TestRecommendations" name="test_recommend_package_downgrade_rejected" time="0.262"><skipped type="pytest.skip" message="a package recommendation is already pending on this case">/app/backend/tests/test_taxsimba_phase1b.py:220: a package recommendation is already pending on this case</skipped></testcase><testcase classname="tests.test_taxsimba_phase1b.TestRecommendations" name="test_recommend_mtd" time="0.197" /><testcase classname="tests.test_taxsimba_phase1b.TestRecommendations" name="test_accountant_403_on_admin_endpoints" time="0.921" /><testcase classname="tests.test_taxsimba_phase2.TestFullLifecycle" name="test_01_ready_for_submission" time="4.815" /><testcase classname="tests.test_taxsimba_phase2.TestFullLifecycle" name="test_02_record_submission_records_details" time="0.204" /><testcase classname="tests.test_taxsimba_phase1b.TestRecommendations" name="test_accountant_case_list_privacy" time="0.440" /><testcase classname="tests.test_taxsimba_phase2.TestFullLifecycle" name="test_03_get_submission_endpoint" time="0.224" /><testcase classname="tests.test_taxsimba_phase2.TestFullLifecycle" name="test_04_mark_completed" time="0.162" /><testcase classname="tests.test_taxsimba_phase2.TestFullLifecycle" name="test_05_completed_status_visible_all_roles" time="0.669" /><testcase classname="tests.test_client_portal_isolation.TestHelpCentre" name="test_faqs_and_categories_available" time="2.933" /><testcase classname="tests.test_client_portal_isolation.TestSubmissionStatusLogic" name="test_ready_for_submission_is_not_reported_as_submitted" time="3.453" /><testcase classname="tests.test_client_portal_isolation.TestSubmissionStatusLogic" name="test_journey_uses_hmrc_submission_stage" time="0.136" /><testcase classname="tests.test_client_portal_isolation.TestSubmissionStatusLogic" name="test_submitted_successfully_requires_a_record" time="0.000" /><testcase classname="tests.test_client_portal_isolation.TestSubmissionStatusLogic" name="test_journey_states_are_client_friendly" time="0.000" /><testcase classname="tests.test_client_portal_isolation.TestPackagesAndMtd" name="test_downgrade_still_blocked_server_side" time="0.164" /><testcase classname="tests.test_client_portal_isolation.TestHelpCentre" name="test_search_and_category_filter" time="0.296" /><testcase classname="tests.test_client_portal_isolation.TestPackagesAndMtd" name="test_payment_history_is_customer_facing" time="0.168" /><testcase classname="tests.test_client_portal_isolation.TestPackagesAndMtd" name="test_sa_only_client_sees_no_mtd_service_as_active" time="0.148" /><testcase classname="tests.test_client_portal_isolation.TestHelpCentre" name="test_admin_can_maintain_faq_without_code_change" time="1.499" /><testcase classname="tests.test_client_portal_isolation.TestPackagesAndMtd" name="test_no_unsolicited_mtd_offer" time="0.156" /><testcase classname="tests.test_hardening_cors_ratelimit.TestRateLimitPolicy" name="test_scope_thresholds" time="0.000" /><testcase classname="tests.test_hardening_cors_ratelimit.TestRateLimitPolicy" name="test_account_scope_locks_across_ips" time="0.031" /><testcase classname="tests.test_hardening_cors_ratelimit.TestRateLimitPolicy" name="test_exponential_backoff" time="0.029" /><testcase classname="tests.test_hardening_cors_ratelimit.TestRateLimitPolicy" name="test_xff_only_trusted_from_proxy_cidrs" time="0.003" /><testcase classname="tests.test_client_portal_isolation.TestHelpCentre" name="test_client_cannot_edit_faqs" time="0.374" /><testcase classname="tests.test_iteration9_final_lock.TestAdminContactMasking" name="test_admin_sees_masked_client_email_and_phone" time="2.925" /><testcase classname="tests.test_iteration9_final_lock.TestAdminContactMasking" name="test_superadmin_sees_full_contact" time="0.176" /><testcase classname="tests.test_iteration6_retest.TestNewClientBootstrap" name="test_admin_created_client_has_sa_active_mtd_not_active" time="1.534" /><testcase classname="tests.test_iteration6_retest.TestNewClientBootstrap" name="test_admin_created_client_elite_upgrade_100" time="0.134" /><testcase classname="tests.test_iteration9_final_lock.TestAdminContactMasking" name="test_admin_non_client_rows_not_masked" time="0.142" /><testcase classname="tests.test_iteration9_final_lock.TestAdminContactMasking" name="test_no_password_hash_ever_returned" time="0.385" /><testcase classname="tests.test_iteration9_final_lock.TestAuditedContactReveal" name="test_super_admin_reveal_returns_full_and_logs" time="0.536" /><testcase classname="tests.test_iteration6_retest.TestNewClientBootstrap" name="test_selfreg_client_has_sa_active_mtd_not_active" time="0.980" /><testcase classname="tests.test_iteration9_final_lock.TestAuditedContactReveal" name="test_blank_reason_rejected" time="0.823" /><testcase classname="tests.test_iteration6_retest.TestNewClientBootstrap" name="test_selfreg_client_elite_upgrade_100" time="0.217" /><testcase classname="tests.test_iteration9_final_lock.TestAuditedContactReveal" name="test_admin_and_accountant_cannot_reveal" time="0.692" /><testcase classname="tests.test_iteration9_final_lock.TestAuditedContactReveal" name="test_access_log_only_super_admin" time="0.452" /><testcase classname="tests.test_taxsimba_phase1b.TestMultiService" name="test_my_services_client_b" time="2.846" /><testcase classname="tests.test_taxsimba_phase1b.TestMultiService" name="test_admin_view_client_services" time="0.511" /><testcase classname="tests.test_taxsimba_phase1b.TestMultiService" name="test_accountant_cannot_read_client_services" time="0.405" /><testcase classname="tests.test_taxsimba_phase1b.TestMultiService" name="test_accountant_cannot_read_my_services" time="0.292" /><testcase classname="tests.test_taxsimba_phase1b_ux.TestScenarioA_SAOnlyClient" name="test_my_offers_empty" time="4.468" /><testcase classname="tests.test_taxsimba_phase1b_ux.TestScenarioA_SAOnlyClient" name="test_my_services_has_sa_only_active" time="0.167" /><testcase classname="tests.test_taxsimba_phase1b_ux.TestScenarioA_SAOnlyClient" name="test_my_actions_no_mtd" time="0.234" /><testcase classname="tests.test_taxsimba_phase1b_ux.TestScenarioA_SAOnlyClient" name="test_tasks_documents_no_mtd_filter" time="0.406" /><testcase classname="tests.test_client_portal_isolation.TestTaxYear" name="test_deadline_is_derived_not_hardcoded" time="0.000" /><testcase classname="tests.test_taxsimba_phase2.TestNoStageSkipping" name="test_submit_for_admin_review_from_assigned" time="4.149" /><testcase classname="tests.test_taxsimba_phase2.TestNoStageSkipping" name="test_admin_approve_when_no_review_submitted" time="1.461" /><testcase classname="tests.test_client_portal_isolation.TestTaxYear" name="test_documents_carry_the_tax_year" time="2.060" /><testcase classname="tests.test_client_portal_isolation.TestTaxYear" name="test_service_record_matches" time="0.140" /><testcase classname="tests.test_taxsimba_phase2.TestNoStageSkipping" name="test_client_approve_before_admin_approval" time="0.967" /><testcase classname="tests.test_client_portal_isolation.TestClientFacingLanguage" name="test_status_label_is_plain_english" time="0.930" /><testcase classname="tests.test_client_portal_isolation.TestClientFacingLanguage" name="test_every_status_has_a_plain_label" time="0.000" /><testcase classname="tests.test_client_portal_isolation.TestClientFacingLanguage" name="test_my_actions_text_has_no_enums" time="0.137" /><testcase classname="tests.test_iteration8_verify.TestPaymentReuse" name="test_upgrade_checkout_reuses_session" time="3.953" /><testcase classname="tests.test_iteration8_verify.TestPaymentReuse" name="test_offer_checkout_reuses_session" time="2.965" /><testcase classname="tests.test_taxsimba_phase2.TestNoStageSkipping" name="test_start_review_on_advanced_case" time="5.133" /><testcase classname="tests.test_iteration8_verify.TestPaymentReuse" name="test_status_polling_is_idempotent" time="4.081" /><testcase classname="tests.test_iteration7_audit.TestWorkflowStageSkip" name="test_skip_to_admin_review_from_assigned" time="5.113" /><testcase classname="tests.test_iteration7_audit.TestWorkflowStageSkip" name="test_client_approve_before_admin_approved" time="0.205" /><testcase classname="tests.test_iteration7_audit.TestWorkflowStageSkip" name="test_record_submission_before_ready" time="0.171" /><testcase classname="tests.test_iteration9_final_lock.TestMandatoryBlocksSubmissionOnly" name="test_mandatory_task_blocks_submission_but_not_client_dashboard" time="6.210" /><testcase classname="tests.test_taxsimba_phase1.TestAuth" name="test_login_all_roles" time="3.255" /><testcase classname="tests.test_taxsimba_phase1.TestAuth" name="test_login_invalid" time="0.581" /><testcase classname="tests.test_taxsimba_phase1.TestAuth" name="test_me_and_roles" time="0.842" /><testcase classname="tests.test_iteration9_final_lock.TestMandatoryBlocksSubmissionOnly" name="test_record_submission_blocked_by_open_mandatory_task" time="3.148" /><testcase classname="tests.test_taxsimba_phase1b.TestUpgradeOptions" name="test_client_b_upgrade_options" time="2.968" /><testcase classname="tests.test_taxsimba_phase1b.TestUpgradeOptions" name="test_downgrade_checkout_rejected" time="0.162" /><testcase classname="tests.test_taxsimba_phase1b.TestUpgradeOptions" name="test_equal_package_checkout_rejected" time="0.297" /><testcase classname="tests.test_taxsimba_phase1b.TestOverride" name="test_override_requires_reason" time="0.334" /><testcase classname="tests.test_taxsimba_phase1b.TestOverride" name="test_override_accountant_forbidden" time="0.334" /><testcase classname="tests.test_taxsimba_phase1b.TestOverride" name="test_override_success" time="0.957" /><testcase classname="tests.test_iteration9_final_lock.TestMandatoryBlocksSubmissionOnly" name="test_client_dashboard_never_blocked_by_missing_info" time="3.915" /><testcase classname="tests.test_taxsimba_phase1b_ux.TestScenarioE_AccountantPrivacy" name="test_cases_list_no_leak" time="2.932" /><testcase classname="tests.test_taxsimba_phase1b_ux.TestScenarioE_AccountantPrivacy" name="test_case_detail_no_leak" time="0.547" /><testcase classname="tests.test_taxsimba_phase1b_ux.TestScenarioE_AccountantPrivacy" name="test_accountant_forbidden_endpoints" time="1.702" /><testcase classname="tests.test_taxsimba_phase1b_ux.TestOverview" name="test_super_admin_can_read" time="0.704" /><testcase classname="tests.test_taxsimba_phase1b_ux.TestOverview" name="test_admin_forbidden" time="0.137" /><testcase classname="tests.test_taxsimba_phase1b_ux.TestOverview" name="test_accountant_forbidden" time="0.206" /><testcase classname="tests.test_taxsimba_phase1b.TestAdminOffer" name="test_send_mtd_offer_and_decline_workflow" time="5.232" /><testcase classname="tests.test_taxsimba_phase1b.TestAdminOffer" name="test_offer_checkout_session" time="0.856" /><testcase classname="tests.test_taxsimba_phase1b.TestAdminOffer" name="test_decline_recommendation" time="0.740" /><testcase classname="tests.test_hardening_cors_ratelimit.TestCookieSecurityControls" name="test_session_cookies_are_httponly_secure_and_samesite" time="0.371" /><testcase classname="tests.test_hardening_cors_ratelimit.TestCookieSecurityControls" name="test_cookie_controls_are_environment_configurable" time="0.000" /><testcase classname="tests.test_taxsimba_phase2.TestAuditTrail" name="test_activity_log_has_prev_new_status" time="7.828" /><testcase classname="tests.test_taxsimba_phase2.TestAuditTrail" name="test_admin_return_comments_captured" time="0.155" /><testcase classname="tests.test_taxsimba_phase2.TestAuditTrail" name="test_super_admin_audit_log" time="0.261" /><testcase classname="tests.test_iteration7_audit.TestDuplicateRecommendations" name="test_duplicate_mtd_recommendation_should_be_rejected" time="3.800" /><testcase classname="tests.test_iteration7_audit.TestDuplicateRecommendations" name="test_duplicate_package_recommendation_should_be_rejected" time="0.498" /><testcase classname="tests.test_iteration7_audit.TestPackageRules" name="test_downgrade_rejected" time="0.244" /><testcase classname="tests.test_iteration7_audit.TestPackageRules" name="test_equal_package_rejected" time="0.351" /><testcase classname="tests.test_iteration9_final_lock.TestRequestFromClientStageGuard" name="test_rejected_when_status_disallows_awaiting_client" time="6.332" /><testcase classname="tests.test_taxsimba_phase1b.TestPaymentsListing" name="test_admin_payments_list" time="3.316" /><testcase classname="tests.test_taxsimba_phase1b.TestPaymentsListing" name="test_client_my_payments" time="0.143" /><testcase classname="tests.test_iteration9_final_lock.TestRequestFromClientStageGuard" name="test_permitted_from_allowed_states" time="1.453" /><testcase classname="tests.test_taxsimba_phase1b_ux.TestMyActions" name="test_client_b_actions_shape" time="2.860" /><testcase classname="tests.test_taxsimba_phase1b_ux.TestMyActions" name="test_accountant_and_admin_forbidden" time="0.332" /><testcase classname="tests.test_cross_role_qa.TestDemoAccountsUntouched" name="test_demo_accounts_did_not_grow" time="0.010" /><testcase classname="tests.test_iteration11_token_exposure_adversarial.TestCookieAttributes" name="test_login_sets_httponly_secure_samesite_on_both_cookies" time="0.388" /><testcase classname="tests.test_iteration6_retest.TestSendOfferAlias" name="test_send_offer_sets_approved_and_second_call_400" time="3.965" /><testcase classname="tests.test_taxsimba_phase1b.TestPricing" name="test_super_admin_can_patch_price" time="3.688" /><testcase classname="tests.test_taxsimba_phase1b.TestPricing" name="test_admin_cannot_patch_price" time="0.312" /><testcase classname="tests.test_iteration6_retest.TestScenarioA_NoMTD" name="test_no_mtd_anywhere_for_sa_only_client" time="2.975" /><testcase classname="tests.test_iteration7_audit.TestDuplicatePayment" name="test_two_concurrent_upgrade_sessions_created" time="5.522" /><testcase classname="tests.test_iteration7_audit.TestDeactivatedUser" name="test_deactivated_token_rejected" time="1.993" /><testcase classname="tests.test_iteration7_audit.TestDocumentIDOR" name="test_client_cannot_download_other_client_document" time="6.051" /><testcase classname="tests.test_iteration9_final_lock.TestReassignmentPreservesData" name="test_reassign_a_to_b_preserves_history" time="6.629" /><testcase classname="tests.test_iteration9_final_lock.TestMultiAccountantIsolation" name="test_isolation_at_scale" time="20.895" /><testcase classname="tests.test_taxsimba_phase1b_ux.TestScenarioB_Reject" name="test_reject_keeps_client_silent" time="5.043" /><testcase classname="tests.test_taxsimba_phase1b_ux.TestScenarioC_Approve" name="test_approve_creates_offer_and_double_approve_400" time="1.771" /><testcase classname="tests.test_taxsimba_phase1b_ux.TestUnassignAndAssignments" name="test_unassign_and_history" time="0.478" /><testcase classname="tests.test_taxsimba_phase1b_ux.TestAdminFilters" name="test_cases_filter_by_service" time="3.308" /><testcase classname="tests.test_taxsimba_phase1b_ux.TestInternalNotesPrivacy" name="test_client_cannot_read_case_notes" time="0.146" /><testcase classname="tests.test_taxsimba_phase2.TestDeactivatedLogin" name="test_deactivate_and_reactivate" time="4.155" /><testcase classname="tests.test_taxsimba_phase1b.TestUpgradeCheckoutCreates" name="test_upgrade_checkout_creates_session" time="2.670" /><testcase classname="tests.test_taxsimba_phase2.TestClientCalcVisibility" name="test_client_sees_only_approved_versions" time="4.414" /><testcase classname="tests.test_taxsimba_phase1b_ux.TestReopen" name="test_reopen_requires_nonempty_reason" time="4.320" /></testsuite></testsuites>