<?xml version="1.0" encoding="utf-8"?><testsuites name="pytest tests"><testsuite name="pytest" errors="3" failures="2" skipped="3" tests="209" time="191.923" timestamp="2026-08-20T12:20:20.445160+00:00" hostname="agent-env-d0ee894f-c2b3-43e5-84e7-2334c36fc108"><testcase classname="tests.test_taxsimba_phase2.TestAccountantPrivacy" name="test_cases_list_no_leaks" time="4.357" /><testcase classname="tests.test_taxsimba_phase1.TestWorkflow" name="test_01_case_in_unassigned_bucket" time="3.940" /><testcase classname="tests.test_taxsimba_phase1.TestWorkflow" name="test_02_accountants_workload" time="0.124" /><testcase classname="tests.test_taxsimba_phase1.TestWorkflow" name="test_03_assign_to_accountant_a" time="0.301" /><testcase classname="tests.test_taxsimba_phase1.TestWorkflow" name="test_04_case_in_accountant_a_needs_action" time="0.439" /><testcase classname="tests.test_taxsimba_phase1.TestWorkflow" name="test_05_role_isolation_acc_b_cannot_access" time="0.249" /><testcase classname="tests.test_taxsimba_phase1.TestWorkflow" name="test_06_start_review" time="0.127" /><testcase classname="tests.test_taxsimba_phase1.TestWorkflow" name="test_07_request_from_client" time="0.459" /><testcase classname="tests.test_taxsimba_phase1.TestWorkflow" name="test_08_client_sees_task_and_notification" time="0.295" /><testcase classname="tests.test_taxsimba_phase1.TestWorkflow" name="test_09_client_uploads_file_completes_task_returns_to_accountant" time="0.397" /><testcase classname="tests.test_taxsimba_phase1.TestWorkflow" name="test_10_client_cannot_see_internal_document" time="0.548" /><testcase classname="tests.test_taxsimba_phase1.TestWorkflow" name="test_11_create_calc_v1" time="0.135" /><testcase classname="tests.test_taxsimba_phase2.TestAccountantPrivacy" name="test_case_detail_no_leaks" time="2.792" /><testcase classname="tests.test_taxsimba_phase1.TestWorkflow" name="test_12_submit_blocks_on_incomplete_checklist" time="0.138" /><testcase classname="tests.test_taxsimba_phase2.TestAccountantPrivacy" name="test_tasks_no_leaks" time="0.153" /><testcase classname="tests.test_taxsimba_phase1.TestWorkflow" name="test_13_submit_full_checklist" time="0.126" /><testcase classname="tests.test_taxsimba_phase1.TestWorkflow" name="test_14_client_cannot_see_unapproved_calc" time="0.143" /><testcase classname="tests.test_taxsimba_phase2.TestAccountantPrivacy" name="test_documents_no_leaks" time="0.165" /><testcase classname="tests.test_taxsimba_phase1.TestWorkflow" name="test_15_admin_return_for_changes" time="0.242" /><testcase classname="tests.test_taxsimba_phase2.TestAccountantPrivacy" name="test_messages_no_leaks" time="0.131" /><testcase classname="tests.test_taxsimba_phase2.TestAccountantPrivacy" name="test_activity_no_leaks" time="0.147" /><testcase classname="tests.test_taxsimba_phase1.TestWorkflow" name="test_16_v1_locked_and_v2" time="0.195" /><testcase classname="tests.test_taxsimba_phase2.TestAccountantPrivacy" name="test_notes_no_leaks" time="0.127" /><testcase classname="tests.test_taxsimba_phase1.TestWorkflow" name="test_17_resubmit_and_admin_approve" time="0.292" /><testcase classname="tests.test_taxsimba_phase2.TestAccountantPrivacy" name="test_calculations_no_leaks" time="0.199" /><testcase classname="tests.test_taxsimba_phase2.TestAccountantPrivacy" name="test_reviews_no_leaks" time="0.120" /><testcase classname="tests.test_taxsimba_phase1.TestWorkflow" name="test_18_client_sees_only_approved_v2" time="0.131" /><testcase classname="tests.test_taxsimba_phase2.TestAccountantPrivacy" name="test_submission_no_leaks" time="0.180" /><testcase classname="tests.test_taxsimba_phase1.TestWorkflow" name="test_19_client_approve_ready_for_submission" time="0.502" /><testcase classname="tests.test_taxsimba_phase2.TestAccountantPrivacy" name="test_notifications_no_leaks" time="0.155" /><testcase classname="tests.test_taxsimba_phase2.TestAccountantPrivacy" name="test_stats_no_leaks" time="0.148" /><testcase classname="tests.test_taxsimba_phase2.TestAccountantPrivacy" name="test_accountant_forbidden_users" time="0.158" /><testcase classname="tests.test_taxsimba_phase1.TestWorkflow" name="test_20_activity_timeline_populated" time="0.136" /><testcase classname="tests.test_taxsimba_phase2.TestAccountantPrivacy" name="test_accountant_forbidden_users_by_role" time="0.140" /><testcase classname="tests.test_hardening_cors_ratelimit.TestTokenExposure" name="test_browser_login_body_has_no_tokens" time="0.475" /><testcase classname="tests.test_taxsimba_phase2.TestAccountantPrivacy" name="test_accountant_forbidden_workload" time="0.334" /><testcase classname="tests.test_taxsimba_phase2.TestAccountantPrivacy" name="test_accountant_forbidden_audit_log" time="0.168" /><testcase classname="tests.test_hardening_cors_ratelimit.TestTokenExposure" name="test_browser_login_body_contains_no_jwt_at_all" time="0.329" /><testcase classname="tests.test_taxsimba_phase2.TestAccountantPrivacy" name="test_accountant_cannot_access_other_accountants_case" time="0.614" /><testcase classname="tests.test_hardening_cors_ratelimit.TestTokenExposure" name="test_browser_refresh_body_has_no_tokens" time="0.505" /><testcase classname="tests.test_hardening_cors_ratelimit.TestSessionHardening" name="test_access_token_is_short_lived" time="0.403" /><testcase classname="tests.test_hardening_cors_ratelimit.TestTokenExposure" name="test_api_client_still_receives_bearer_token" time="0.760" /><testcase classname="tests.test_hardening_cors_ratelimit.TestSessionHardening" name="test_login_sets_httponly_access_and_refresh_cookies" time="0.526" /><testcase classname="tests.test_hardening_cors_ratelimit.TestTokenExposure" name="test_browser_login_all_roles_no_token_exposed[client_a]" time="0.588" /><testcase classname="tests.test_hardening_cors_ratelimit.TestSessionHardening" name="test_refresh_issues_new_access_token" time="0.926" /><testcase classname="tests.test_hardening_cors_ratelimit.TestTokenExposure" name="test_browser_login_all_roles_no_token_exposed[acc_a]" time="0.445" /><testcase classname="tests.test_hardening_cors_ratelimit.TestSessionHardening" name="test_refresh_token_rotation_revokes_the_old_one" time="0.764" /><testcase classname="tests.test_hardening_cors_ratelimit.TestTokenExposure" name="test_browser_login_all_roles_no_token_exposed[acc_b]" time="0.582" /><testcase classname="tests.test_hardening_cors_ratelimit.TestTokenExposure" name="test_browser_login_all_roles_no_token_exposed[acc_c]" time="0.634" /><testcase classname="tests.test_hardening_cors_ratelimit.TestSessionHardening" name="test_refresh_token_cannot_be_used_as_access_token" time="0.640" /><testcase classname="tests.test_hardening_cors_ratelimit.TestTokenExposure" name="test_browser_login_all_roles_no_token_exposed[admin]" time="0.591" /><testcase classname="tests.test_hardening_cors_ratelimit.TestSessionHardening" name="test_logout_revokes_the_session" time="0.842" /><testcase classname="tests.test_hardening_cors_ratelimit.TestTokenExposure" name="test_browser_login_all_roles_no_token_exposed[super]" time="0.438" /><testcase classname="tests.test_hardening_cors_ratelimit.TestSessionHardening" name="test_expired_access_token_rejected" time="0.182" /><testcase classname="tests.test_hardening_cors_ratelimit.TestSessionHardening" name="test_no_password_hash_in_login_response" time="0.516" /><testcase classname="tests.test_hardening_cors_ratelimit.TestSessionHardening" name="test_frontend_does_not_store_token_in_localstorage" time="0.000" /><testcase classname="tests.test_iteration11_token_exposure_adversarial.TestBrowserDetectionAdversarial" name="test_origin_only" time="0.526" /><testcase classname="tests.test_iteration11_token_exposure_adversarial.TestBrowserDetectionAdversarial" name="test_sec_fetch_mode_only_no_origin" time="0.476" /><testcase classname="tests.test_iteration11_token_exposure_adversarial.TestBrowserDetectionAdversarial" name="test_full_browser_headers" time="0.330" /><testcase classname="tests.test_iteration11_token_exposure_adversarial.TestBrowserDetectionAdversarial" name="test_referer_only_is_NOT_treated_as_browser" time="0.536" /><testcase classname="tests.test_iteration11_token_exposure_adversarial.TestBrowserDetectionAdversarial" name="test_pure_cli_still_gets_bearer_and_it_works" time="0.751" /><testcase classname="tests.test_iteration7_audit.TestAccountantRBAC" name="test_accountant_forbidden[/api/users]" time="3.369" /><testcase classname="tests.test_iteration11_token_exposure_adversarial.TestBrowserDetectionAdversarial" name="test_browser_login_cookie_only_session_works" time="0.776" /><testcase classname="tests.test_iteration7_audit.TestAccountantRBAC" name="test_accountant_forbidden[/api/payments]" time="0.258" /><testcase classname="tests.test_iteration7_audit.TestAccountantRBAC" name="test_accountant_forbidden[/api/my-payments]" time="0.137" /><testcase classname="tests.test_iteration7_audit.TestAccountantRBAC" name="test_accountant_forbidden[/api/my-services]" time="0.158" /><testcase classname="tests.test_iteration7_audit.TestAccountantRBAC" name="test_accountant_forbidden[/api/overview]" time="0.109" /><testcase classname="tests.test_iteration11_token_exposure_adversarial.TestBrowserDetectionAdversarial" name="test_browser_refresh_rotates_and_leaks_nothing" time="0.538" /><testcase classname="tests.test_iteration7_audit.TestAccountantRBAC" name="test_accountant_forbidden[/api/recommendations]" time="0.343" /><testcase classname="tests.test_iteration7_audit.TestAccountantRBAC" name="test_accountant_cannot_see_other_accountant_case" time="2.525" /><testcase classname="tests.test_taxsimba_phase1.TestStatsAndAdmin" name="test_admin_stats_shape" time="2.533" /><testcase classname="tests.test_taxsimba_phase1.TestStatsAndAdmin" name="test_accountant_stats_shape" time="0.231" /><testcase classname="tests.test_taxsimba_phase1.TestStatsAndAdmin" name="test_client_cannot_hit_admin_stats" time="0.116" /><testcase classname="tests.test_taxsimba_phase1.TestStatsAndAdmin" name="test_notifications_and_mark_all_read" time="0.533" /><testcase classname="tests.test_taxsimba_phase1.TestStatsAndAdmin" name="test_super_admin_creates_user" time="1.307" /><testcase classname="tests.test_iteration7_audit.TestAccountantRBAC" name="test_accountant_pii_scrub_on_case_detail" time="1.789" /><testcase classname="tests.test_hardening_cors_ratelimit.TestAllRoleLogins" name="test_role_login_and_me[client_a]" time="0.605" /><testcase classname="tests.test_taxsimba_phase1.TestStatsAndAdmin" name="test_admin_cannot_create_user" time="0.146" /><testcase classname="tests.test_hardening_cors_ratelimit.TestAllRoleLogins" name="test_role_login_and_me[acc_a]" time="0.584" /><testcase classname="tests.test_taxsimba_phase1.TestStatsAndAdmin" name="test_audit_log_and_workflow_settings" time="0.495" /><testcase classname="tests.test_hardening_cors_ratelimit.TestAllRoleLogins" name="test_role_login_and_me[acc_b]" time="0.595" /><testcase classname="tests.test_hardening_cors_ratelimit.TestAllRoleLogins" name="test_role_login_and_me[acc_c]" time="0.923" /><testcase classname="tests.test_hardening_cors_ratelimit.TestAllRoleLogins" name="test_role_login_and_me[admin]" time="0.612" /><testcase classname="tests.test_hardening_cors_ratelimit.TestAllRoleLogins" name="test_role_login_and_me[super]" time="0.874" /><testcase classname="tests.test_hardening_cors_ratelimit.TestCors" name="test_no_wildcard_origin_returned" time="0.002" /><testcase classname="tests.test_taxsimba_phase2.TestNegativeSubmissionCompletion" name="test_record_submission_blocked_when_not_ready" time="4.188" /><testcase classname="tests.test_hardening_cors_ratelimit.TestCors" name="test_approved_origin_allowed" time="0.002" /><testcase classname="tests.test_hardening_cors_ratelimit.TestCors" name="test_unapproved_origin_rejected" time="0.001" /><testcase classname="tests.test_hardening_cors_ratelimit.TestCors" name="test_env_has_no_wildcard" time="0.000" /><testcase classname="tests.test_hardening_cors_ratelimit.TestCors" name="test_startup_guard_rejects_wildcard_and_empty" time="0.308" /><testcase classname="tests.test_hardening_cors_ratelimit.TestLoginRateLimit" name="test_five_failures_then_429_with_retry_after" time="2.823" /><testcase classname="tests.test_taxsimba_phase2.TestNegativeSubmissionCompletion" name="test_record_submission_blocked_awaiting_assignment" time="1.124" /><testcase classname="tests.test_taxsimba_phase2.TestNegativeSubmissionCompletion" name="test_record_submission_missing_client_approval" time="2.362" /><testcase classname="tests.test_hardening_cors_ratelimit.TestLoginRateLimit" name="test_lock_applies_even_to_correct_password" time="2.313" /><testcase classname="tests.test_taxsimba_phase2.TestNegativeSubmissionCompletion" name="test_complete_blocked_unless_submitted" time="1.963" /><testcase classname="tests.test_hardening_cors_ratelimit.TestLoginRateLimit" name="test_other_account_unaffected_by_lock" time="2.962" /><testcase classname="tests.test_hardening_cors_ratelimit.TestLoginRateLimit" name="test_success_clears_counters" time="7.226" /><testcase classname="tests.test_taxsimba_phase2.TestNegativeSubmissionCompletion" name="test_accountant_cannot_record_submission" time="3.893" /><testcase classname="tests.test_taxsimba_phase2.TestNegativeSubmissionCompletion" name="test_accountant_cannot_complete" time="3.200" /><testcase classname="tests.test_iteration8_verify.TestRecommendationGuards" name="test_duplicate_mtd_returns_409_and_no_second_row" time="4.517" /><testcase classname="tests.test_hardening_cors_ratelimit.TestLoginRateLimit" name="test_disabled_account_failure_is_not_counted" time="4.845" /><testcase classname="tests.test_iteration8_verify.TestRecommendationGuards" name="test_duplicate_package_returns_409" time="2.176" /><testcase classname="tests.test_iteration8_verify.TestRecommendationGuards" name="test_types_are_independent" time="8.202" /><testcase classname="tests.test_iteration8_verify.TestRecommendationGuards" name="test_after_rejection_new_rec_allowed" time="2.227" /><testcase classname="tests.test_taxsimba_phase1b.TestLock" name="test_client_a_locked" time="9.876" /><testcase classname="tests.test_taxsimba_phase1b.TestLock" name="test_client_a_upgrade_blocked" time="0.182" /><testcase classname="tests.test_taxsimba_phase1b.TestLock" name="test_lock_settings_readable_admin" time="0.129" /><testcase classname="tests.test_taxsimba_phase1b.TestLock" name="test_lock_settings_admin_cannot_patch" time="0.121" /><testcase classname="tests.test_taxsimba_phase1b.TestLock" name="test_lock_settings_super_admin_patch" time="0.453" /><testcase classname="tests.test_iteration8_verify.TestRecommendationGuards" name="test_after_approval_third_rec_still_blocked" time="2.142" /><testcase classname="tests.test_taxsimba_phase1b.TestRecommendations" name="test_recommend_package_upgrade" time="3.356"><skipped type="pytest.skip" message="Client already on highest package (ELITE)">/app/backend/tests/test_taxsimba_phase1b.py:189: Client already on highest package (ELITE)</skipped></testcase><testcase classname="tests.test_taxsimba_phase1b.TestRecommendations" name="test_recommend_package_downgrade_rejected" time="0.310" /><testcase classname="tests.test_taxsimba_phase1b.TestRecommendations" name="test_recommend_mtd" time="0.133" /><testcase classname="tests.test_taxsimba_phase1b.TestRecommendations" name="test_accountant_403_on_admin_endpoints" time="0.753" /><testcase classname="tests.test_taxsimba_phase2.TestFullLifecycle" name="test_01_ready_for_submission" time="5.997" /><testcase classname="tests.test_taxsimba_phase2.TestFullLifecycle" name="test_02_record_submission_records_details" time="0.136" /><testcase classname="tests.test_taxsimba_phase2.TestFullLifecycle" name="test_03_get_submission_endpoint" time="0.108" /><testcase classname="tests.test_taxsimba_phase2.TestFullLifecycle" name="test_04_mark_completed" time="0.148" /><testcase classname="tests.test_taxsimba_phase1b.TestRecommendations" name="test_accountant_case_list_privacy" time="0.118" /><testcase classname="tests.test_taxsimba_phase2.TestFullLifecycle" name="test_05_completed_status_visible_all_roles" time="0.514" /><testcase classname="tests.test_hardening_cors_ratelimit.TestRateLimitPolicy" name="test_scope_thresholds" time="0.249" /><testcase classname="tests.test_hardening_cors_ratelimit.TestRateLimitPolicy" name="test_account_scope_locks_across_ips" time="0.049" /><testcase classname="tests.test_hardening_cors_ratelimit.TestRateLimitPolicy" name="test_exponential_backoff" time="0.056" /><testcase classname="tests.test_hardening_cors_ratelimit.TestRateLimitPolicy" name="test_xff_only_trusted_from_proxy_cidrs" time="0.003" /><testcase classname="tests.test_iteration6_retest.TestNewClientBootstrap" name="test_admin_created_client_has_sa_active_mtd_not_active" time="2.014" /><testcase classname="tests.test_iteration6_retest.TestNewClientBootstrap" name="test_admin_created_client_elite_upgrade_100" time="0.103" /><testcase classname="tests.test_iteration9_final_lock.TestAdminContactMasking" name="test_admin_sees_masked_client_email_and_phone" time="3.100" /><testcase classname="tests.test_iteration9_final_lock.TestAdminContactMasking" name="test_superadmin_sees_full_contact" time="0.159" /><testcase classname="tests.test_iteration6_retest.TestNewClientBootstrap" name="test_selfreg_client_has_sa_active_mtd_not_active" time="1.086" /><testcase classname="tests.test_iteration9_final_lock.TestAdminContactMasking" name="test_admin_non_client_rows_not_masked" time="0.112" /><testcase classname="tests.test_iteration6_retest.TestNewClientBootstrap" name="test_selfreg_client_elite_upgrade_100" time="0.165" /><testcase classname="tests.test_iteration9_final_lock.TestAdminContactMasking" name="test_no_password_hash_ever_returned" time="0.425" /><testcase classname="tests.test_iteration9_final_lock.TestAuditedContactReveal" name="test_super_admin_reveal_returns_full_and_logs" time="11.359" /><testcase classname="tests.test_taxsimba_phase1b.TestMultiService" name="test_my_services_client_b" time="14.285" /><testcase classname="tests.test_iteration9_final_lock.TestAuditedContactReveal" name="test_blank_reason_rejected" time="36.551" /><testcase classname="tests.test_taxsimba_phase1b.TestMultiService" name="test_admin_view_client_services" time="0.245" /><testcase classname="tests.test_taxsimba_phase1b.TestMultiService" name="test_accountant_cannot_read_client_services" time="5.414" /><testcase classname="tests.test_taxsimba_phase1b.TestMultiService" name="test_accountant_cannot_read_my_services" time="20.636" /><testcase classname="tests.test_taxsimba_phase1b_ux.TestScenarioA_SAOnlyClient" name="test_my_offers_empty" time="3.158" /><testcase classname="tests.test_taxsimba_phase1b_ux.TestScenarioA_SAOnlyClient" name="test_my_services_has_sa_only_active" time="0.138" /><testcase classname="tests.test_taxsimba_phase1b_ux.TestScenarioA_SAOnlyClient" name="test_my_actions_no_mtd" time="0.111" /><testcase classname="tests.test_taxsimba_phase1b_ux.TestScenarioA_SAOnlyClient" name="test_tasks_documents_no_mtd_filter" time="0.255" /><testcase classname="tests.test_taxsimba_phase2.TestNoStageSkipping" name="test_submit_for_admin_review_from_assigned" time="2.960" /><testcase classname="tests.test_taxsimba_phase2.TestNoStageSkipping" name="test_admin_approve_when_no_review_submitted" time="1.062" /><testcase classname="tests.test_iteration9_final_lock.TestAuditedContactReveal" name="test_admin_and_accountant_cannot_reveal" time="0.359" /><testcase classname="tests.test_iteration9_final_lock.TestAuditedContactReveal" name="test_access_log_only_super_admin" time="0.272" /><testcase classname="tests.test_taxsimba_phase2.TestNoStageSkipping" name="test_client_approve_before_admin_approval" time="1.037"><failure message="requests.exceptions.ConnectionError: ('Connection aborted.', ConnectionResetError(104, 'Connection reset by peer'))">/root/.venv/lib/python3.11/site-packages/urllib3/connectionpool.py:788: in urlopen
    response = self._make_request(
/root/.venv/lib/python3.11/site-packages/urllib3/connectionpool.py:488: in _make_request
    raise new_e
/root/.venv/lib/python3.11/site-packages/urllib3/connectionpool.py:464: in _make_request
    self._validate_conn(conn)
/root/.venv/lib/python3.11/site-packages/urllib3/connectionpool.py:1106: in _validate_conn
    conn.connect()
/root/.venv/lib/python3.11/site-packages/urllib3/connection.py:796: in connect
    sock_and_verified = _ssl_wrap_socket_and_match_hostname(
/root/.venv/lib/python3.11/site-packages/urllib3/connection.py:975: in _ssl_wrap_socket_and_match_hostname
    ssl_sock = ssl_wrap_socket(
/root/.venv/lib/python3.11/site-packages/urllib3/util/ssl_.py:433: in ssl_wrap_socket
    ssl_sock = _ssl_wrap_socket_impl(sock, context, tls_in_tls, server_hostname)
               ^^^^^^^^^^^^^^^^^^^^^^^^^^^^^^^^^^^^^^^^^^^^^^^^^^^^^^^^^^^^^^^^^
/root/.venv/lib/python3.11/site-packages/urllib3/util/ssl_.py:477: in _ssl_wrap_socket_impl
    return ssl_context.wrap_socket(sock, server_hostname=server_hostname)
           ^^^^^^^^^^^^^^^^^^^^^^^^^^^^^^^^^^^^^^^^^^^^^^^^^^^^^^^^^^^^^^
/usr/local/lib/python3.11/ssl.py:517: in wrap_socket
    return self.sslsocket_class._create(
/usr/local/lib/python3.11/ssl.py:1104: in _create
    self.do_handshake()
/usr/local/lib/python3.11/ssl.py:1382: in do_handshake
    self._sslobj.do_handshake()
E   ConnectionResetError: [Errno 104] Connection reset by peer

During handling of the above exception, another exception occurred:
/root/.venv/lib/python3.11/site-packages/requests/adapters.py:696: in send
    resp = conn.urlopen(
/root/.venv/lib/python3.11/site-packages/urllib3/connectionpool.py:842: in urlopen
    retries = retries.increment(
/root/.venv/lib/python3.11/site-packages/urllib3/util/retry.py:498: in increment
    raise reraise(type(error), error, _stacktrace)
          ^^^^^^^^^^^^^^^^^^^^^^^^^^^^^^^^^^^^^^^^
/root/.venv/lib/python3.11/site-packages/urllib3/util/util.py:38: in reraise
    raise value.with_traceback(tb)
/root/.venv/lib/python3.11/site-packages/urllib3/connectionpool.py:788: in urlopen
    response = self._make_request(
/root/.venv/lib/python3.11/site-packages/urllib3/connectionpool.py:488: in _make_request
    raise new_e
/root/.venv/lib/python3.11/site-packages/urllib3/connectionpool.py:464: in _make_request
    self._validate_conn(conn)
/root/.venv/lib/python3.11/site-packages/urllib3/connectionpool.py:1106: in _validate_conn
    conn.connect()
/root/.venv/lib/python3.11/site-packages/urllib3/connection.py:796: in connect
    sock_and_verified = _ssl_wrap_socket_and_match_hostname(
/root/.venv/lib/python3.11/site-packages/urllib3/connection.py:975: in _ssl_wrap_socket_and_match_hostname
    ssl_sock = ssl_wrap_socket(
/root/.venv/lib/python3.11/site-packages/urllib3/util/ssl_.py:433: in ssl_wrap_socket
    ssl_sock = _ssl_wrap_socket_impl(sock, context, tls_in_tls, server_hostname)
               ^^^^^^^^^^^^^^^^^^^^^^^^^^^^^^^^^^^^^^^^^^^^^^^^^^^^^^^^^^^^^^^^^
/root/.venv/lib/python3.11/site-packages/urllib3/util/ssl_.py:477: in _ssl_wrap_socket_impl
    return ssl_context.wrap_socket(sock, server_hostname=server_hostname)
           ^^^^^^^^^^^^^^^^^^^^^^^^^^^^^^^^^^^^^^^^^^^^^^^^^^^^^^^^^^^^^^
/usr/local/lib/python3.11/ssl.py:517: in wrap_socket
    return self.sslsocket_class._create(
/usr/local/lib/python3.11/ssl.py:1104: in _create
    self.do_handshake()
/usr/local/lib/python3.11/ssl.py:1382: in do_handshake
    self._sslobj.do_handshake()
E   urllib3.exceptions.ProtocolError: ('Connection aborted.', ConnectionResetError(104, 'Connection reset by peer'))

During handling of the above exception, another exception occurred:
backend/tests/test_taxsimba_phase2.py:340: in test_client_approve_before_admin_approval
    requests.post(f"{API}/cases/{cid}/assign",
/root/.venv/lib/python3.11/site-packages/requests/api.py:134: in post
    return request("post", url, data=data, json=json, **kwargs)
           ^^^^^^^^^^^^^^^^^^^^^^^^^^^^^^^^^^^^^^^^^^^^^^^^^^^^
/root/.venv/lib/python3.11/site-packages/requests/api.py:71: in request
    return session.request(method=method, url=url, **kwargs)
           ^^^^^^^^^^^^^^^^^^^^^^^^^^^^^^^^^^^^^^^^^^^^^^^^^
/root/.venv/lib/python3.11/site-packages/requests/sessions.py:651: in request
    resp = self.send(prep, **send_kwargs)
           ^^^^^^^^^^^^^^^^^^^^^^^^^^^^^^
/root/.venv/lib/python3.11/site-packages/requests/sessions.py:784: in send
    r = adapter.send(request, **kwargs)
        ^^^^^^^^^^^^^^^^^^^^^^^^^^^^^^^
/root/.venv/lib/python3.11/site-packages/requests/adapters.py:711: in send
    raise ConnectionError(err, request=request)
E   requests.exceptions.ConnectionError: ('Connection aborted.', ConnectionResetError(104, 'Connection reset by peer'))</failure></testcase><testcase classname="tests.test_iteration7_audit.TestWorkflowStageSkip" name="test_skip_to_admin_review_from_assigned" time="1.114"><error message="failed on setup with &quot;requests.exceptions.ConnectionError: ('Connection aborted.', ConnectionResetError(104, 'Connection reset by peer'))&quot;">/usr/local/lib/python3.11/ssl.py:1055: in _create
    self.getpeername()
E   OSError: [Errno 107] Transport endpoint is not connected

During handling of the above exception, another exception occurred:
/root/.venv/lib/python3.11/site-packages/urllib3/connectionpool.py:788: in urlopen
    response = self._make_request(
/root/.venv/lib/python3.11/site-packages/urllib3/connectionpool.py:488: in _make_request
    raise new_e
/root/.venv/lib/python3.11/site-packages/urllib3/connectionpool.py:464: in _make_request
    self._validate_conn(conn)
/root/.venv/lib/python3.11/site-packages/urllib3/connectionpool.py:1106: in _validate_conn
    conn.connect()
/root/.venv/lib/python3.11/site-packages/urllib3/connection.py:796: in connect
    sock_and_verified = _ssl_wrap_socket_and_match_hostname(
/root/.venv/lib/python3.11/site-packages/urllib3/connection.py:975: in _ssl_wrap_socket_and_match_hostname
    ssl_sock = ssl_wrap_socket(
/root/.venv/lib/python3.11/site-packages/urllib3/util/ssl_.py:433: in ssl_wrap_socket
    ssl_sock = _ssl_wrap_socket_impl(sock, context, tls_in_tls, server_hostname)
               ^^^^^^^^^^^^^^^^^^^^^^^^^^^^^^^^^^^^^^^^^^^^^^^^^^^^^^^^^^^^^^^^^
/root/.venv/lib/python3.11/site-packages/urllib3/util/ssl_.py:477: in _ssl_wrap_socket_impl
    return ssl_context.wrap_socket(sock, server_hostname=server_hostname)
           ^^^^^^^^^^^^^^^^^^^^^^^^^^^^^^^^^^^^^^^^^^^^^^^^^^^^^^^^^^^^^^
/usr/local/lib/python3.11/ssl.py:517: in wrap_socket
    return self.sslsocket_class._create(
/usr/local/lib/python3.11/ssl.py:1067: in _create
    notconn_pre_handshake_data = self.recv(1)
                                 ^^^^^^^^^^^^
/usr/local/lib/python3.11/ssl.py:1297: in recv
    return super().recv(buflen, flags)
           ^^^^^^^^^^^^^^^^^^^^^^^^^^^
E   ConnectionResetError: [Errno 104] Connection reset by peer

During handling of the above exception, another exception occurred:
/root/.venv/lib/python3.11/site-packages/requests/adapters.py:696: in send
    resp = conn.urlopen(
/root/.venv/lib/python3.11/site-packages/urllib3/connectionpool.py:842: in urlopen
    retries = retries.increment(
/root/.venv/lib/python3.11/site-packages/urllib3/util/retry.py:498: in increment
    raise reraise(type(error), error, _stacktrace)
          ^^^^^^^^^^^^^^^^^^^^^^^^^^^^^^^^^^^^^^^^
/root/.venv/lib/python3.11/site-packages/urllib3/util/util.py:38: in reraise
    raise value.with_traceback(tb)
/root/.venv/lib/python3.11/site-packages/urllib3/connectionpool.py:788: in urlopen
    response = self._make_request(
/root/.venv/lib/python3.11/site-packages/urllib3/connectionpool.py:488: in _make_request
    raise new_e
/root/.venv/lib/python3.11/site-packages/urllib3/connectionpool.py:464: in _make_request
    self._validate_conn(conn)
/root/.venv/lib/python3.11/site-packages/urllib3/connectionpool.py:1106: in _validate_conn
    conn.connect()
/root/.venv/lib/python3.11/site-packages/urllib3/connection.py:796: in connect
    sock_and_verified = _ssl_wrap_socket_and_match_hostname(
/root/.venv/lib/python3.11/site-packages/urllib3/connection.py:975: in _ssl_wrap_socket_and_match_hostname
    ssl_sock = ssl_wrap_socket(
/root/.venv/lib/python3.11/site-packages/urllib3/util/ssl_.py:433: in ssl_wrap_socket
    ssl_sock = _ssl_wrap_socket_impl(sock, context, tls_in_tls, server_hostname)
               ^^^^^^^^^^^^^^^^^^^^^^^^^^^^^^^^^^^^^^^^^^^^^^^^^^^^^^^^^^^^^^^^^
/root/.venv/lib/python3.11/site-packages/urllib3/util/ssl_.py:477: in _ssl_wrap_socket_impl
    return ssl_context.wrap_socket(sock, server_hostname=server_hostname)
           ^^^^^^^^^^^^^^^^^^^^^^^^^^^^^^^^^^^^^^^^^^^^^^^^^^^^^^^^^^^^^^
/usr/local/lib/python3.11/ssl.py:517: in wrap_socket
    return self.sslsocket_class._create(
/usr/local/lib/python3.11/ssl.py:1067: in _create
    notconn_pre_handshake_data = self.recv(1)
                                 ^^^^^^^^^^^^
/usr/local/lib/python3.11/ssl.py:1297: in recv
    return super().recv(buflen, flags)
           ^^^^^^^^^^^^^^^^^^^^^^^^^^^
E   urllib3.exceptions.ProtocolError: ('Connection aborted.', ConnectionResetError(104, 'Connection reset by peer'))

During handling of the above exception, another exception occurred:
backend/tests/test_iteration7_audit.py:42: in tokens
    "accb": _login("accountant.b@taxsimba.co.uk", "Account@123"),
            ^^^^^^^^^^^^^^^^^^^^^^^^^^^^^^^^^^^^^^^^^^^^^^^^^^^^
backend/tests/test_iteration7_audit.py:27: in _login
    r = requests.post(f"{BASE}/api/auth/login", json={"email": email, "password": pw})
        ^^^^^^^^^^^^^^^^^^^^^^^^^^^^^^^^^^^^^^^^^^^^^^^^^^^^^^^^^^^^^^^^^^^^^^^^^^^^^^
/root/.venv/lib/python3.11/site-packages/requests/api.py:134: in post
    return request("post", url, data=data, json=json, **kwargs)
           ^^^^^^^^^^^^^^^^^^^^^^^^^^^^^^^^^^^^^^^^^^^^^^^^^^^^
/root/.venv/lib/python3.11/site-packages/requests/api.py:71: in request
    return session.request(method=method, url=url, **kwargs)
           ^^^^^^^^^^^^^^^^^^^^^^^^^^^^^^^^^^^^^^^^^^^^^^^^^
/root/.venv/lib/python3.11/site-packages/requests/sessions.py:651: in request
    resp = self.send(prep, **send_kwargs)
           ^^^^^^^^^^^^^^^^^^^^^^^^^^^^^^
/root/.venv/lib/python3.11/site-packages/requests/sessions.py:784: in send
    r = adapter.send(request, **kwargs)
        ^^^^^^^^^^^^^^^^^^^^^^^^^^^^^^^
/root/.venv/lib/python3.11/site-packages/requests/adapters.py:711: in send
    raise ConnectionError(err, request=request)
E   requests.exceptions.ConnectionError: ('Connection aborted.', ConnectionResetError(104, 'Connection reset by peer'))</error></testcase><testcase classname="tests.test_iteration7_audit.TestWorkflowStageSkip" name="test_client_approve_before_admin_approved" time="0.000"><error message="failed on setup with &quot;requests.exceptions.ConnectionError: ('Connection aborted.', ConnectionResetError(104, 'Connection reset by peer'))&quot;">/usr/local/lib/python3.11/ssl.py:1055: in _create
    self.getpeername()
E   OSError: [Errno 107] Transport endpoint is not connected

During handling of the above exception, another exception occurred:
/root/.venv/lib/python3.11/site-packages/urllib3/connectionpool.py:788: in urlopen
    response = self._make_request(
/root/.venv/lib/python3.11/site-packages/urllib3/connectionpool.py:488: in _make_request
    raise new_e
/root/.venv/lib/python3.11/site-packages/urllib3/connectionpool.py:464: in _make_request
    self._validate_conn(conn)
/root/.venv/lib/python3.11/site-packages/urllib3/connectionpool.py:1106: in _validate_conn
    conn.connect()
/root/.venv/lib/python3.11/site-packages/urllib3/connection.py:796: in connect
    sock_and_verified = _ssl_wrap_socket_and_match_hostname(
/root/.venv/lib/python3.11/site-packages/urllib3/connection.py:975: in _ssl_wrap_socket_and_match_hostname
    ssl_sock = ssl_wrap_socket(
/root/.venv/lib/python3.11/site-packages/urllib3/util/ssl_.py:433: in ssl_wrap_socket
    ssl_sock = _ssl_wrap_socket_impl(sock, context, tls_in_tls, server_hostname)
               ^^^^^^^^^^^^^^^^^^^^^^^^^^^^^^^^^^^^^^^^^^^^^^^^^^^^^^^^^^^^^^^^^
/root/.venv/lib/python3.11/site-packages/urllib3/util/ssl_.py:477: in _ssl_wrap_socket_impl
    return ssl_context.wrap_socket(sock, server_hostname=server_hostname)
           ^^^^^^^^^^^^^^^^^^^^^^^^^^^^^^^^^^^^^^^^^^^^^^^^^^^^^^^^^^^^^^
/usr/local/lib/python3.11/ssl.py:517: in wrap_socket
    return self.sslsocket_class._create(
/usr/local/lib/python3.11/ssl.py:1067: in _create
    notconn_pre_handshake_data = self.recv(1)
                                 ^^^^^^^^^^^^
/usr/local/lib/python3.11/ssl.py:1297: in recv
    return super().recv(buflen, flags)
           ^^^^^^^^^^^^^^^^^^^^^^^^^^^
E   ConnectionResetError: [Errno 104] Connection reset by peer

During handling of the above exception, another exception occurred:
/root/.venv/lib/python3.11/site-packages/requests/adapters.py:696: in send
    resp = conn.urlopen(
/root/.venv/lib/python3.11/site-packages/urllib3/connectionpool.py:842: in urlopen
    retries = retries.increment(
/root/.venv/lib/python3.11/site-packages/urllib3/util/retry.py:498: in increment
    raise reraise(type(error), error, _stacktrace)
          ^^^^^^^^^^^^^^^^^^^^^^^^^^^^^^^^^^^^^^^^
/root/.venv/lib/python3.11/site-packages/urllib3/util/util.py:38: in reraise
    raise value.with_traceback(tb)
/root/.venv/lib/python3.11/site-packages/urllib3/connectionpool.py:788: in urlopen
    response = self._make_request(
/root/.venv/lib/python3.11/site-packages/urllib3/connectionpool.py:488: in _make_request
    raise new_e
/root/.venv/lib/python3.11/site-packages/urllib3/connectionpool.py:464: in _make_request
    self._validate_conn(conn)
/root/.venv/lib/python3.11/site-packages/urllib3/connectionpool.py:1106: in _validate_conn
    conn.connect()
/root/.venv/lib/python3.11/site-packages/urllib3/connection.py:796: in connect
    sock_and_verified = _ssl_wrap_socket_and_match_hostname(
/root/.venv/lib/python3.11/site-packages/urllib3/connection.py:975: in _ssl_wrap_socket_and_match_hostname
    ssl_sock = ssl_wrap_socket(
/root/.venv/lib/python3.11/site-packages/urllib3/util/ssl_.py:433: in ssl_wrap_socket
    ssl_sock = _ssl_wrap_socket_impl(sock, context, tls_in_tls, server_hostname)
               ^^^^^^^^^^^^^^^^^^^^^^^^^^^^^^^^^^^^^^^^^^^^^^^^^^^^^^^^^^^^^^^^^
/root/.venv/lib/python3.11/site-packages/urllib3/util/ssl_.py:477: in _ssl_wrap_socket_impl
    return ssl_context.wrap_socket(sock, server_hostname=server_hostname)
           ^^^^^^^^^^^^^^^^^^^^^^^^^^^^^^^^^^^^^^^^^^^^^^^^^^^^^^^^^^^^^^
/usr/local/lib/python3.11/ssl.py:517: in wrap_socket
    return self.sslsocket_class._create(
/usr/local/lib/python3.11/ssl.py:1067: in _create
    notconn_pre_handshake_data = self.recv(1)
                                 ^^^^^^^^^^^^
/usr/local/lib/python3.11/ssl.py:1297: in recv
    return super().recv(buflen, flags)
           ^^^^^^^^^^^^^^^^^^^^^^^^^^^
E   urllib3.exceptions.ProtocolError: ('Connection aborted.', ConnectionResetError(104, 'Connection reset by peer'))

During handling of the above exception, another exception occurred:
backend/tests/test_iteration7_audit.py:42: in tokens
    "accb": _login("accountant.b@taxsimba.co.uk", "Account@123"),
            ^^^^^^^^^^^^^^^^^^^^^^^^^^^^^^^^^^^^^^^^^^^^^^^^^^^^
backend/tests/test_iteration7_audit.py:27: in _login
    r = requests.post(f"{BASE}/api/auth/login", json={"email": email, "password": pw})
        ^^^^^^^^^^^^^^^^^^^^^^^^^^^^^^^^^^^^^^^^^^^^^^^^^^^^^^^^^^^^^^^^^^^^^^^^^^^^^^
/root/.venv/lib/python3.11/site-packages/requests/api.py:134: in post
    return request("post", url, data=data, json=json, **kwargs)
           ^^^^^^^^^^^^^^^^^^^^^^^^^^^^^^^^^^^^^^^^^^^^^^^^^^^^
/root/.venv/lib/python3.11/site-packages/requests/api.py:71: in request
    return session.request(method=method, url=url, **kwargs)
           ^^^^^^^^^^^^^^^^^^^^^^^^^^^^^^^^^^^^^^^^^^^^^^^^^
/root/.venv/lib/python3.11/site-packages/requests/sessions.py:651: in request
    resp = self.send(prep, **send_kwargs)
           ^^^^^^^^^^^^^^^^^^^^^^^^^^^^^^
/root/.venv/lib/python3.11/site-packages/requests/sessions.py:784: in send
    r = adapter.send(request, **kwargs)
        ^^^^^^^^^^^^^^^^^^^^^^^^^^^^^^^
/root/.venv/lib/python3.11/site-packages/requests/adapters.py:711: in send
    raise ConnectionError(err, request=request)
E   requests.exceptions.ConnectionError: ('Connection aborted.', ConnectionResetError(104, 'Connection reset by peer'))</error></testcase><testcase classname="tests.test_iteration7_audit.TestWorkflowStageSkip" name="test_record_submission_before_ready" time="0.000"><error message="failed on setup with &quot;requests.exceptions.ConnectionError: ('Connection aborted.', ConnectionResetError(104, 'Connection reset by peer'))&quot;">/usr/local/lib/python3.11/ssl.py:1055: in _create
    self.getpeername()
E   OSError: [Errno 107] Transport endpoint is not connected

During handling of the above exception, another exception occurred:
/root/.venv/lib/python3.11/site-packages/urllib3/connectionpool.py:788: in urlopen
    response = self._make_request(
/root/.venv/lib/python3.11/site-packages/urllib3/connectionpool.py:488: in _make_request
    raise new_e
/root/.venv/lib/python3.11/site-packages/urllib3/connectionpool.py:464: in _make_request
    self._validate_conn(conn)
/root/.venv/lib/python3.11/site-packages/urllib3/connectionpool.py:1106: in _validate_conn
    conn.connect()
/root/.venv/lib/python3.11/site-packages/urllib3/connection.py:796: in connect
    sock_and_verified = _ssl_wrap_socket_and_match_hostname(
/root/.venv/lib/python3.11/site-packages/urllib3/connection.py:975: in _ssl_wrap_socket_and_match_hostname
    ssl_sock = ssl_wrap_socket(
/root/.venv/lib/python3.11/site-packages/urllib3/util/ssl_.py:433: in ssl_wrap_socket
    ssl_sock = _ssl_wrap_socket_impl(sock, context, tls_in_tls, server_hostname)
               ^^^^^^^^^^^^^^^^^^^^^^^^^^^^^^^^^^^^^^^^^^^^^^^^^^^^^^^^^^^^^^^^^
/root/.venv/lib/python3.11/site-packages/urllib3/util/ssl_.py:477: in _ssl_wrap_socket_impl
    return ssl_context.wrap_socket(sock, server_hostname=server_hostname)
           ^^^^^^^^^^^^^^^^^^^^^^^^^^^^^^^^^^^^^^^^^^^^^^^^^^^^^^^^^^^^^^
/usr/local/lib/python3.11/ssl.py:517: in wrap_socket
    return self.sslsocket_class._create(
/usr/local/lib/python3.11/ssl.py:1067: in _create
    notconn_pre_handshake_data = self.recv(1)
                                 ^^^^^^^^^^^^
/usr/local/lib/python3.11/ssl.py:1297: in recv
    return super().recv(buflen, flags)
           ^^^^^^^^^^^^^^^^^^^^^^^^^^^
E   ConnectionResetError: [Errno 104] Connection reset by peer

During handling of the above exception, another exception occurred:
/root/.venv/lib/python3.11/site-packages/requests/adapters.py:696: in send
    resp = conn.urlopen(
/root/.venv/lib/python3.11/site-packages/urllib3/connectionpool.py:842: in urlopen
    retries = retries.increment(
/root/.venv/lib/python3.11/site-packages/urllib3/util/retry.py:498: in increment
    raise reraise(type(error), error, _stacktrace)
          ^^^^^^^^^^^^^^^^^^^^^^^^^^^^^^^^^^^^^^^^
/root/.venv/lib/python3.11/site-packages/urllib3/util/util.py:38: in reraise
    raise value.with_traceback(tb)
/root/.venv/lib/python3.11/site-packages/urllib3/connectionpool.py:788: in urlopen
    response = self._make_request(
/root/.venv/lib/python3.11/site-packages/urllib3/connectionpool.py:488: in _make_request
    raise new_e
/root/.venv/lib/python3.11/site-packages/urllib3/connectionpool.py:464: in _make_request
    self._validate_conn(conn)
/root/.venv/lib/python3.11/site-packages/urllib3/connectionpool.py:1106: in _validate_conn
    conn.connect()
/root/.venv/lib/python3.11/site-packages/urllib3/connection.py:796: in connect
    sock_and_verified = _ssl_wrap_socket_and_match_hostname(
/root/.venv/lib/python3.11/site-packages/urllib3/connection.py:975: in _ssl_wrap_socket_and_match_hostname
    ssl_sock = ssl_wrap_socket(
/root/.venv/lib/python3.11/site-packages/urllib3/util/ssl_.py:433: in ssl_wrap_socket
    ssl_sock = _ssl_wrap_socket_impl(sock, context, tls_in_tls, server_hostname)
               ^^^^^^^^^^^^^^^^^^^^^^^^^^^^^^^^^^^^^^^^^^^^^^^^^^^^^^^^^^^^^^^^^
/root/.venv/lib/python3.11/site-packages/urllib3/util/ssl_.py:477: in _ssl_wrap_socket_impl
    return ssl_context.wrap_socket(sock, server_hostname=server_hostname)
           ^^^^^^^^^^^^^^^^^^^^^^^^^^^^^^^^^^^^^^^^^^^^^^^^^^^^^^^^^^^^^^
/usr/local/lib/python3.11/ssl.py:517: in wrap_socket
    return self.sslsocket_class._create(
/usr/local/lib/python3.11/ssl.py:1067: in _create
    notconn_pre_handshake_data = self.recv(1)
                                 ^^^^^^^^^^^^
/usr/local/lib/python3.11/ssl.py:1297: in recv
    return super().recv(buflen, flags)
           ^^^^^^^^^^^^^^^^^^^^^^^^^^^
E   urllib3.exceptions.ProtocolError: ('Connection aborted.', ConnectionResetError(104, 'Connection reset by peer'))

During handling of the above exception, another exception occurred:
backend/tests/test_iteration7_audit.py:42: in tokens
    "accb": _login("accountant.b@taxsimba.co.uk", "Account@123"),
            ^^^^^^^^^^^^^^^^^^^^^^^^^^^^^^^^^^^^^^^^^^^^^^^^^^^^
backend/tests/test_iteration7_audit.py:27: in _login
    r = requests.post(f"{BASE}/api/auth/login", json={"email": email, "password": pw})
        ^^^^^^^^^^^^^^^^^^^^^^^^^^^^^^^^^^^^^^^^^^^^^^^^^^^^^^^^^^^^^^^^^^^^^^^^^^^^^^
/root/.venv/lib/python3.11/site-packages/requests/api.py:134: in post
    return request("post", url, data=data, json=json, **kwargs)
           ^^^^^^^^^^^^^^^^^^^^^^^^^^^^^^^^^^^^^^^^^^^^^^^^^^^^
/root/.venv/lib/python3.11/site-packages/requests/api.py:71: in request
    return session.request(method=method, url=url, **kwargs)
           ^^^^^^^^^^^^^^^^^^^^^^^^^^^^^^^^^^^^^^^^^^^^^^^^^
/root/.venv/lib/python3.11/site-packages/requests/sessions.py:651: in request
    resp = self.send(prep, **send_kwargs)
           ^^^^^^^^^^^^^^^^^^^^^^^^^^^^^^
/root/.venv/lib/python3.11/site-packages/requests/sessions.py:784: in send
    r = adapter.send(request, **kwargs)
        ^^^^^^^^^^^^^^^^^^^^^^^^^^^^^^^
/root/.venv/lib/python3.11/site-packages/requests/adapters.py:711: in send
    raise ConnectionError(err, request=request)
E   requests.exceptions.ConnectionError: ('Connection aborted.', ConnectionResetError(104, 'Connection reset by peer'))</error></testcase><testcase classname="tests.test_iteration9_final_lock.TestMandatoryBlocksSubmissionOnly" name="test_mandatory_task_blocks_submission_but_not_client_dashboard" time="5.091" /><testcase classname="tests.test_taxsimba_phase2.TestNoStageSkipping" name="test_start_review_on_advanced_case" time="4.033" /><testcase classname="tests.test_iteration8_verify.TestPaymentReuse" name="test_upgrade_checkout_reuses_session" time="3.464" /><testcase classname="tests.test_iteration9_final_lock.TestMandatoryBlocksSubmissionOnly" name="test_record_submission_blocked_by_open_mandatory_task" time="3.371" /><testcase classname="tests.test_iteration8_verify.TestPaymentReuse" name="test_offer_checkout_reuses_session" time="2.864" /><testcase classname="tests.test_iteration9_final_lock.TestMandatoryBlocksSubmissionOnly" name="test_client_dashboard_never_blocked_by_missing_info" time="3.962" /><testcase classname="tests.test_iteration8_verify.TestPaymentReuse" name="test_status_polling_is_idempotent" time="2.951" /><testcase classname="tests.test_taxsimba_phase1.TestAuth" name="test_login_all_roles" time="2.939" /><testcase classname="tests.test_taxsimba_phase1.TestAuth" name="test_login_invalid" time="2.646" /><testcase classname="tests.test_taxsimba_phase1b.TestUpgradeOptions" name="test_client_b_upgrade_options" time="3.131" /><testcase classname="tests.test_taxsimba_phase1b.TestUpgradeOptions" name="test_downgrade_checkout_rejected" time="0.124" /><testcase classname="tests.test_taxsimba_phase1b.TestUpgradeOptions" name="test_equal_package_checkout_rejected" time="0.267" /><testcase classname="tests.test_taxsimba_phase1b.TestOverride" name="test_override_requires_reason" time="0.238" /><testcase classname="tests.test_taxsimba_phase1b.TestOverride" name="test_override_accountant_forbidden" time="0.242" /><testcase classname="tests.test_taxsimba_phase1b.TestOverride" name="test_override_success" time="0.634" /><testcase classname="tests.test_taxsimba_phase1.TestAuth" name="test_me_and_roles" time="3.272" /><testcase classname="tests.test_taxsimba_phase1b_ux.TestScenarioE_AccountantPrivacy" name="test_cases_list_no_leak" time="2.356" /><testcase classname="tests.test_taxsimba_phase1b_ux.TestScenarioE_AccountantPrivacy" name="test_case_detail_no_leak" time="0.243" /><testcase classname="tests.test_taxsimba_phase1b_ux.TestScenarioE_AccountantPrivacy" name="test_accountant_forbidden_endpoints" time="2.304" /><testcase classname="tests.test_taxsimba_phase1b_ux.TestOverview" name="test_super_admin_can_read" time="0.646" /><testcase classname="tests.test_taxsimba_phase1b_ux.TestOverview" name="test_admin_forbidden" time="0.139" /><testcase classname="tests.test_taxsimba_phase1b_ux.TestOverview" name="test_accountant_forbidden" time="0.234" /><testcase classname="tests.test_taxsimba_phase1b.TestAdminOffer" name="test_send_mtd_offer_and_decline_workflow" time="2.962"><failure message="AssertionError: No pending MTD rec found: [{'id': '63399644-5757-47da-aee8-e43cccc1731a', 'type': 'PACKAGE_UPGRADE', 'case_id': '8770ec53-c056-4a64-9fc5-db986bed58e0', 'case_ref': 'SA-1403', 'client_id': 'b3d21088-1935-49c3-9089-01531c1b9ab1', 'client_user_id': '05bc0c0f-d1c8-4c0a-85d3-68e019212218', 'client_name': 'IT8 Client', 'service_type': 'SELF_ASSESSMENT', 'recommended_package': 'ELITE', 'reason': 'second try', 'note': None, 'raised_by_id': 'b8a22924-0340-4d55-9b6d-57c6ac953ab9', 'raised_by_name': 'Amara Boateng', 'raised_by_role': 'ACCOUNTANT', 'status': 'PENDING', 'created_at': '2026-08-20T12:21:19.040395+00:00'}, {'id': 'b4f4acb3-ef7b-4f73-b6b5-7b344e8206cd', 'type': 'PACKAGE_UPGRADE', 'case_id': 'a9432fb3-91fb-4607-aa8e-749e3aeb456b', 'case_ref': 'SA-1402', 'client_id': '1b4a8143-5a83-42a3-bf45-74c564b80a0c', 'client_user_id': 'c0f62f59-0eeb-41af-ab7c-0c102a359433', 'client_name': 'IT8 Client', 'service_type': 'SELF_ASSESSMENT', 'recommended_package': 'ELITE', 'reason': 'pkg', 'note': None, 'raised_by_id': 'b8a22924-0340-4d55-9b6d-57c6ac953ab9', 'raised_by_name': 'Amara Boateng', 'raised_by_role': 'ACCOUNTANT', 'status': 'PENDING', 'created_at': '2026-08-20T12:21:16.819728+00:00'}, {'id': 'af5dcb74-a67e-4fac-bc17-300b3ca2a636', 'type': 'MTD', 'case_id': 'a9432fb3-91fb-4607-aa8e-749e3aeb456b', 'case_ref': 'SA-1402', 'client_id': '1b4a8143-5a83-42a3-bf45-74c564b80a0c', 'client_user_id': 'c0f62f59-0eeb-41af-ab7c-0c102a359433', 'client_name': 'IT8 Client', 'service_type': 'MTD_INCOME_TAX', 'recommended_package': None, 'reason': 'mtd', 'note': None, 'raised_by_id': 'b8a22924-0340-4d55-9b6d-57c6ac953ab9', 'raised_by_name': 'Amara Boateng', 'raised_by_role': 'ACCOUNTANT', 'status': 'PENDING', 'created_at': '2026-08-20T12:21:16.472214+00:00'}]&#10;assert None is not None">backend/tests/test_taxsimba_phase1b.py:265: in test_send_mtd_offer_and_decline_workflow
    assert mtd_rec is not None, f"No pending MTD rec found: {recs[:3]}"
E   AssertionError: No pending MTD rec found: [{'id': '63399644-5757-47da-aee8-e43cccc1731a', 'type': 'PACKAGE_UPGRADE', 'case_id': '8770ec53-c056-4a64-9fc5-db986bed58e0', 'case_ref': 'SA-1403', 'client_id': 'b3d21088-1935-49c3-9089-01531c1b9ab1', 'client_user_id': '05bc0c0f-d1c8-4c0a-85d3-68e019212218', 'client_name': 'IT8 Client', 'service_type': 'SELF_ASSESSMENT', 'recommended_package': 'ELITE', 'reason': 'second try', 'note': None, 'raised_by_id': 'b8a22924-0340-4d55-9b6d-57c6ac953ab9', 'raised_by_name': 'Amara Boateng', 'raised_by_role': 'ACCOUNTANT', 'status': 'PENDING', 'created_at': '2026-08-20T12:21:19.040395+00:00'}, {'id': 'b4f4acb3-ef7b-4f73-b6b5-7b344e8206cd', 'type': 'PACKAGE_UPGRADE', 'case_id': 'a9432fb3-91fb-4607-aa8e-749e3aeb456b', 'case_ref': 'SA-1402', 'client_id': '1b4a8143-5a83-42a3-bf45-74c564b80a0c', 'client_user_id': 'c0f62f59-0eeb-41af-ab7c-0c102a359433', 'client_name': 'IT8 Client', 'service_type': 'SELF_ASSESSMENT', 'recommended_package': 'ELITE', 'reason': 'pkg', 'note': None, 'raised_by_id': 'b8a22924-0340-4d55-9b6d-57c6ac953ab9', 'raised_by_name': 'Amara Boateng', 'raised_by_role': 'ACCOUNTANT', 'status': 'PENDING', 'created_at': '2026-08-20T12:21:16.819728+00:00'}, {'id': 'af5dcb74-a67e-4fac-bc17-300b3ca2a636', 'type': 'MTD', 'case_id': 'a9432fb3-91fb-4607-aa8e-749e3aeb456b', 'case_ref': 'SA-1402', 'client_id': '1b4a8143-5a83-42a3-bf45-74c564b80a0c', 'client_user_id': 'c0f62f59-0eeb-41af-ab7c-0c102a359433', 'client_name': 'IT8 Client', 'service_type': 'MTD_INCOME_TAX', 'recommended_package': None, 'reason': 'mtd', 'note': None, 'raised_by_id': 'b8a22924-0340-4d55-9b6d-57c6ac953ab9', 'raised_by_name': 'Amara Boateng', 'raised_by_role': 'ACCOUNTANT', 'status': 'PENDING', 'created_at': '2026-08-20T12:21:16.472214+00:00'}]
E   assert None is not None</failure></testcase><testcase classname="tests.test_taxsimba_phase1b.TestAdminOffer" name="test_offer_checkout_session" time="0.599" /><testcase classname="tests.test_taxsimba_phase1b.TestAdminOffer" name="test_decline_recommendation" time="0.372"><skipped type="pytest.skip" message="no pending package rec">/app/backend/tests/test_taxsimba_phase1b.py:304: no pending package rec</skipped></testcase><testcase classname="tests.test_hardening_cors_ratelimit.TestCookieSecurityControls" name="test_session_cookies_are_httponly_secure_and_samesite" time="0.571" /><testcase classname="tests.test_hardening_cors_ratelimit.TestCookieSecurityControls" name="test_cookie_controls_are_environment_configurable" time="0.000" /><testcase classname="tests.test_iteration7_audit.TestDuplicateRecommendations" name="test_duplicate_mtd_recommendation_should_be_rejected" time="3.823" /><testcase classname="tests.test_iteration7_audit.TestDuplicateRecommendations" name="test_duplicate_package_recommendation_should_be_rejected" time="0.284" /><testcase classname="tests.test_taxsimba_phase2.TestAuditTrail" name="test_activity_log_has_prev_new_status" time="7.089" /><testcase classname="tests.test_iteration7_audit.TestPackageRules" name="test_downgrade_rejected" time="0.119" /><testcase classname="tests.test_iteration7_audit.TestPackageRules" name="test_equal_package_rejected" time="0.122" /><testcase classname="tests.test_taxsimba_phase2.TestAuditTrail" name="test_admin_return_comments_captured" time="0.255" /><testcase classname="tests.test_taxsimba_phase2.TestAuditTrail" name="test_super_admin_audit_log" time="0.520" /><testcase classname="tests.test_iteration9_final_lock.TestRequestFromClientStageGuard" name="test_rejected_when_status_disallows_awaiting_client" time="5.699" /><testcase classname="tests.test_taxsimba_phase1b.TestPaymentsListing" name="test_admin_payments_list" time="3.188" /><testcase classname="tests.test_taxsimba_phase1b.TestPaymentsListing" name="test_client_my_payments" time="0.124" /><testcase classname="tests.test_iteration9_final_lock.TestRequestFromClientStageGuard" name="test_permitted_from_allowed_states" time="1.678" /><testcase classname="tests.test_taxsimba_phase1b_ux.TestMyActions" name="test_client_b_actions_shape" time="2.567" /><testcase classname="tests.test_taxsimba_phase1b_ux.TestMyActions" name="test_accountant_and_admin_forbidden" time="0.232" /><testcase classname="tests.test_iteration11_token_exposure_adversarial.TestCookieAttributes" name="test_login_sets_httponly_secure_samesite_on_both_cookies" time="0.351" /><testcase classname="tests.test_iteration6_retest.TestScenarioA_NoMTD" name="test_no_mtd_anywhere_for_sa_only_client" time="2.850" /><testcase classname="tests.test_taxsimba_phase1b.TestPricing" name="test_super_admin_can_patch_price" time="3.669" /><testcase classname="tests.test_iteration6_retest.TestSendOfferAlias" name="test_send_offer_sets_approved_and_second_call_400" time="2.092" /><testcase classname="tests.test_taxsimba_phase1b.TestPricing" name="test_admin_cannot_patch_price" time="0.311" /><testcase classname="tests.test_iteration7_audit.TestDeactivatedUser" name="test_deactivated_token_rejected" time="5.139" /><testcase classname="tests.test_iteration7_audit.TestDuplicatePayment" name="test_two_concurrent_upgrade_sessions_created" time="5.809" /><testcase classname="tests.test_iteration7_audit.TestDocumentIDOR" name="test_client_cannot_download_other_client_document" time="2.925" /><testcase classname="tests.test_iteration9_final_lock.TestMultiAccountantIsolation" name="test_isolation_at_scale" time="17.569" /><testcase classname="tests.test_taxsimba_phase1b.TestUpgradeCheckoutCreates" name="test_upgrade_checkout_creates_session" time="2.974"><skipped type="pytest.skip" message="Client B already ELITE or in locked state">/app/backend/tests/test_taxsimba_phase1b.py:149: Client B already ELITE or in locked state</skipped></testcase><testcase classname="tests.test_taxsimba_phase1b_ux.TestScenarioC_Approve" name="test_approve_creates_offer_and_double_approve_400" time="5.066" /><testcase classname="tests.test_taxsimba_phase1b_ux.TestReopen" name="test_reopen_requires_nonempty_reason" time="1.927" /><testcase classname="tests.test_taxsimba_phase1b_ux.TestUnassignAndAssignments" name="test_unassign_and_history" time="0.481" /><testcase classname="tests.test_taxsimba_phase1b_ux.TestAdminFilters" name="test_cases_filter_by_service" time="1.346" /><testcase classname="tests.test_taxsimba_phase1b_ux.TestInternalNotesPrivacy" name="test_client_cannot_read_case_notes" time="0.173" /><testcase classname="tests.test_iteration9_final_lock.TestReassignmentPreservesData" name="test_reassign_a_to_b_preserves_history" time="2.865" /><testcase classname="tests.test_taxsimba_phase2.TestDeactivatedLogin" name="test_deactivate_and_reactivate" time="4.016" /><testcase classname="tests.test_taxsimba_phase2.TestClientCalcVisibility" name="test_client_sees_only_approved_versions" time="3.634" /><testcase classname="tests.test_taxsimba_phase1b_ux.TestScenarioB_Reject" name="test_reject_keeps_client_silent" time="4.284" /></testsuite></testsuites>