<?xml version="1.0" encoding="utf-8"?><testsuites name="pytest tests"><testsuite name="pytest" errors="0" failures="0" skipped="0" tests="41" time="22.223" timestamp="2026-08-20T12:09:55.554366+00:00" hostname="agent-env-d0ee894f-c2b3-43e5-84e7-2334c36fc108"><testcase classname="tests.test_hardening_cors_ratelimit.TestSessionHardening" name="test_access_token_is_short_lived" time="0.500" /><testcase classname="tests.test_hardening_cors_ratelimit.TestTokenExposure" name="test_browser_login_body_has_no_tokens" time="0.993" /><testcase classname="tests.test_hardening_cors_ratelimit.TestSessionHardening" name="test_login_sets_httponly_access_and_refresh_cookies" time="0.488" /><testcase classname="tests.test_hardening_cors_ratelimit.TestSessionHardening" name="test_refresh_issues_new_access_token" time="1.032" /><testcase classname="tests.test_hardening_cors_ratelimit.TestTokenExposure" name="test_browser_login_body_contains_no_jwt_at_all" time="0.408" /><testcase classname="tests.test_hardening_cors_ratelimit.TestTokenExposure" name="test_browser_refresh_body_has_no_tokens" time="0.486" /><testcase classname="tests.test_hardening_cors_ratelimit.TestTokenExposure" name="test_api_client_still_receives_bearer_token" time="0.647" /><testcase classname="tests.test_hardening_cors_ratelimit.TestSessionHardening" name="test_refresh_token_rotation_revokes_the_old_one" time="0.873" /><testcase classname="tests.test_hardening_cors_ratelimit.TestTokenExposure" name="test_browser_login_all_roles_no_token_exposed[client_a]" time="0.468" /><testcase classname="tests.test_hardening_cors_ratelimit.TestSessionHardening" name="test_refresh_token_cannot_be_used_as_access_token" time="0.620" /><testcase classname="tests.test_hardening_cors_ratelimit.TestTokenExposure" name="test_browser_login_all_roles_no_token_exposed[acc_a]" time="0.602" /><testcase classname="tests.test_hardening_cors_ratelimit.TestSessionHardening" name="test_logout_revokes_the_session" time="0.750" /><testcase classname="tests.test_hardening_cors_ratelimit.TestTokenExposure" name="test_browser_login_all_roles_no_token_exposed[acc_b]" time="0.591" /><testcase classname="tests.test_hardening_cors_ratelimit.TestTokenExposure" name="test_browser_login_all_roles_no_token_exposed[acc_c]" time="0.501" /><testcase classname="tests.test_hardening_cors_ratelimit.TestSessionHardening" name="test_expired_access_token_rejected" time="0.318" /><testcase classname="tests.test_hardening_cors_ratelimit.TestSessionHardening" name="test_no_password_hash_in_login_response" time="0.424" /><testcase classname="tests.test_hardening_cors_ratelimit.TestTokenExposure" name="test_browser_login_all_roles_no_token_exposed[admin]" time="0.766" /><testcase classname="tests.test_hardening_cors_ratelimit.TestSessionHardening" name="test_frontend_does_not_store_token_in_localstorage" time="0.000" /><testcase classname="tests.test_hardening_cors_ratelimit.TestAllRoleLogins" name="test_role_login_and_me[client_a]" time="0.559" /><testcase classname="tests.test_hardening_cors_ratelimit.TestTokenExposure" name="test_browser_login_all_roles_no_token_exposed[super]" time="0.618" /><testcase classname="tests.test_hardening_cors_ratelimit.TestAllRoleLogins" name="test_role_login_and_me[acc_a]" time="0.653" /><testcase classname="tests.test_hardening_cors_ratelimit.TestCors" name="test_no_wildcard_origin_returned" time="0.002" /><testcase classname="tests.test_hardening_cors_ratelimit.TestCors" name="test_approved_origin_allowed" time="0.001" /><testcase classname="tests.test_hardening_cors_ratelimit.TestCors" name="test_unapproved_origin_rejected" time="0.001" /><testcase classname="tests.test_hardening_cors_ratelimit.TestCors" name="test_env_has_no_wildcard" time="0.000" /><testcase classname="tests.test_hardening_cors_ratelimit.TestCors" name="test_startup_guard_rejects_wildcard_and_empty" time="0.393" /><testcase classname="tests.test_hardening_cors_ratelimit.TestAllRoleLogins" name="test_role_login_and_me[acc_b]" time="0.746" /><testcase classname="tests.test_hardening_cors_ratelimit.TestLoginRateLimit" name="test_five_failures_then_429_with_retry_after" time="3.829" /><testcase classname="tests.test_hardening_cors_ratelimit.TestAllRoleLogins" name="test_role_login_and_me[acc_c]" time="0.662" /><testcase classname="tests.test_hardening_cors_ratelimit.TestAllRoleLogins" name="test_role_login_and_me[admin]" time="0.809" /><testcase classname="tests.test_hardening_cors_ratelimit.TestAllRoleLogins" name="test_role_login_and_me[super]" time="0.685" /><testcase classname="tests.test_hardening_cors_ratelimit.TestRateLimitPolicy" name="test_scope_thresholds" time="0.397" /><testcase classname="tests.test_hardening_cors_ratelimit.TestRateLimitPolicy" name="test_account_scope_locks_across_ips" time="0.075" /><testcase classname="tests.test_hardening_cors_ratelimit.TestRateLimitPolicy" name="test_exponential_backoff" time="0.032" /><testcase classname="tests.test_hardening_cors_ratelimit.TestRateLimitPolicy" name="test_xff_only_trusted_from_proxy_cidrs" time="0.004" /><testcase classname="tests.test_hardening_cors_ratelimit.TestCookieSecurityControls" name="test_session_cookies_are_httponly_secure_and_samesite" time="0.527" /><testcase classname="tests.test_hardening_cors_ratelimit.TestCookieSecurityControls" name="test_cookie_controls_are_environment_configurable" time="0.000" /><testcase classname="tests.test_hardening_cors_ratelimit.TestLoginRateLimit" name="test_lock_applies_even_to_correct_password" time="2.272" /><testcase classname="tests.test_hardening_cors_ratelimit.TestLoginRateLimit" name="test_other_account_unaffected_by_lock" time="2.576" /><testcase classname="tests.test_hardening_cors_ratelimit.TestLoginRateLimit" name="test_success_clears_counters" time="3.184" /><testcase classname="tests.test_hardening_cors_ratelimit.TestLoginRateLimit" name="test_disabled_account_failure_is_not_counted" time="3.127" /></testsuite></testsuites>