<?xml version="1.0" encoding="utf-8"?><testsuites name="pytest tests"><testsuite name="pytest" errors="0" failures="2" skipped="3" tests="119" time="130.240" timestamp="2026-08-20T02:24:09.746875+00:00" hostname="agent-env-d0ee894f-c2b3-43e5-84e7-2334c36fc108"><testcase classname="tests.test_taxsimba_phase2.TestAccountantPrivacy" name="test_cases_list_no_leaks" time="3.594" /><testcase classname="tests.test_taxsimba_phase1.TestWorkflow" name="test_01_case_in_unassigned_bucket" time="3.545" /><testcase classname="tests.test_taxsimba_phase1.TestWorkflow" name="test_02_accountants_workload" time="0.197" /><testcase classname="tests.test_taxsimba_phase1.TestWorkflow" name="test_03_assign_to_accountant_a" time="0.278" /><testcase classname="tests.test_taxsimba_phase1.TestWorkflow" name="test_04_case_in_accountant_a_needs_action" time="0.256" /><testcase classname="tests.test_taxsimba_phase1.TestWorkflow" name="test_05_role_isolation_acc_b_cannot_access" time="0.453" /><testcase classname="tests.test_taxsimba_phase1.TestWorkflow" name="test_06_start_review" time="0.185" /><testcase classname="tests.test_taxsimba_phase1.TestWorkflow" name="test_07_request_from_client" time="0.301" /><testcase classname="tests.test_taxsimba_phase1.TestWorkflow" name="test_08_client_sees_task_and_notification" time="0.230" /><testcase classname="tests.test_taxsimba_phase1.TestWorkflow" name="test_09_client_uploads_file_completes_task_returns_to_accountant" time="0.521" /><testcase classname="tests.test_taxsimba_phase2.TestAccountantPrivacy" name="test_case_detail_no_leaks" time="2.365" /><testcase classname="tests.test_taxsimba_phase2.TestAccountantPrivacy" name="test_tasks_no_leaks" time="0.340" /><testcase classname="tests.test_taxsimba_phase1.TestWorkflow" name="test_10_client_cannot_see_internal_document" time="0.579" /><testcase classname="tests.test_taxsimba_phase2.TestAccountantPrivacy" name="test_documents_no_leaks" time="0.174" /><testcase classname="tests.test_taxsimba_phase2.TestAccountantPrivacy" name="test_messages_no_leaks" time="0.112" /><testcase classname="tests.test_taxsimba_phase1.TestWorkflow" name="test_11_create_calc_v1" time="0.170" /><testcase classname="tests.test_taxsimba_phase2.TestAccountantPrivacy" name="test_activity_no_leaks" time="0.151" /><testcase classname="tests.test_taxsimba_phase1.TestWorkflow" name="test_12_submit_blocks_on_incomplete_checklist" time="0.129" /><testcase classname="tests.test_taxsimba_phase2.TestAccountantPrivacy" name="test_notes_no_leaks" time="0.136" /><testcase classname="tests.test_taxsimba_phase1.TestWorkflow" name="test_13_submit_full_checklist" time="0.126" /><testcase classname="tests.test_taxsimba_phase2.TestAccountantPrivacy" name="test_calculations_no_leaks" time="0.111" /><testcase classname="tests.test_taxsimba_phase1.TestWorkflow" name="test_14_client_cannot_see_unapproved_calc" time="0.143" /><testcase classname="tests.test_taxsimba_phase2.TestAccountantPrivacy" name="test_reviews_no_leaks" time="0.112" /><testcase classname="tests.test_taxsimba_phase2.TestAccountantPrivacy" name="test_submission_no_leaks" time="0.117" /><testcase classname="tests.test_taxsimba_phase1.TestWorkflow" name="test_15_admin_return_for_changes" time="0.260" /><testcase classname="tests.test_taxsimba_phase2.TestAccountantPrivacy" name="test_notifications_no_leaks" time="0.135" /><testcase classname="tests.test_taxsimba_phase2.TestAccountantPrivacy" name="test_stats_no_leaks" time="0.203" /><testcase classname="tests.test_taxsimba_phase1.TestWorkflow" name="test_16_v1_locked_and_v2" time="0.285" /><testcase classname="tests.test_taxsimba_phase2.TestAccountantPrivacy" name="test_accountant_forbidden_users" time="0.145" /><testcase classname="tests.test_taxsimba_phase1.TestWorkflow" name="test_17_resubmit_and_admin_approve" time="0.236" /><testcase classname="tests.test_taxsimba_phase2.TestAccountantPrivacy" name="test_accountant_forbidden_users_by_role" time="0.136" /><testcase classname="tests.test_taxsimba_phase2.TestAccountantPrivacy" name="test_accountant_forbidden_workload" time="0.137" /><testcase classname="tests.test_taxsimba_phase1.TestWorkflow" name="test_18_client_sees_only_approved_v2" time="0.125" /><testcase classname="tests.test_taxsimba_phase2.TestAccountantPrivacy" name="test_accountant_forbidden_audit_log" time="0.152" /><testcase classname="tests.test_taxsimba_phase1.TestWorkflow" name="test_19_client_approve_ready_for_submission" time="0.674" /><testcase classname="tests.test_taxsimba_phase2.TestAccountantPrivacy" name="test_accountant_cannot_access_other_accountants_case" time="0.233" /><testcase classname="tests.test_taxsimba_phase1.TestWorkflow" name="test_20_activity_timeline_populated" time="0.350" /><testcase classname="tests.test_taxsimba_phase1.TestStatsAndAdmin" name="test_admin_stats_shape" time="2.815" /><testcase classname="tests.test_taxsimba_phase1.TestStatsAndAdmin" name="test_accountant_stats_shape" time="0.392" /><testcase classname="tests.test_taxsimba_phase1.TestStatsAndAdmin" name="test_client_cannot_hit_admin_stats" time="0.265" /><testcase classname="tests.test_taxsimba_phase1.TestStatsAndAdmin" name="test_notifications_and_mark_all_read" time="0.392" /><testcase classname="tests.test_taxsimba_phase2.TestNegativeSubmissionCompletion" name="test_record_submission_blocked_when_not_ready" time="4.068" /><testcase classname="tests.test_taxsimba_phase1.TestStatsAndAdmin" name="test_super_admin_creates_user" time="1.231" /><testcase classname="tests.test_taxsimba_phase2.TestNegativeSubmissionCompletion" name="test_record_submission_blocked_awaiting_assignment" time="0.698" /><testcase classname="tests.test_taxsimba_phase1.TestStatsAndAdmin" name="test_admin_cannot_create_user" time="0.147" /><testcase classname="tests.test_taxsimba_phase1.TestStatsAndAdmin" name="test_audit_log_and_workflow_settings" time="0.413" /><testcase classname="tests.test_taxsimba_phase2.TestNegativeSubmissionCompletion" name="test_record_submission_missing_client_approval" time="2.111" /><testcase classname="tests.test_taxsimba_phase2.TestNegativeSubmissionCompletion" name="test_complete_blocked_unless_submitted" time="1.216" /><testcase classname="tests.test_taxsimba_phase1b.TestLock" name="test_client_a_locked" time="2.295" /><testcase classname="tests.test_taxsimba_phase1b.TestLock" name="test_client_a_upgrade_blocked" time="0.120" /><testcase classname="tests.test_taxsimba_phase1b.TestLock" name="test_lock_settings_readable_admin" time="0.115" /><testcase classname="tests.test_taxsimba_phase1b.TestLock" name="test_lock_settings_admin_cannot_patch" time="0.116" /><testcase classname="tests.test_taxsimba_phase1b.TestLock" name="test_lock_settings_super_admin_patch" time="0.271" /><testcase classname="tests.test_taxsimba_phase1b.TestRecommendations" name="test_recommend_package_upgrade" time="0.243"><skipped type="pytest.skip" message="Client already on highest package (ELITE)">/app/backend/tests/test_taxsimba_phase1b.py:189: Client already on highest package (ELITE)</skipped></testcase><testcase classname="tests.test_taxsimba_phase1b.TestRecommendations" name="test_recommend_package_downgrade_rejected" time="0.269" /><testcase classname="tests.test_taxsimba_phase1b.TestRecommendations" name="test_recommend_mtd" time="0.108" /><testcase classname="tests.test_taxsimba_phase1b.TestRecommendations" name="test_accountant_403_on_admin_endpoints" time="0.962" /><testcase classname="tests.test_taxsimba_phase1b.TestRecommendations" name="test_accountant_case_list_privacy" time="0.118" /><testcase classname="tests.test_taxsimba_phase2.TestNegativeSubmissionCompletion" name="test_accountant_cannot_record_submission" time="2.350" /><testcase classname="tests.test_taxsimba_phase2.TestNegativeSubmissionCompletion" name="test_accountant_cannot_complete" time="0.260" /><testcase classname="tests.test_iteration6_retest.TestNewClientBootstrap" name="test_admin_created_client_has_sa_active_mtd_not_active" time="1.335" /><testcase classname="tests.test_taxsimba_phase2.TestFullLifecycle" name="test_01_ready_for_submission" time="0.117" /><testcase classname="tests.test_taxsimba_phase2.TestFullLifecycle" name="test_02_record_submission_records_details" time="0.193" /><testcase classname="tests.test_iteration6_retest.TestNewClientBootstrap" name="test_admin_created_client_elite_upgrade_100" time="0.116" /><testcase classname="tests.test_taxsimba_phase2.TestFullLifecycle" name="test_03_get_submission_endpoint" time="0.108" /><testcase classname="tests.test_taxsimba_phase2.TestFullLifecycle" name="test_04_mark_completed" time="0.254" /><testcase classname="tests.test_taxsimba_phase2.TestFullLifecycle" name="test_05_completed_status_visible_all_roles" time="0.613" /><testcase classname="tests.test_iteration6_retest.TestNewClientBootstrap" name="test_selfreg_client_has_sa_active_mtd_not_active" time="0.851" /><testcase classname="tests.test_iteration6_retest.TestNewClientBootstrap" name="test_selfreg_client_elite_upgrade_100" time="0.140" /><testcase classname="tests.test_taxsimba_phase1b.TestMultiService" name="test_my_services_client_b" time="3.340"><failure message="AssertionError: assert 'ACTIVE' == 'NOT_ACTIVE'&#10;  &#10;  - NOT_ACTIVE&#10;  ? ----&#10;  + ACTIVE">self = &lt;test_taxsimba_phase1b.TestMultiService object at 0xfb8d0b010bd0&gt;
tokens = {'admin': 'eyJhbGciOiJIUzI1NiIsInR5cCI6IkpXVCJ9.eyJzdWIiOiIzN2I4MzhjZC0xNDdjLTQ0YTMtOGVhYi02YTMzYzg4NjkxMDQiLCJlbWFpbC...YkB0YXhzaW1iYS5jby51ayIsInR5cGUiOiJhY2Nlc3MiLCJleHAiOjE3ODc3OTc0NzN9.wW42Nme6hKihRZ1O8HD7QVNAImiaHDd59DMPTpoDQl8', ...}

    def test_my_services_client_b(self, tokens):
        r = requests.get(f"{API}/my-services", headers=_hdr(tokens["client_b"]))
        assert r.status_code == 200, r.text
        data = r.json()
        assert data.get("client_ref", "").startswith("CL-")
        services = {s["service_type"]: s for s in data["services"]}
        assert "SELF_ASSESSMENT" in services and "MTD_INCOME_TAX" in services
        sa = services["SELF_ASSESSMENT"]
        assert sa["status"] == "ACTIVE"
        assert sa["package_code"] in ("SMART", "SIMPLE", "ELITE")
        assert isinstance(sa.get("cases"), list) and len(sa["cases"]) &gt;= 1
&gt;       assert services["MTD_INCOME_TAX"]["status"] == "NOT_ACTIVE"
E       AssertionError: assert 'ACTIVE' == 'NOT_ACTIVE'
E         
E         - NOT_ACTIVE
E         ? ----
E         + ACTIVE

backend/tests/test_taxsimba_phase1b.py:53: AssertionError</failure></testcase><testcase classname="tests.test_taxsimba_phase1b.TestMultiService" name="test_admin_view_client_services" time="0.475" /><testcase classname="tests.test_taxsimba_phase1b_ux.TestScenarioA_SAOnlyClient" name="test_my_offers_empty" time="4.008" /><testcase classname="tests.test_taxsimba_phase1b.TestMultiService" name="test_accountant_cannot_read_client_services" time="0.242" /><testcase classname="tests.test_taxsimba_phase1b_ux.TestScenarioA_SAOnlyClient" name="test_my_services_has_sa_only_active" time="0.130" /><testcase classname="tests.test_taxsimba_phase1b.TestMultiService" name="test_accountant_cannot_read_my_services" time="36.217" /><testcase classname="tests.test_taxsimba_phase1b_ux.TestScenarioA_SAOnlyClient" name="test_my_actions_no_mtd" time="68.422" /><testcase classname="tests.test_taxsimba_phase1b_ux.TestScenarioA_SAOnlyClient" name="test_tasks_documents_no_mtd_filter" time="0.271" /><testcase classname="tests.test_taxsimba_phase1.TestAuth" name="test_login_all_roles" time="2.179" /><testcase classname="tests.test_taxsimba_phase1.TestAuth" name="test_login_invalid" time="0.352" /><testcase classname="tests.test_taxsimba_phase1.TestAuth" name="test_me_and_roles" time="0.720" /><testcase classname="tests.test_taxsimba_phase1b.TestUpgradeOptions" name="test_client_b_upgrade_options" time="2.331" /><testcase classname="tests.test_taxsimba_phase1b.TestUpgradeOptions" name="test_downgrade_checkout_rejected" time="0.126" /><testcase classname="tests.test_taxsimba_phase1b.TestUpgradeOptions" name="test_equal_package_checkout_rejected" time="0.221" /><testcase classname="tests.test_taxsimba_phase1b.TestAdminOffer" name="test_send_mtd_offer_and_decline_workflow" time="0.773" /><testcase classname="tests.test_taxsimba_phase1b.TestAdminOffer" name="test_offer_checkout_session" time="0.989" /><testcase classname="tests.test_taxsimba_phase1b.TestAdminOffer" name="test_decline_recommendation" time="0.292"><skipped type="pytest.skip" message="no pending package rec">/app/backend/tests/test_taxsimba_phase1b.py:301: no pending package rec</skipped></testcase><testcase classname="tests.test_taxsimba_phase1b.TestOverride" name="test_override_requires_reason" time="0.264" /><testcase classname="tests.test_taxsimba_phase1b.TestOverride" name="test_override_accountant_forbidden" time="0.272" /><testcase classname="tests.test_taxsimba_phase1b.TestOverride" name="test_override_success" time="0.489" /><testcase classname="tests.test_taxsimba_phase2.TestNoStageSkipping" name="test_submit_for_admin_review_from_assigned" time="44.867" /><testcase classname="tests.test_taxsimba_phase1b_ux.TestScenarioE_AccountantPrivacy" name="test_cases_list_no_leak" time="2.835" /><testcase classname="tests.test_taxsimba_phase1b_ux.TestScenarioE_AccountantPrivacy" name="test_case_detail_no_leak" time="0.224" /><testcase classname="tests.test_taxsimba_phase1b_ux.TestScenarioE_AccountantPrivacy" name="test_accountant_forbidden_endpoints" time="0.975" /><testcase classname="tests.test_taxsimba_phase2.TestNoStageSkipping" name="test_admin_approve_when_no_review_submitted" time="0.898" /><testcase classname="tests.test_taxsimba_phase1b_ux.TestOverview" name="test_super_admin_can_read" time="0.307" /><testcase classname="tests.test_taxsimba_phase2.TestNoStageSkipping" name="test_client_approve_before_admin_approval" time="0.726" /><testcase classname="tests.test_taxsimba_phase1b_ux.TestOverview" name="test_admin_forbidden" time="0.129" /><testcase classname="tests.test_taxsimba_phase1b_ux.TestOverview" name="test_accountant_forbidden" time="0.138" /><testcase classname="tests.test_taxsimba_phase1b.TestPricing" name="test_super_admin_can_patch_price" time="2.938" /><testcase classname="tests.test_taxsimba_phase1b.TestPricing" name="test_admin_cannot_patch_price" time="0.237" /><testcase classname="tests.test_taxsimba_phase1b.TestPaymentsListing" name="test_admin_payments_list" time="0.144" /><testcase classname="tests.test_taxsimba_phase1b.TestPaymentsListing" name="test_client_my_payments" time="0.109" /><testcase classname="tests.test_taxsimba_phase2.TestNoStageSkipping" name="test_start_review_on_advanced_case" time="3.911" /><testcase classname="tests.test_taxsimba_phase2.TestAuditTrail" name="test_activity_log_has_prev_new_status" time="1.012" /><testcase classname="tests.test_taxsimba_phase2.TestAuditTrail" name="test_admin_return_comments_captured" time="0.142" /><testcase classname="tests.test_taxsimba_phase2.TestAuditTrail" name="test_super_admin_audit_log" time="0.570" /><testcase classname="tests.test_taxsimba_phase1b_ux.TestMyActions" name="test_client_b_actions_shape" time="2.426" /><testcase classname="tests.test_taxsimba_phase1b_ux.TestMyActions" name="test_accountant_and_admin_forbidden" time="0.250" /><testcase classname="tests.test_iteration6_retest.TestSendOfferAlias" name="test_send_offer_sets_approved_and_second_call_400" time="3.556" /><testcase classname="tests.test_iteration6_retest.TestScenarioA_NoMTD" name="test_no_mtd_anywhere_for_sa_only_client" time="2.629" /><testcase classname="tests.test_taxsimba_phase1b.TestUpgradeCheckoutCreates" name="test_upgrade_checkout_creates_session" time="3.236"><skipped type="pytest.skip" message="Client B already ELITE or in locked state">/app/backend/tests/test_taxsimba_phase1b.py:149: Client B already ELITE or in locked state</skipped></testcase><testcase classname="tests.test_taxsimba_phase1b_ux.TestScenarioB_Reject" name="test_reject_keeps_client_silent" time="5.596" /><testcase classname="tests.test_taxsimba_phase1b_ux.TestReopen" name="test_reopen_requires_nonempty_reason" time="1.361" /><testcase classname="tests.test_taxsimba_phase1b_ux.TestUnassignAndAssignments" name="test_unassign_and_history" time="0.381" /><testcase classname="tests.test_taxsimba_phase1b_ux.TestScenarioC_Approve" name="test_approve_creates_offer_and_double_approve_400" time="3.189"><failure message="AssertionError: {&quot;detail&quot;:&quot;Case not assigned to you&quot;}&#10;assert 403 == 200&#10; +  where 403 = &lt;Response [403]&gt;.status_code">self = &lt;test_taxsimba_phase1b_ux.TestScenarioC_Approve object at 0xfb8d0b03e2d0&gt;
tokens = {'admin': 'eyJhbGciOiJIUzI1NiIsInR5cCI6IkpXVCJ9.eyJzdWIiOiIzN2I4MzhjZC0xNDdjLTQ0YTMtOGVhYi02YTMzYzg4NjkxMDQiLCJlbWFpbC...YkB0YXhzaW1iYS5jby51ayIsInR5cGUiOiJhY2Nlc3MiLCJleHAiOjE3ODc3OTc1NzF9.2iizffuV9p1ub9OSg_58rkaXNgo8s04RJmRjwqoQB2c', ...}
fresh_sa_client = {'email': 'ux_test_fbb30963@example.com', 'password': 'UxTest@123', 'user_id': 'bf7a9788-b84d-49a3-99ea-12901f709750',...A5NjNAZXhhbXBsZS5jb20iLCJ0eXBlIjoiYWNjZXNzIiwiZXhwIjoxNzg3Nzk3NTczfQ.MR677IIPJrIGZwHkOYMmhbK2yB7xcZRaHDw2saCkEGU', ...}

    def test_approve_creates_offer_and_double_approve_400(self, tokens, fresh_sa_client):
        # create a new MTD recommendation
        r = requests.post(f"{API}/cases/{fresh_sa_client['case_id']}/recommend-mtd",
                          headers=_h(tokens["acc_b"]),
                          json={"reason": "MTD approve scenario", "note": "internal"})
&gt;       assert r.status_code == 200, r.text
E       AssertionError: {"detail":"Case not assigned to you"}
E       assert 403 == 200
E        +  where 403 = &lt;Response [403]&gt;.status_code

backend/tests/test_taxsimba_phase1b_ux.py:142: AssertionError</failure></testcase><testcase classname="tests.test_taxsimba_phase1b_ux.TestAdminFilters" name="test_cases_filter_by_service" time="0.936" /><testcase classname="tests.test_taxsimba_phase1b_ux.TestInternalNotesPrivacy" name="test_client_cannot_read_case_notes" time="0.248" /><testcase classname="tests.test_taxsimba_phase2.TestDeactivatedLogin" name="test_deactivate_and_reactivate" time="3.822" /><testcase classname="tests.test_taxsimba_phase2.TestClientCalcVisibility" name="test_client_sees_only_approved_versions" time="2.256" /></testsuite></testsuites>