<?xml version="1.0" encoding="utf-8"?><testsuites name="pytest tests"><testsuite name="pytest" errors="0" failures="0" skipped="3" tests="189" time="252.260" timestamp="2026-08-20T04:16:05.850333+00:00" hostname="agent-env-d0ee894f-c2b3-43e5-84e7-2334c36fc108"><testcase classname="tests.test_taxsimba_phase2.TestAccountantPrivacy" name="test_cases_list_no_leaks" time="5.267" /><testcase classname="tests.test_taxsimba_phase1.TestWorkflow" name="test_01_case_in_unassigned_bucket" time="4.039" /><testcase classname="tests.test_taxsimba_phase1.TestWorkflow" name="test_02_accountants_workload" time="0.169" /><testcase classname="tests.test_taxsimba_phase1.TestWorkflow" name="test_03_assign_to_accountant_a" time="0.237" /><testcase classname="tests.test_taxsimba_phase1.TestWorkflow" name="test_04_case_in_accountant_a_needs_action" time="1.165" /><testcase classname="tests.test_taxsimba_phase1.TestWorkflow" name="test_05_role_isolation_acc_b_cannot_access" time="0.373" /><testcase classname="tests.test_taxsimba_phase1.TestWorkflow" name="test_06_start_review" time="0.117" /><testcase classname="tests.test_taxsimba_phase1.TestWorkflow" name="test_07_request_from_client" time="0.365" /><testcase classname="tests.test_taxsimba_phase1.TestWorkflow" name="test_08_client_sees_task_and_notification" time="0.296" /><testcase classname="tests.test_taxsimba_phase1.TestWorkflow" name="test_09_client_uploads_file_completes_task_returns_to_accountant" time="0.504" /><testcase classname="tests.test_taxsimba_phase1.TestWorkflow" name="test_10_client_cannot_see_internal_document" time="0.483" /><testcase classname="tests.test_taxsimba_phase2.TestAccountantPrivacy" name="test_case_detail_no_leaks" time="2.508" /><testcase classname="tests.test_taxsimba_phase1.TestWorkflow" name="test_11_create_calc_v1" time="0.121" /><testcase classname="tests.test_taxsimba_phase2.TestAccountantPrivacy" name="test_tasks_no_leaks" time="0.113" /><testcase classname="tests.test_taxsimba_phase1.TestWorkflow" name="test_12_submit_blocks_on_incomplete_checklist" time="0.136" /><testcase classname="tests.test_taxsimba_phase2.TestAccountantPrivacy" name="test_documents_no_leaks" time="0.156" /><testcase classname="tests.test_taxsimba_phase1.TestWorkflow" name="test_13_submit_full_checklist" time="0.133" /><testcase classname="tests.test_taxsimba_phase2.TestAccountantPrivacy" name="test_messages_no_leaks" time="0.162" /><testcase classname="tests.test_taxsimba_phase1.TestWorkflow" name="test_14_client_cannot_see_unapproved_calc" time="0.131" /><testcase classname="tests.test_taxsimba_phase2.TestAccountantPrivacy" name="test_activity_no_leaks" time="0.107" /><testcase classname="tests.test_taxsimba_phase1.TestWorkflow" name="test_15_admin_return_for_changes" time="0.246" /><testcase classname="tests.test_taxsimba_phase2.TestAccountantPrivacy" name="test_notes_no_leaks" time="0.146" /><testcase classname="tests.test_taxsimba_phase2.TestAccountantPrivacy" name="test_calculations_no_leaks" time="0.110" /><testcase classname="tests.test_taxsimba_phase1.TestWorkflow" name="test_16_v1_locked_and_v2" time="0.264" /><testcase classname="tests.test_taxsimba_phase2.TestAccountantPrivacy" name="test_reviews_no_leaks" time="0.104" /><testcase classname="tests.test_taxsimba_phase2.TestAccountantPrivacy" name="test_submission_no_leaks" time="0.161" /><testcase classname="tests.test_taxsimba_phase1.TestWorkflow" name="test_17_resubmit_and_admin_approve" time="2.277" /><testcase classname="tests.test_taxsimba_phase2.TestAccountantPrivacy" name="test_notifications_no_leaks" time="2.188" /><testcase classname="tests.test_taxsimba_phase2.TestAccountantPrivacy" name="test_stats_no_leaks" time="0.157" /><testcase classname="tests.test_taxsimba_phase1.TestWorkflow" name="test_18_client_sees_only_approved_v2" time="0.118" /><testcase classname="tests.test_taxsimba_phase2.TestAccountantPrivacy" name="test_accountant_forbidden_users" time="0.153" /><testcase classname="tests.test_taxsimba_phase1.TestWorkflow" name="test_19_client_approve_ready_for_submission" time="0.492" /><testcase classname="tests.test_taxsimba_phase2.TestAccountantPrivacy" name="test_accountant_forbidden_users_by_role" time="0.130" /><testcase classname="tests.test_taxsimba_phase2.TestAccountantPrivacy" name="test_accountant_forbidden_workload" time="0.138" /><testcase classname="tests.test_taxsimba_phase2.TestAccountantPrivacy" name="test_accountant_forbidden_audit_log" time="0.119" /><testcase classname="tests.test_taxsimba_phase1.TestWorkflow" name="test_20_activity_timeline_populated" time="0.130" /><testcase classname="tests.test_taxsimba_phase2.TestAccountantPrivacy" name="test_accountant_cannot_access_other_accountants_case" time="0.511" /><testcase classname="tests.test_hardening_cors_ratelimit.TestSessionHardening" name="test_access_token_is_short_lived" time="0.354" /><testcase classname="tests.test_hardening_cors_ratelimit.TestSessionHardening" name="test_login_sets_httponly_access_and_refresh_cookies" time="0.387" /><testcase classname="tests.test_hardening_cors_ratelimit.TestSessionHardening" name="test_refresh_issues_new_access_token" time="1.078" /><testcase classname="tests.test_hardening_cors_ratelimit.TestSessionHardening" name="test_refresh_token_rotation_revokes_the_old_one" time="1.144" /><testcase classname="tests.test_iteration7_audit.TestAccountantRBAC" name="test_accountant_forbidden[/api/users]" time="2.868" /><testcase classname="tests.test_hardening_cors_ratelimit.TestSessionHardening" name="test_refresh_token_cannot_be_used_as_access_token" time="0.450" /><testcase classname="tests.test_iteration7_audit.TestAccountantRBAC" name="test_accountant_forbidden[/api/payments]" time="0.130" /><testcase classname="tests.test_hardening_cors_ratelimit.TestSessionHardening" name="test_logout_revokes_the_session" time="0.505" /><testcase classname="tests.test_iteration7_audit.TestAccountantRBAC" name="test_accountant_forbidden[/api/my-payments]" time="0.320" /><testcase classname="tests.test_iteration7_audit.TestAccountantRBAC" name="test_accountant_forbidden[/api/my-services]" time="0.119" /><testcase classname="tests.test_iteration7_audit.TestAccountantRBAC" name="test_accountant_forbidden[/api/overview]" time="0.109" /><testcase classname="tests.test_hardening_cors_ratelimit.TestSessionHardening" name="test_expired_access_token_rejected" time="0.107" /><testcase classname="tests.test_iteration7_audit.TestAccountantRBAC" name="test_accountant_forbidden[/api/recommendations]" time="0.099" /><testcase classname="tests.test_hardening_cors_ratelimit.TestSessionHardening" name="test_no_password_hash_in_login_response" time="0.343" /><testcase classname="tests.test_iteration7_audit.TestAccountantRBAC" name="test_accountant_cannot_see_other_accountant_case" time="3.334" /><testcase classname="tests.test_hardening_cors_ratelimit.TestSessionHardening" name="test_frontend_does_not_store_token_in_localstorage" time="0.000" /><testcase classname="tests.test_taxsimba_phase1.TestStatsAndAdmin" name="test_admin_stats_shape" time="2.507" /><testcase classname="tests.test_taxsimba_phase1.TestStatsAndAdmin" name="test_accountant_stats_shape" time="0.145" /><testcase classname="tests.test_taxsimba_phase1.TestStatsAndAdmin" name="test_client_cannot_hit_admin_stats" time="0.132" /><testcase classname="tests.test_taxsimba_phase1.TestStatsAndAdmin" name="test_notifications_and_mark_all_read" time="0.305" /><testcase classname="tests.test_taxsimba_phase1.TestStatsAndAdmin" name="test_super_admin_creates_user" time="1.540" /><testcase classname="tests.test_taxsimba_phase1.TestStatsAndAdmin" name="test_admin_cannot_create_user" time="0.147" /><testcase classname="tests.test_iteration7_audit.TestAccountantRBAC" name="test_accountant_pii_scrub_on_case_detail" time="1.828" /><testcase classname="tests.test_taxsimba_phase1.TestStatsAndAdmin" name="test_audit_log_and_workflow_settings" time="36.312" /><testcase classname="tests.test_hardening_cors_ratelimit.TestAllRoleLogins" name="test_role_login_and_me[client_a]" time="11.748" /><testcase classname="tests.test_hardening_cors_ratelimit.TestAllRoleLogins" name="test_role_login_and_me[acc_a]" time="30.524" /><testcase classname="tests.test_taxsimba_phase2.TestNegativeSubmissionCompletion" name="test_record_submission_blocked_when_not_ready" time="3.227" /><testcase classname="tests.test_taxsimba_phase2.TestNegativeSubmissionCompletion" name="test_record_submission_blocked_awaiting_assignment" time="0.535" /><testcase classname="tests.test_taxsimba_phase2.TestNegativeSubmissionCompletion" name="test_record_submission_missing_client_approval" time="1.117" /><testcase classname="tests.test_taxsimba_phase2.TestNegativeSubmissionCompletion" name="test_complete_blocked_unless_submitted" time="1.556" /><testcase classname="tests.test_hardening_cors_ratelimit.TestAllRoleLogins" name="test_role_login_and_me[acc_b]" time="0.502" /><testcase classname="tests.test_hardening_cors_ratelimit.TestAllRoleLogins" name="test_role_login_and_me[acc_c]" time="0.445" /><testcase classname="tests.test_hardening_cors_ratelimit.TestAllRoleLogins" name="test_role_login_and_me[admin]" time="0.481" /><testcase classname="tests.test_hardening_cors_ratelimit.TestAllRoleLogins" name="test_role_login_and_me[super]" time="0.693" /><testcase classname="tests.test_hardening_cors_ratelimit.TestLoginRateLimit" name="test_five_failures_then_429_with_retry_after" time="2.573" /><testcase classname="tests.test_taxsimba_phase2.TestNegativeSubmissionCompletion" name="test_accountant_cannot_record_submission" time="4.203" /><testcase classname="tests.test_taxsimba_phase2.TestNegativeSubmissionCompletion" name="test_accountant_cannot_complete" time="0.119" /><testcase classname="tests.test_hardening_cors_ratelimit.TestLoginRateLimit" name="test_lock_applies_even_to_correct_password" time="3.513" /><testcase classname="tests.test_hardening_cors_ratelimit.TestCors" name="test_no_wildcard_origin_returned" time="0.002" /><testcase classname="tests.test_hardening_cors_ratelimit.TestCors" name="test_approved_origin_allowed" time="0.002" /><testcase classname="tests.test_hardening_cors_ratelimit.TestCors" name="test_unapproved_origin_rejected" time="0.002" /><testcase classname="tests.test_hardening_cors_ratelimit.TestCors" name="test_env_has_no_wildcard" time="0.000" /><testcase classname="tests.test_hardening_cors_ratelimit.TestCors" name="test_startup_guard_rejects_wildcard_and_empty" time="0.486" /><testcase classname="tests.test_iteration8_verify.TestRecommendationGuards" name="test_duplicate_mtd_returns_409_and_no_second_row" time="3.365" /><testcase classname="tests.test_hardening_cors_ratelimit.TestLoginRateLimit" name="test_other_account_unaffected_by_lock" time="2.976" /><testcase classname="tests.test_iteration8_verify.TestRecommendationGuards" name="test_duplicate_package_returns_409" time="2.587" /><testcase classname="tests.test_iteration8_verify.TestRecommendationGuards" name="test_types_are_independent" time="2.494" /><testcase classname="tests.test_hardening_cors_ratelimit.TestLoginRateLimit" name="test_success_clears_counters" time="4.031" /><testcase classname="tests.test_iteration8_verify.TestRecommendationGuards" name="test_after_rejection_new_rec_allowed" time="2.160" /><testcase classname="tests.test_hardening_cors_ratelimit.TestLoginRateLimit" name="test_disabled_account_failure_is_not_counted" time="3.894" /><testcase classname="tests.test_iteration8_verify.TestRecommendationGuards" name="test_after_approval_third_rec_still_blocked" time="2.578" /><testcase classname="tests.test_taxsimba_phase1b.TestLock" name="test_client_a_locked" time="3.479" /><testcase classname="tests.test_taxsimba_phase1b.TestRecommendations" name="test_recommend_package_upgrade" time="4.204"><skipped type="pytest.skip" message="Client already on highest package (ELITE)">/app/backend/tests/test_taxsimba_phase1b.py:189: Client already on highest package (ELITE)</skipped></testcase><testcase classname="tests.test_taxsimba_phase1b.TestLock" name="test_client_a_upgrade_blocked" time="0.144" /><testcase classname="tests.test_taxsimba_phase1b.TestRecommendations" name="test_recommend_package_downgrade_rejected" time="0.233" /><testcase classname="tests.test_taxsimba_phase1b.TestLock" name="test_lock_settings_readable_admin" time="0.184" /><testcase classname="tests.test_taxsimba_phase1b.TestRecommendations" name="test_recommend_mtd" time="0.183" /><testcase classname="tests.test_taxsimba_phase1b.TestLock" name="test_lock_settings_admin_cannot_patch" time="0.170" /><testcase classname="tests.test_taxsimba_phase1b.TestRecommendations" name="test_accountant_403_on_admin_endpoints" time="1.027" /><testcase classname="tests.test_taxsimba_phase1b.TestLock" name="test_lock_settings_super_admin_patch" time="0.229" /><testcase classname="tests.test_taxsimba_phase1b.TestRecommendations" name="test_accountant_case_list_privacy" time="0.482" /><testcase classname="tests.test_hardening_cors_ratelimit.TestRateLimitPolicy" name="test_scope_thresholds" time="0.000" /><testcase classname="tests.test_hardening_cors_ratelimit.TestRateLimitPolicy" name="test_account_scope_locks_across_ips" time="0.081" /><testcase classname="tests.test_hardening_cors_ratelimit.TestRateLimitPolicy" name="test_exponential_backoff" time="0.101" /><testcase classname="tests.test_hardening_cors_ratelimit.TestRateLimitPolicy" name="test_xff_only_trusted_from_proxy_cidrs" time="0.050" /><testcase classname="tests.test_iteration6_retest.TestNewClientBootstrap" name="test_admin_created_client_has_sa_active_mtd_not_active" time="1.612" /><testcase classname="tests.test_iteration6_retest.TestNewClientBootstrap" name="test_admin_created_client_elite_upgrade_100" time="0.102" /><testcase classname="tests.test_iteration6_retest.TestNewClientBootstrap" name="test_selfreg_client_has_sa_active_mtd_not_active" time="0.864" /><testcase classname="tests.test_iteration6_retest.TestNewClientBootstrap" name="test_selfreg_client_elite_upgrade_100" time="0.171" /><testcase classname="tests.test_taxsimba_phase2.TestFullLifecycle" name="test_01_ready_for_submission" time="48.921" /><testcase classname="tests.test_taxsimba_phase2.TestFullLifecycle" name="test_02_record_submission_records_details" time="0.131" /><testcase classname="tests.test_taxsimba_phase2.TestFullLifecycle" name="test_03_get_submission_endpoint" time="0.190" /><testcase classname="tests.test_taxsimba_phase2.TestFullLifecycle" name="test_04_mark_completed" time="0.112" /><testcase classname="tests.test_taxsimba_phase2.TestFullLifecycle" name="test_05_completed_status_visible_all_roles" time="0.385" /><testcase classname="tests.test_iteration9_final_lock.TestAuditedContactReveal" name="test_super_admin_reveal_returns_full_and_logs" time="2.184" /><testcase classname="tests.test_iteration9_final_lock.TestAuditedContactReveal" name="test_blank_reason_rejected" time="0.479" /><testcase classname="tests.test_iteration9_final_lock.TestAuditedContactReveal" name="test_admin_and_accountant_cannot_reveal" time="0.319" /><testcase classname="tests.test_iteration9_final_lock.TestAuditedContactReveal" name="test_access_log_only_super_admin" time="0.247" /><testcase classname="tests.test_taxsimba_phase1b.TestMultiService" name="test_my_services_client_b" time="2.216" /><testcase classname="tests.test_taxsimba_phase1b.TestMultiService" name="test_admin_view_client_services" time="0.239" /><testcase classname="tests.test_taxsimba_phase1b.TestMultiService" name="test_accountant_cannot_read_client_services" time="0.239" /><testcase classname="tests.test_taxsimba_phase1b.TestMultiService" name="test_accountant_cannot_read_my_services" time="0.111" /><testcase classname="tests.test_taxsimba_phase1b_ux.TestScenarioA_SAOnlyClient" name="test_my_offers_empty" time="3.105" /><testcase classname="tests.test_taxsimba_phase1b_ux.TestScenarioA_SAOnlyClient" name="test_my_services_has_sa_only_active" time="0.116" /><testcase classname="tests.test_taxsimba_phase1b_ux.TestScenarioA_SAOnlyClient" name="test_my_actions_no_mtd" time="0.103" /><testcase classname="tests.test_taxsimba_phase1b_ux.TestScenarioA_SAOnlyClient" name="test_tasks_documents_no_mtd_filter" time="0.217" /><testcase classname="tests.test_taxsimba_phase2.TestNoStageSkipping" name="test_submit_for_admin_review_from_assigned" time="2.757" /><testcase classname="tests.test_taxsimba_phase2.TestNoStageSkipping" name="test_admin_approve_when_no_review_submitted" time="4.014" /><testcase classname="tests.test_taxsimba_phase2.TestNoStageSkipping" name="test_client_approve_before_admin_approval" time="0.646" /><testcase classname="tests.test_iteration9_final_lock.TestAdminContactMasking" name="test_admin_sees_masked_client_email_and_phone" time="70.120" /><testcase classname="tests.test_iteration9_final_lock.TestAdminContactMasking" name="test_superadmin_sees_full_contact" time="0.118" /><testcase classname="tests.test_iteration9_final_lock.TestAdminContactMasking" name="test_admin_non_client_rows_not_masked" time="0.110" /><testcase classname="tests.test_iteration9_final_lock.TestAdminContactMasking" name="test_no_password_hash_ever_returned" time="0.254" /><testcase classname="tests.test_iteration8_verify.TestPaymentReuse" name="test_upgrade_checkout_reuses_session" time="3.202" /><testcase classname="tests.test_iteration8_verify.TestPaymentReuse" name="test_offer_checkout_reuses_session" time="13.449" /><testcase classname="tests.test_iteration8_verify.TestPaymentReuse" name="test_status_polling_is_idempotent" time="2.568" /><testcase classname="tests.test_iteration9_final_lock.TestMandatoryBlocksSubmissionOnly" name="test_mandatory_task_blocks_submission_but_not_client_dashboard" time="3.759" /><testcase classname="tests.test_iteration9_final_lock.TestMandatoryBlocksSubmissionOnly" name="test_record_submission_blocked_by_open_mandatory_task" time="2.209" /><testcase classname="tests.test_iteration9_final_lock.TestMandatoryBlocksSubmissionOnly" name="test_client_dashboard_never_blocked_by_missing_info" time="2.028" /><testcase classname="tests.test_taxsimba_phase1.TestAuth" name="test_login_all_roles" time="2.317" /><testcase classname="tests.test_taxsimba_phase1.TestAuth" name="test_login_invalid" time="0.336" /><testcase classname="tests.test_taxsimba_phase1.TestAuth" name="test_me_and_roles" time="0.735" /><testcase classname="tests.test_taxsimba_phase2.TestNoStageSkipping" name="test_start_review_on_advanced_case" time="38.993" /><testcase classname="tests.test_taxsimba_phase1b.TestUpgradeOptions" name="test_client_b_upgrade_options" time="3.290" /><testcase classname="tests.test_taxsimba_phase1b.TestUpgradeOptions" name="test_downgrade_checkout_rejected" time="0.334" /><testcase classname="tests.test_taxsimba_phase1b.TestUpgradeOptions" name="test_equal_package_checkout_rejected" time="0.449" /><testcase classname="tests.test_taxsimba_phase1b.TestAdminOffer" name="test_send_mtd_offer_and_decline_workflow" time="0.893" /><testcase classname="tests.test_iteration7_audit.TestWorkflowStageSkip" name="test_skip_to_admin_review_from_assigned" time="4.080" /><testcase classname="tests.test_iteration7_audit.TestWorkflowStageSkip" name="test_client_approve_before_admin_approved" time="0.098" /><testcase classname="tests.test_iteration7_audit.TestWorkflowStageSkip" name="test_record_submission_before_ready" time="0.120" /><testcase classname="tests.test_taxsimba_phase1b.TestAdminOffer" name="test_offer_checkout_session" time="0.770" /><testcase classname="tests.test_taxsimba_phase1b.TestAdminOffer" name="test_decline_recommendation" time="0.363"><skipped type="pytest.skip" message="no pending package rec">/app/backend/tests/test_taxsimba_phase1b.py:304: no pending package rec</skipped></testcase><testcase classname="tests.test_taxsimba_phase1b.TestOverride" name="test_override_requires_reason" time="3.100" /><testcase classname="tests.test_taxsimba_phase1b.TestOverride" name="test_override_accountant_forbidden" time="0.603" /><testcase classname="tests.test_taxsimba_phase1b.TestOverride" name="test_override_success" time="0.645" /><testcase classname="tests.test_taxsimba_phase1b_ux.TestScenarioE_AccountantPrivacy" name="test_cases_list_no_leak" time="2.806" /><testcase classname="tests.test_taxsimba_phase1b_ux.TestScenarioE_AccountantPrivacy" name="test_case_detail_no_leak" time="0.421" /><testcase classname="tests.test_taxsimba_phase1b_ux.TestScenarioE_AccountantPrivacy" name="test_accountant_forbidden_endpoints" time="1.640" /><testcase classname="tests.test_taxsimba_phase1b_ux.TestOverview" name="test_super_admin_can_read" time="2.841" /><testcase classname="tests.test_taxsimba_phase1b_ux.TestOverview" name="test_admin_forbidden" time="0.120" /><testcase classname="tests.test_taxsimba_phase1b_ux.TestOverview" name="test_accountant_forbidden" time="0.258" /><testcase classname="tests.test_iteration7_audit.TestDuplicateRecommendations" name="test_duplicate_mtd_recommendation_should_be_rejected" time="4.070" /><testcase classname="tests.test_iteration7_audit.TestDuplicateRecommendations" name="test_duplicate_package_recommendation_should_be_rejected" time="0.346" /><testcase classname="tests.test_iteration7_audit.TestPackageRules" name="test_downgrade_rejected" time="0.140" /><testcase classname="tests.test_iteration7_audit.TestPackageRules" name="test_equal_package_rejected" time="0.118" /><testcase classname="tests.test_taxsimba_phase2.TestAuditTrail" name="test_activity_log_has_prev_new_status" time="6.995" /><testcase classname="tests.test_taxsimba_phase2.TestAuditTrail" name="test_admin_return_comments_captured" time="0.324" /><testcase classname="tests.test_taxsimba_phase2.TestAuditTrail" name="test_super_admin_audit_log" time="0.525" /><testcase classname="tests.test_iteration9_final_lock.TestRequestFromClientStageGuard" name="test_rejected_when_status_disallows_awaiting_client" time="5.718" /><testcase classname="tests.test_taxsimba_phase1b.TestPaymentsListing" name="test_admin_payments_list" time="2.646" /><testcase classname="tests.test_taxsimba_phase1b.TestPaymentsListing" name="test_client_my_payments" time="0.111" /><testcase classname="tests.test_iteration9_final_lock.TestRequestFromClientStageGuard" name="test_permitted_from_allowed_states" time="1.609" /><testcase classname="tests.test_taxsimba_phase1b_ux.TestMyActions" name="test_client_b_actions_shape" time="2.403" /><testcase classname="tests.test_taxsimba_phase1b_ux.TestMyActions" name="test_accountant_and_admin_forbidden" time="0.254" /><testcase classname="tests.test_iteration6_retest.TestScenarioA_NoMTD" name="test_no_mtd_anywhere_for_sa_only_client" time="3.024" /><testcase classname="tests.test_iteration6_retest.TestSendOfferAlias" name="test_send_offer_sets_approved_and_second_call_400" time="2.516" /><testcase classname="tests.test_taxsimba_phase1b.TestPricing" name="test_super_admin_can_patch_price" time="3.674" /><testcase classname="tests.test_taxsimba_phase1b.TestPricing" name="test_admin_cannot_patch_price" time="0.423" /><testcase classname="tests.test_iteration7_audit.TestDuplicatePayment" name="test_two_concurrent_upgrade_sessions_created" time="4.822" /><testcase classname="tests.test_iteration7_audit.TestDeactivatedUser" name="test_deactivated_token_rejected" time="5.102" /><testcase classname="tests.test_iteration9_final_lock.TestMultiAccountantIsolation" name="test_isolation_at_scale" time="19.313" /><testcase classname="tests.test_iteration7_audit.TestDocumentIDOR" name="test_client_cannot_download_other_client_document" time="2.694" /><testcase classname="tests.test_taxsimba_phase1b.TestUpgradeCheckoutCreates" name="test_upgrade_checkout_creates_session" time="2.627"><skipped type="pytest.skip" message="Client B already ELITE or in locked state">/app/backend/tests/test_taxsimba_phase1b.py:149: Client B already ELITE or in locked state</skipped></testcase><testcase classname="tests.test_taxsimba_phase1b_ux.TestScenarioC_Approve" name="test_approve_creates_offer_and_double_approve_400" time="4.915" /><testcase classname="tests.test_taxsimba_phase1b_ux.TestReopen" name="test_reopen_requires_nonempty_reason" time="2.318" /><testcase classname="tests.test_taxsimba_phase1b_ux.TestUnassignAndAssignments" name="test_unassign_and_history" time="0.443" /><testcase classname="tests.test_taxsimba_phase1b_ux.TestAdminFilters" name="test_cases_filter_by_service" time="1.627" /><testcase classname="tests.test_taxsimba_phase1b_ux.TestInternalNotesPrivacy" name="test_client_cannot_read_case_notes" time="0.136" /><testcase classname="tests.test_taxsimba_phase2.TestDeactivatedLogin" name="test_deactivate_and_reactivate" time="4.082" /><testcase classname="tests.test_iteration9_final_lock.TestReassignmentPreservesData" name="test_reassign_a_to_b_preserves_history" time="2.757" /><testcase classname="tests.test_taxsimba_phase2.TestClientCalcVisibility" name="test_client_sees_only_approved_versions" time="2.972" /><testcase classname="tests.test_taxsimba_phase1b_ux.TestScenarioB_Reject" name="test_reject_keeps_client_silent" time="3.868" /></testsuite></testsuites>