<?xml version="1.0" encoding="utf-8"?><testsuites name="pytest tests"><testsuite name="pytest" errors="0" failures="0" skipped="0" tests="28" time="123.319" timestamp="2026-08-24T01:28:34.034492+00:00" hostname="agent-env-d0ee894f-c2b3-43e5-84e7-2334c36fc108"><testcase classname="tests.test_iteration14_security_hardening.TestBaselineLogin" name="test_client_login_no_2fa" time="1.608" /><testcase classname="tests.test_iteration14_security_hardening.TestBaselineLogin" name="test_accountant_login_no_2fa" time="0.688" /><testcase classname="tests.test_iteration14_security_hardening.TestBaselineLogin" name="test_admin_login_no_2fa" time="0.364" /><testcase classname="tests.test_iteration14_security_hardening.TestBaselineLogin" name="test_super_admin_login_no_2fa" time="0.327" /><testcase classname="tests.test_iteration14_security_hardening.TestSecurityHeaders" name="test_headers_present_on_api" time="0.479" /><testcase classname="tests.test_iteration14_security_hardening.TestPasswordPolicy" name="test_rejects_short" time="0.732" /><testcase classname="tests.test_iteration14_security_hardening.TestPasswordPolicy" name="test_rejects_common" time="0.692" /><testcase classname="tests.test_iteration14_security_hardening.TestPasswordPolicy" name="test_rejects_contains_email_local" time="0.710" /><testcase classname="tests.test_iteration14_security_hardening.TestPasswordPolicy" name="test_strong_password_accepted_and_revokes_sessions" time="2.202" /><testcase classname="tests.test_iteration14_security_hardening.TestUploadValidation" name="test_exe_rejected_415" time="0.772" /><testcase classname="tests.test_iteration14_security_hardening.TestUploadValidation" name="test_html_rejected_415" time="0.706" /><testcase classname="tests.test_iteration14_security_hardening.TestUploadValidation" name="test_empty_rejected_400" time="0.719" /><testcase classname="tests.test_iteration14_security_hardening.TestUploadValidation" name="test_oversize_rejected_413" time="1.811" /><testcase classname="tests.test_iteration14_security_hardening.TestUploadValidation" name="test_valid_pdf_uploads" time="1.405" /><testcase classname="tests.test_iteration14_security_hardening.TestTwoFactor" name="test_a_enrol_returns_qr_and_secret" time="0.458" /><testcase classname="tests.test_iteration14_security_hardening.TestTwoFactor" name="test_b_activate_returns_recovery_codes" time="2.730" /><testcase classname="tests.test_iteration14_security_hardening.TestTwoFactor" name="test_c_login_now_returns_challenge_no_session" time="0.383" /><testcase classname="tests.test_iteration14_security_hardening.TestTwoFactor" name="test_d_wrong_code_rejected" time="2.367" /><testcase classname="tests.test_iteration14_security_hardening.TestTwoFactor" name="test_e_valid_code_issues_session" time="31.544" /><testcase classname="tests.test_iteration14_security_hardening.TestTwoFactor" name="test_f_challenge_cannot_be_replayed" time="0.133" /><testcase classname="tests.test_iteration14_security_hardening.TestTwoFactor" name="test_g_totp_code_cannot_be_used_twice" time="2.729" /><testcase classname="tests.test_iteration14_security_hardening.TestTwoFactor" name="test_h_recovery_code_works_once" time="3.154" /><testcase classname="tests.test_iteration14_security_hardening.TestTwoFactor" name="test_i_client_login_unaffected" time="0.387" /><testcase classname="tests.test_iteration14_security_hardening.TestTwoFactor" name="test_j_admin_cannot_disable_own_2fa" time="0.552" /><testcase classname="tests.test_iteration14_security_hardening.TestTwoFactor" name="test_k_super_admin_cannot_disable_own_2fa" time="0.510" /><testcase classname="tests.test_iteration14_security_hardening.TestTwoFactor" name="test_l_accountant_can_disable" time="63.389" /><testcase classname="tests.test_iteration14_security_hardening.TestPagination" name="test_cases_limit_skip" time="0.620" /><testcase classname="tests.test_iteration14_security_hardening.TestPagination" name="test_audit_limit_skip" time="1.116" /></testsuite></testsuites>