<?xml version="1.0" encoding="utf-8"?><testsuites name="pytest tests"><testsuite name="pytest" errors="0" failures="2" skipped="0" tests="209" time="188.723" timestamp="2026-08-20T12:32:51.809692+00:00" hostname="agent-env-d0ee894f-c2b3-43e5-84e7-2334c36fc108"><testcase classname="tests.test_taxsimba_phase2.TestAccountantPrivacy" name="test_cases_list_no_leaks" time="3.229" /><testcase classname="tests.test_taxsimba_phase1.TestWorkflow" name="test_01_case_in_unassigned_bucket" time="3.607" /><testcase classname="tests.test_taxsimba_phase1.TestWorkflow" name="test_02_accountants_workload" time="0.123" /><testcase classname="tests.test_taxsimba_phase1.TestWorkflow" name="test_03_assign_to_accountant_a" time="0.309" /><testcase classname="tests.test_taxsimba_phase1.TestWorkflow" name="test_04_case_in_accountant_a_needs_action" time="0.346" /><testcase classname="tests.test_taxsimba_phase1.TestWorkflow" name="test_05_role_isolation_acc_b_cannot_access" time="0.267" /><testcase classname="tests.test_taxsimba_phase1.TestWorkflow" name="test_06_start_review" time="0.184" /><testcase classname="tests.test_taxsimba_phase1.TestWorkflow" name="test_07_request_from_client" time="0.243" /><testcase classname="tests.test_taxsimba_phase1.TestWorkflow" name="test_08_client_sees_task_and_notification" time="0.240" /><testcase classname="tests.test_taxsimba_phase1.TestWorkflow" name="test_09_client_uploads_file_completes_task_returns_to_accountant" time="0.425" /><testcase classname="tests.test_taxsimba_phase2.TestAccountantPrivacy" name="test_case_detail_no_leaks" time="2.350" /><testcase classname="tests.test_taxsimba_phase2.TestAccountantPrivacy" name="test_tasks_no_leaks" time="0.126" /><testcase classname="tests.test_taxsimba_phase2.TestAccountantPrivacy" name="test_documents_no_leaks" time="0.123" /><testcase classname="tests.test_taxsimba_phase1.TestWorkflow" name="test_10_client_cannot_see_internal_document" time="0.603" /><testcase classname="tests.test_taxsimba_phase2.TestAccountantPrivacy" name="test_messages_no_leaks" time="0.227" /><testcase classname="tests.test_taxsimba_phase2.TestAccountantPrivacy" name="test_activity_no_leaks" time="0.126" /><testcase classname="tests.test_taxsimba_phase2.TestAccountantPrivacy" name="test_notes_no_leaks" time="0.159" /><testcase classname="tests.test_taxsimba_phase2.TestAccountantPrivacy" name="test_calculations_no_leaks" time="0.118" /><testcase classname="tests.test_taxsimba_phase1.TestWorkflow" name="test_11_create_calc_v1" time="0.159" /><testcase classname="tests.test_taxsimba_phase2.TestAccountantPrivacy" name="test_reviews_no_leaks" time="0.126" /><testcase classname="tests.test_taxsimba_phase1.TestWorkflow" name="test_12_submit_blocks_on_incomplete_checklist" time="0.118" /><testcase classname="tests.test_taxsimba_phase2.TestAccountantPrivacy" name="test_submission_no_leaks" time="0.134" /><testcase classname="tests.test_taxsimba_phase1.TestWorkflow" name="test_13_submit_full_checklist" time="0.123" /><testcase classname="tests.test_taxsimba_phase2.TestAccountantPrivacy" name="test_notifications_no_leaks" time="0.118" /><testcase classname="tests.test_taxsimba_phase1.TestWorkflow" name="test_14_client_cannot_see_unapproved_calc" time="0.128" /><testcase classname="tests.test_taxsimba_phase2.TestAccountantPrivacy" name="test_stats_no_leaks" time="0.121" /><testcase classname="tests.test_taxsimba_phase1.TestWorkflow" name="test_15_admin_return_for_changes" time="0.250" /><testcase classname="tests.test_taxsimba_phase2.TestAccountantPrivacy" name="test_accountant_forbidden_users" time="0.117" /><testcase classname="tests.test_taxsimba_phase2.TestAccountantPrivacy" name="test_accountant_forbidden_users_by_role" time="0.116" /><testcase classname="tests.test_taxsimba_phase1.TestWorkflow" name="test_16_v1_locked_and_v2" time="0.259" /><testcase classname="tests.test_taxsimba_phase2.TestAccountantPrivacy" name="test_accountant_forbidden_workload" time="0.121" /><testcase classname="tests.test_taxsimba_phase2.TestAccountantPrivacy" name="test_accountant_forbidden_audit_log" time="0.126" /><testcase classname="tests.test_taxsimba_phase1.TestWorkflow" name="test_17_resubmit_and_admin_approve" time="0.311" /><testcase classname="tests.test_taxsimba_phase2.TestAccountantPrivacy" name="test_accountant_cannot_access_other_accountants_case" time="0.281" /><testcase classname="tests.test_taxsimba_phase1.TestWorkflow" name="test_18_client_sees_only_approved_v2" time="0.158" /><testcase classname="tests.test_hardening_cors_ratelimit.TestTokenExposure" name="test_browser_login_body_has_no_tokens" time="0.449" /><testcase classname="tests.test_taxsimba_phase1.TestWorkflow" name="test_19_client_approve_ready_for_submission" time="0.802" /><testcase classname="tests.test_hardening_cors_ratelimit.TestTokenExposure" name="test_browser_login_body_contains_no_jwt_at_all" time="0.362" /><testcase classname="tests.test_hardening_cors_ratelimit.TestTokenExposure" name="test_browser_refresh_body_has_no_tokens" time="0.450" /><testcase classname="tests.test_taxsimba_phase1.TestWorkflow" name="test_20_activity_timeline_populated" time="0.257" /><testcase classname="tests.test_hardening_cors_ratelimit.TestSessionHardening" name="test_access_token_is_short_lived" time="0.349" /><testcase classname="tests.test_hardening_cors_ratelimit.TestTokenExposure" name="test_api_client_still_receives_bearer_token" time="0.806" /><testcase classname="tests.test_hardening_cors_ratelimit.TestSessionHardening" name="test_login_sets_httponly_access_and_refresh_cookies" time="0.518" /><testcase classname="tests.test_hardening_cors_ratelimit.TestSessionHardening" name="test_refresh_issues_new_access_token" time="0.712" /><testcase classname="tests.test_hardening_cors_ratelimit.TestTokenExposure" name="test_browser_login_all_roles_no_token_exposed[client_a]" time="0.571" /><testcase classname="tests.test_hardening_cors_ratelimit.TestTokenExposure" name="test_browser_login_all_roles_no_token_exposed[acc_a]" time="0.608" /><testcase classname="tests.test_hardening_cors_ratelimit.TestSessionHardening" name="test_refresh_token_rotation_revokes_the_old_one" time="0.820" /><testcase classname="tests.test_hardening_cors_ratelimit.TestTokenExposure" name="test_browser_login_all_roles_no_token_exposed[acc_b]" time="0.416" /><testcase classname="tests.test_hardening_cors_ratelimit.TestSessionHardening" name="test_refresh_token_cannot_be_used_as_access_token" time="0.608" /><testcase classname="tests.test_hardening_cors_ratelimit.TestTokenExposure" name="test_browser_login_all_roles_no_token_exposed[acc_c]" time="0.600" /><testcase classname="tests.test_hardening_cors_ratelimit.TestSessionHardening" name="test_logout_revokes_the_session" time="0.702" /><testcase classname="tests.test_hardening_cors_ratelimit.TestTokenExposure" name="test_browser_login_all_roles_no_token_exposed[admin]" time="0.582" /><testcase classname="tests.test_hardening_cors_ratelimit.TestTokenExposure" name="test_browser_login_all_roles_no_token_exposed[super]" time="0.412" /><testcase classname="tests.test_hardening_cors_ratelimit.TestSessionHardening" name="test_expired_access_token_rejected" time="0.289" /><testcase classname="tests.test_hardening_cors_ratelimit.TestSessionHardening" name="test_no_password_hash_in_login_response" time="0.343" /><testcase classname="tests.test_hardening_cors_ratelimit.TestSessionHardening" name="test_frontend_does_not_store_token_in_localstorage" time="0.000" /><testcase classname="tests.test_iteration11_token_exposure_adversarial.TestBrowserDetectionAdversarial" name="test_origin_only" time="0.517" /><testcase classname="tests.test_iteration11_token_exposure_adversarial.TestBrowserDetectionAdversarial" name="test_sec_fetch_mode_only_no_origin" time="0.512" /><testcase classname="tests.test_iteration11_token_exposure_adversarial.TestBrowserDetectionAdversarial" name="test_full_browser_headers" time="0.512" /><testcase classname="tests.test_iteration11_token_exposure_adversarial.TestBrowserDetectionAdversarial" name="test_referer_only_is_NOT_treated_as_browser" time="0.514" /><testcase classname="tests.test_iteration11_token_exposure_adversarial.TestBrowserDetectionAdversarial" name="test_pure_cli_still_gets_bearer_and_it_works" time="0.766" /><testcase classname="tests.test_iteration7_audit.TestAccountantRBAC" name="test_accountant_forbidden[/api/users]" time="3.254" /><testcase classname="tests.test_iteration11_token_exposure_adversarial.TestBrowserDetectionAdversarial" name="test_browser_login_cookie_only_session_works" time="0.422" /><testcase classname="tests.test_iteration7_audit.TestAccountantRBAC" name="test_accountant_forbidden[/api/payments]" time="0.220" /><testcase classname="tests.test_iteration7_audit.TestAccountantRBAC" name="test_accountant_forbidden[/api/my-payments]" time="0.116" /><testcase classname="tests.test_iteration11_token_exposure_adversarial.TestBrowserDetectionAdversarial" name="test_browser_refresh_rotates_and_leaks_nothing" time="0.539" /><testcase classname="tests.test_iteration7_audit.TestAccountantRBAC" name="test_accountant_forbidden[/api/my-services]" time="0.283" /><testcase classname="tests.test_iteration7_audit.TestAccountantRBAC" name="test_accountant_forbidden[/api/overview]" time="0.132" /><testcase classname="tests.test_iteration7_audit.TestAccountantRBAC" name="test_accountant_forbidden[/api/recommendations]" time="0.118" /><testcase classname="tests.test_iteration7_audit.TestAccountantRBAC" name="test_accountant_cannot_see_other_accountant_case" time="0.987" /><testcase classname="tests.test_taxsimba_phase1.TestStatsAndAdmin" name="test_admin_stats_shape" time="2.725" /><testcase classname="tests.test_taxsimba_phase1.TestStatsAndAdmin" name="test_accountant_stats_shape" time="0.185" /><testcase classname="tests.test_iteration7_audit.TestAccountantRBAC" name="test_accountant_pii_scrub_on_case_detail" time="1.859" /><testcase classname="tests.test_hardening_cors_ratelimit.TestAllRoleLogins" name="test_role_login_and_me[client_a]" time="0.496" /><testcase classname="tests.test_taxsimba_phase1.TestStatsAndAdmin" name="test_client_cannot_hit_admin_stats" time="0.344" /><testcase classname="tests.test_taxsimba_phase1.TestStatsAndAdmin" name="test_notifications_and_mark_all_read" time="0.516" /><testcase classname="tests.test_hardening_cors_ratelimit.TestAllRoleLogins" name="test_role_login_and_me[acc_a]" time="0.517" /><testcase classname="tests.test_taxsimba_phase1.TestStatsAndAdmin" name="test_super_admin_creates_user" time="1.553" /><testcase classname="tests.test_hardening_cors_ratelimit.TestAllRoleLogins" name="test_role_login_and_me[acc_b]" time="0.774" /><testcase classname="tests.test_hardening_cors_ratelimit.TestAllRoleLogins" name="test_role_login_and_me[acc_c]" time="0.635" /><testcase classname="tests.test_taxsimba_phase1.TestStatsAndAdmin" name="test_admin_cannot_create_user" time="0.122" /><testcase classname="tests.test_hardening_cors_ratelimit.TestAllRoleLogins" name="test_role_login_and_me[admin]" time="0.502" /><testcase classname="tests.test_taxsimba_phase1.TestStatsAndAdmin" name="test_audit_log_and_workflow_settings" time="0.738" /><testcase classname="tests.test_hardening_cors_ratelimit.TestAllRoleLogins" name="test_role_login_and_me[super]" time="0.694" /><testcase classname="tests.test_hardening_cors_ratelimit.TestCors" name="test_no_wildcard_origin_returned" time="0.002" /><testcase classname="tests.test_hardening_cors_ratelimit.TestCors" name="test_approved_origin_allowed" time="0.002" /><testcase classname="tests.test_hardening_cors_ratelimit.TestCors" name="test_unapproved_origin_rejected" time="0.001" /><testcase classname="tests.test_hardening_cors_ratelimit.TestCors" name="test_env_has_no_wildcard" time="0.000" /><testcase classname="tests.test_hardening_cors_ratelimit.TestCors" name="test_startup_guard_rejects_wildcard_and_empty" time="0.490" /><testcase classname="tests.test_hardening_cors_ratelimit.TestLoginRateLimit" name="test_five_failures_then_429_with_retry_after" time="3.511" /><testcase classname="tests.test_taxsimba_phase2.TestNegativeSubmissionCompletion" name="test_record_submission_blocked_when_not_ready" time="4.703" /><testcase classname="tests.test_hardening_cors_ratelimit.TestLoginRateLimit" name="test_lock_applies_even_to_correct_password" time="2.305" /><testcase classname="tests.test_taxsimba_phase2.TestNegativeSubmissionCompletion" name="test_record_submission_blocked_awaiting_assignment" time="0.861" /><testcase classname="tests.test_taxsimba_phase2.TestNegativeSubmissionCompletion" name="test_record_submission_missing_client_approval" time="2.182" /><testcase classname="tests.test_hardening_cors_ratelimit.TestLoginRateLimit" name="test_other_account_unaffected_by_lock" time="2.667" /><testcase classname="tests.test_taxsimba_phase2.TestNegativeSubmissionCompletion" name="test_complete_blocked_unless_submitted" time="2.261" /><testcase classname="tests.test_hardening_cors_ratelimit.TestLoginRateLimit" name="test_success_clears_counters" time="3.494" /><testcase classname="tests.test_hardening_cors_ratelimit.TestLoginRateLimit" name="test_disabled_account_failure_is_not_counted" time="3.802" /><testcase classname="tests.test_taxsimba_phase2.TestNegativeSubmissionCompletion" name="test_accountant_cannot_record_submission" time="4.185" /><testcase classname="tests.test_taxsimba_phase2.TestNegativeSubmissionCompletion" name="test_accountant_cannot_complete" time="0.125" /><testcase classname="tests.test_taxsimba_phase1b.TestLock" name="test_client_a_locked" time="3.324" /><testcase classname="tests.test_taxsimba_phase1b.TestLock" name="test_client_a_upgrade_blocked" time="0.343" /><testcase classname="tests.test_iteration8_verify.TestRecommendationGuards" name="test_duplicate_mtd_returns_409_and_no_second_row" time="2.913" /><testcase classname="tests.test_taxsimba_phase1b.TestLock" name="test_lock_settings_readable_admin" time="0.341" /><testcase classname="tests.test_taxsimba_phase1b.TestLock" name="test_lock_settings_admin_cannot_patch" time="0.157" /><testcase classname="tests.test_taxsimba_phase1b.TestLock" name="test_lock_settings_super_admin_patch" time="0.440" /><testcase classname="tests.test_taxsimba_phase1b.TestRecommendations" name="test_recommend_package_upgrade" time="0.393" /><testcase classname="tests.test_taxsimba_phase1b.TestRecommendations" name="test_recommend_package_downgrade_rejected" time="2.499"><failure message="assert 409 == 400&#10; +  where 409 = &lt;Response [409]&gt;.status_code">E   assert 409 == 400
     +  where 409 = &lt;Response [409]&gt;.status_code</failure></testcase><testcase classname="tests.test_iteration8_verify.TestRecommendationGuards" name="test_duplicate_package_returns_409" time="1.328" /><testcase classname="tests.test_iteration8_verify.TestRecommendationGuards" name="test_types_are_independent" time="1.374" /><testcase classname="tests.test_taxsimba_phase1b.TestRecommendations" name="test_recommend_mtd" time="0.123" /><testcase classname="tests.test_taxsimba_phase1b.TestRecommendations" name="test_accountant_403_on_admin_endpoints" time="0.913" /><testcase classname="tests.test_iteration8_verify.TestRecommendationGuards" name="test_after_rejection_new_rec_allowed" time="2.650" /><testcase classname="tests.test_taxsimba_phase1b.TestRecommendations" name="test_accountant_case_list_privacy" time="0.327" /><testcase classname="tests.test_iteration8_verify.TestRecommendationGuards" name="test_after_approval_third_rec_still_blocked" time="3.371" /><testcase classname="tests.test_taxsimba_phase2.TestFullLifecycle" name="test_01_ready_for_submission" time="5.223" /><testcase classname="tests.test_hardening_cors_ratelimit.TestRateLimitPolicy" name="test_scope_thresholds" time="0.000" /><testcase classname="tests.test_hardening_cors_ratelimit.TestRateLimitPolicy" name="test_account_scope_locks_across_ips" time="0.051" /><testcase classname="tests.test_hardening_cors_ratelimit.TestRateLimitPolicy" name="test_exponential_backoff" time="0.050" /><testcase classname="tests.test_hardening_cors_ratelimit.TestRateLimitPolicy" name="test_xff_only_trusted_from_proxy_cidrs" time="0.003" /><testcase classname="tests.test_taxsimba_phase2.TestFullLifecycle" name="test_02_record_submission_records_details" time="0.301" /><testcase classname="tests.test_taxsimba_phase2.TestFullLifecycle" name="test_03_get_submission_endpoint" time="0.137" /><testcase classname="tests.test_taxsimba_phase2.TestFullLifecycle" name="test_04_mark_completed" time="0.288" /><testcase classname="tests.test_taxsimba_phase2.TestFullLifecycle" name="test_05_completed_status_visible_all_roles" time="0.560" /><testcase classname="tests.test_iteration6_retest.TestNewClientBootstrap" name="test_admin_created_client_has_sa_active_mtd_not_active" time="1.322" /><testcase classname="tests.test_iteration6_retest.TestNewClientBootstrap" name="test_admin_created_client_elite_upgrade_100" time="0.163" /><testcase classname="tests.test_iteration6_retest.TestNewClientBootstrap" name="test_selfreg_client_has_sa_active_mtd_not_active" time="1.069" /><testcase classname="tests.test_iteration6_retest.TestNewClientBootstrap" name="test_selfreg_client_elite_upgrade_100" time="0.124" /><testcase classname="tests.test_iteration9_final_lock.TestAdminContactMasking" name="test_admin_sees_masked_client_email_and_phone" time="3.230" /><testcase classname="tests.test_iteration9_final_lock.TestAdminContactMasking" name="test_superadmin_sees_full_contact" time="0.135" /><testcase classname="tests.test_iteration9_final_lock.TestAdminContactMasking" name="test_admin_non_client_rows_not_masked" time="0.350" /><testcase classname="tests.test_iteration9_final_lock.TestAuditedContactReveal" name="test_super_admin_reveal_returns_full_and_logs" time="2.756" /><testcase classname="tests.test_iteration9_final_lock.TestAdminContactMasking" name="test_no_password_hash_ever_returned" time="0.251" /><testcase classname="tests.test_iteration9_final_lock.TestAuditedContactReveal" name="test_blank_reason_rejected" time="0.961" /><testcase classname="tests.test_iteration9_final_lock.TestAuditedContactReveal" name="test_admin_and_accountant_cannot_reveal" time="0.534" /><testcase classname="tests.test_iteration9_final_lock.TestAuditedContactReveal" name="test_access_log_only_super_admin" time="0.643" /><testcase classname="tests.test_taxsimba_phase1b.TestMultiService" name="test_my_services_client_b" time="2.617" /><testcase classname="tests.test_taxsimba_phase1b.TestMultiService" name="test_admin_view_client_services" time="0.690" /><testcase classname="tests.test_taxsimba_phase1b.TestMultiService" name="test_accountant_cannot_read_client_services" time="0.381" /><testcase classname="tests.test_taxsimba_phase1b.TestMultiService" name="test_accountant_cannot_read_my_services" time="0.122" /><testcase classname="tests.test_taxsimba_phase1b_ux.TestScenarioA_SAOnlyClient" name="test_my_offers_empty" time="3.730" /><testcase classname="tests.test_taxsimba_phase1b_ux.TestScenarioA_SAOnlyClient" name="test_my_services_has_sa_only_active" time="0.119" /><testcase classname="tests.test_taxsimba_phase1b_ux.TestScenarioA_SAOnlyClient" name="test_my_actions_no_mtd" time="0.288" /><testcase classname="tests.test_taxsimba_phase1b_ux.TestScenarioA_SAOnlyClient" name="test_tasks_documents_no_mtd_filter" time="0.362" /><testcase classname="tests.test_taxsimba_phase2.TestNoStageSkipping" name="test_submit_for_admin_review_from_assigned" time="4.470" /><testcase classname="tests.test_taxsimba_phase2.TestNoStageSkipping" name="test_admin_approve_when_no_review_submitted" time="1.563" /><testcase classname="tests.test_taxsimba_phase2.TestNoStageSkipping" name="test_client_approve_before_admin_approval" time="0.663" /><testcase classname="tests.test_iteration7_audit.TestWorkflowStageSkip" name="test_skip_to_admin_review_from_assigned" time="3.538" /><testcase classname="tests.test_iteration7_audit.TestWorkflowStageSkip" name="test_client_approve_before_admin_approved" time="0.134" /><testcase classname="tests.test_iteration7_audit.TestWorkflowStageSkip" name="test_record_submission_before_ready" time="0.174" /><testcase classname="tests.test_iteration9_final_lock.TestMandatoryBlocksSubmissionOnly" name="test_mandatory_task_blocks_submission_but_not_client_dashboard" time="4.712" /><testcase classname="tests.test_taxsimba_phase2.TestNoStageSkipping" name="test_start_review_on_advanced_case" time="3.670" /><testcase classname="tests.test_iteration8_verify.TestPaymentReuse" name="test_upgrade_checkout_reuses_session" time="3.794" /><testcase classname="tests.test_iteration9_final_lock.TestMandatoryBlocksSubmissionOnly" name="test_record_submission_blocked_by_open_mandatory_task" time="3.823" /><testcase classname="tests.test_iteration8_verify.TestPaymentReuse" name="test_offer_checkout_reuses_session" time="3.028" /><testcase classname="tests.test_iteration9_final_lock.TestMandatoryBlocksSubmissionOnly" name="test_client_dashboard_never_blocked_by_missing_info" time="3.468" /><testcase classname="tests.test_iteration8_verify.TestPaymentReuse" name="test_status_polling_is_idempotent" time="3.076" /><testcase classname="tests.test_taxsimba_phase1.TestAuth" name="test_login_all_roles" time="33.330" /><testcase classname="tests.test_taxsimba_phase1.TestAuth" name="test_login_invalid" time="0.720" /><testcase classname="tests.test_taxsimba_phase1.TestAuth" name="test_me_and_roles" time="1.033" /><testcase classname="tests.test_taxsimba_phase1b.TestUpgradeOptions" name="test_client_b_upgrade_options" time="33.067" /><testcase classname="tests.test_taxsimba_phase1b.TestUpgradeOptions" name="test_downgrade_checkout_rejected" time="0.117" /><testcase classname="tests.test_taxsimba_phase1b.TestUpgradeOptions" name="test_equal_package_checkout_rejected" time="0.252" /><testcase classname="tests.test_taxsimba_phase1b.TestOverride" name="test_override_requires_reason" time="0.265" /><testcase classname="tests.test_taxsimba_phase1b.TestOverride" name="test_override_accountant_forbidden" time="0.394" /><testcase classname="tests.test_taxsimba_phase1b.TestOverride" name="test_override_success" time="0.954" /><testcase classname="tests.test_taxsimba_phase1b.TestAdminOffer" name="test_send_mtd_offer_and_decline_workflow" time="2.933"><failure message="AssertionError: No pending MTD rec found: [{'id': 'f45a8a32-f9fa-4166-820f-4e868e105a8c', 'type': 'PACKAGE_UPGRADE', 'case_id': '02c76e45-020c-4df9-b73e-5f122c424f54', 'case_ref': 'SA-1013', 'client_id': 'd0d17cff-0e5e-4722-b2db-2cd5c90ded9d', 'client_user_id': '3608c571-65c2-43e6-813f-d6a43633d413', 'client_name': 'IT8 Client', 'service_type': 'SELF_ASSESSMENT', 'recommended_package': 'ELITE', 'reason': 'second try', 'note': None, 'raised_by_id': 'b8a22924-0340-4d55-9b6d-57c6ac953ab9', 'raised_by_name': 'Amara Boateng', 'raised_by_role': 'ACCOUNTANT', 'status': 'PENDING', 'created_at': '2026-08-20T12:33:40.492253+00:00'}, {'id': '414d08cb-7177-4ec4-a0f0-8ba8a7c05813', 'type': 'PACKAGE_UPGRADE', 'case_id': 'c1813154-42c5-41f8-ba82-1130e5083522', 'case_ref': 'SA-1012', 'client_id': '2c5a8a44-7dfa-456e-a6a8-9996ab75ccea', 'client_user_id': '5254395a-999e-4916-9f84-6ab0d2bed6cd', 'client_name': 'IT8 Client', 'service_type': 'SELF_ASSESSMENT', 'recommended_package': 'ELITE', 'reason': 'pkg', 'note': None, 'raised_by_id': 'b8a22924-0340-4d55-9b6d-57c6ac953ab9', 'raised_by_name': 'Amara Boateng', 'raised_by_role': 'ACCOUNTANT', 'status': 'PENDING', 'created_at': '2026-08-20T12:33:37.839435+00:00'}, {'id': '00401a6d-3220-4fd6-850c-dc947879ecb4', 'type': 'MTD', 'case_id': 'c1813154-42c5-41f8-ba82-1130e5083522', 'case_ref': 'SA-1012', 'client_id': '2c5a8a44-7dfa-456e-a6a8-9996ab75ccea', 'client_user_id': '5254395a-999e-4916-9f84-6ab0d2bed6cd', 'client_name': 'IT8 Client', 'service_type': 'MTD_INCOME_TAX', 'recommended_package': None, 'reason': 'mtd', 'note': None, 'raised_by_id': 'b8a22924-0340-4d55-9b6d-57c6ac953ab9', 'raised_by_name': 'Amara Boateng', 'raised_by_role': 'ACCOUNTANT', 'status': 'PENDING', 'created_at': '2026-08-20T12:33:37.697738+00:00'}]&#10;assert None is not None">E   AssertionError: No pending MTD rec found: [{'id': 'f45a8a32-f9fa-4166-820f-4e868e105a8c', 'type': 'PACKAGE_UPGRADE', 'case_id': '02c76e45-020c-4df9-b73e-5f122c424f54', 'case_ref': 'SA-1013', 'client_id': 'd0d17cff-0e5e-4722-b2db-2cd5c90ded9d', 'client_user_id': '3608c571-65c2-43e6-813f-d6a43633d413', 'client_name': 'IT8 Client', 'service_type': 'SELF_ASSESSMENT', 'recommended_package': 'ELITE', 'reason': 'second try', 'note': None, 'raised_by_id': 'b8a22924-0340-4d55-9b6d-57c6ac953ab9', 'raised_by_name': 'Amara Boateng', 'raised_by_role': 'ACCOUNTANT', 'status': 'PENDING', 'created_at': '2026-08-20T12:33:40.492253+00:00'}, {'id': '414d08cb-7177-4ec4-a0f0-8ba8a7c05813', 'type': 'PACKAGE_UPGRADE', 'case_id': 'c1813154-42c5-41f8-ba82-1130e5083522', 'case_ref': 'SA-1012', 'client_id': '2c5a8a44-7dfa-456e-a6a8-9996ab75ccea', 'client_user_id': '5254395a-999e-4916-9f84-6ab0d2bed6cd', 'client_name': 'IT8 Client', 'service_type': 'SELF_ASSESSMENT', 'recommended_package': 'ELITE', 'reason': 'pkg', 'note': None, 'raised_by_id': 'b8a22924-0340-4d55-9b6d-57c6ac953ab9', 'raised_by_name': 'Amara Boateng', 'raised_by_role': 'ACCOUNTANT', 'status': 'PENDING', 'created_at': '2026-08-20T12:33:37.839435+00:00'}, {'id': '00401a6d-3220-4fd6-850c-dc947879ecb4', 'type': 'MTD', 'case_id': 'c1813154-42c5-41f8-ba82-1130e5083522', 'case_ref': 'SA-1012', 'client_id': '2c5a8a44-7dfa-456e-a6a8-9996ab75ccea', 'client_user_id': '5254395a-999e-4916-9f84-6ab0d2bed6cd', 'client_name': 'IT8 Client', 'service_type': 'MTD_INCOME_TAX', 'recommended_package': None, 'reason': 'mtd', 'note': None, 'raised_by_id': 'b8a22924-0340-4d55-9b6d-57c6ac953ab9', 'raised_by_name': 'Amara Boateng', 'raised_by_role': 'ACCOUNTANT', 'status': 'PENDING', 'created_at': '2026-08-20T12:33:37.697738+00:00'}]
    assert None is not None</failure></testcase><testcase classname="tests.test_taxsimba_phase1b.TestAdminOffer" name="test_offer_checkout_session" time="0.457" /><testcase classname="tests.test_taxsimba_phase1b.TestAdminOffer" name="test_decline_recommendation" time="0.753" /><testcase classname="tests.test_taxsimba_phase1b_ux.TestScenarioE_AccountantPrivacy" name="test_cases_list_no_leak" time="3.067" /><testcase classname="tests.test_taxsimba_phase1b_ux.TestScenarioE_AccountantPrivacy" name="test_case_detail_no_leak" time="8.687" /><testcase classname="tests.test_taxsimba_phase1b_ux.TestScenarioE_AccountantPrivacy" name="test_accountant_forbidden_endpoints" time="12.290" /><testcase classname="tests.test_taxsimba_phase1b_ux.TestOverview" name="test_super_admin_can_read" time="10.694" /><testcase classname="tests.test_taxsimba_phase1b_ux.TestOverview" name="test_admin_forbidden" time="0.154" /><testcase classname="tests.test_taxsimba_phase1b_ux.TestOverview" name="test_accountant_forbidden" time="0.391" /><testcase classname="tests.test_hardening_cors_ratelimit.TestCookieSecurityControls" name="test_session_cookies_are_httponly_secure_and_samesite" time="0.346" /><testcase classname="tests.test_hardening_cors_ratelimit.TestCookieSecurityControls" name="test_cookie_controls_are_environment_configurable" time="0.000" /><testcase classname="tests.test_taxsimba_phase2.TestAuditTrail" name="test_activity_log_has_prev_new_status" time="5.203" /><testcase classname="tests.test_taxsimba_phase2.TestAuditTrail" name="test_admin_return_comments_captured" time="0.140" /><testcase classname="tests.test_taxsimba_phase2.TestAuditTrail" name="test_super_admin_audit_log" time="0.305" /><testcase classname="tests.test_iteration9_final_lock.TestRequestFromClientStageGuard" name="test_rejected_when_status_disallows_awaiting_client" time="4.125" /><testcase classname="tests.test_iteration9_final_lock.TestRequestFromClientStageGuard" name="test_permitted_from_allowed_states" time="1.169" /><testcase classname="tests.test_taxsimba_phase1b.TestPricing" name="test_super_admin_can_patch_price" time="4.289" /><testcase classname="tests.test_iteration7_audit.TestDuplicateRecommendations" name="test_duplicate_mtd_recommendation_should_be_rejected" time="24.333" /><testcase classname="tests.test_iteration7_audit.TestDuplicateRecommendations" name="test_duplicate_package_recommendation_should_be_rejected" time="0.291" /><testcase classname="tests.test_iteration7_audit.TestPackageRules" name="test_downgrade_rejected" time="0.122" /><testcase classname="tests.test_iteration7_audit.TestPackageRules" name="test_equal_package_rejected" time="0.122" /><testcase classname="tests.test_taxsimba_phase1b.TestPricing" name="test_admin_cannot_patch_price" time="0.410" /><testcase classname="tests.test_taxsimba_phase1b.TestPaymentsListing" name="test_admin_payments_list" time="0.352" /><testcase classname="tests.test_taxsimba_phase1b.TestPaymentsListing" name="test_client_my_payments" time="0.310" /><testcase classname="tests.test_iteration6_retest.TestScenarioA_NoMTD" name="test_no_mtd_anywhere_for_sa_only_client" time="2.285" /><testcase classname="tests.test_taxsimba_phase1b_ux.TestMyActions" name="test_client_b_actions_shape" time="3.491" /><testcase classname="tests.test_iteration6_retest.TestSendOfferAlias" name="test_send_offer_sets_approved_and_second_call_400" time="2.898" /><testcase classname="tests.test_taxsimba_phase1b_ux.TestMyActions" name="test_accountant_and_admin_forbidden" time="0.430" /><testcase classname="tests.test_iteration11_token_exposure_adversarial.TestCookieAttributes" name="test_login_sets_httponly_secure_samesite_on_both_cookies" time="0.355" /><testcase classname="tests.test_iteration7_audit.TestDocumentIDOR" name="test_client_cannot_download_other_client_document" time="5.033" /><testcase classname="tests.test_iteration7_audit.TestDuplicatePayment" name="test_two_concurrent_upgrade_sessions_created" time="6.026" /><testcase classname="tests.test_iteration9_final_lock.TestMultiAccountantIsolation" name="test_isolation_at_scale" time="15.007" /><testcase classname="tests.test_iteration7_audit.TestDeactivatedUser" name="test_deactivated_token_rejected" time="1.655" /><testcase classname="tests.test_taxsimba_phase1b.TestUpgradeCheckoutCreates" name="test_upgrade_checkout_creates_session" time="2.875" /><testcase classname="tests.test_taxsimba_phase1b_ux.TestScenarioC_Approve" name="test_approve_creates_offer_and_double_approve_400" time="5.371" /><testcase classname="tests.test_taxsimba_phase1b_ux.TestReopen" name="test_reopen_requires_nonempty_reason" time="0.395" /><testcase classname="tests.test_taxsimba_phase1b_ux.TestUnassignAndAssignments" name="test_unassign_and_history" time="0.431" /><testcase classname="tests.test_taxsimba_phase1b_ux.TestAdminFilters" name="test_cases_filter_by_service" time="0.263" /><testcase classname="tests.test_taxsimba_phase1b_ux.TestInternalNotesPrivacy" name="test_client_cannot_read_case_notes" time="0.207" /><testcase classname="tests.test_iteration9_final_lock.TestReassignmentPreservesData" name="test_reassign_a_to_b_preserves_history" time="3.816" /><testcase classname="tests.test_taxsimba_phase2.TestDeactivatedLogin" name="test_deactivate_and_reactivate" time="3.811" /><testcase classname="tests.test_taxsimba_phase2.TestClientCalcVisibility" name="test_client_sees_only_approved_versions" time="3.909" /><testcase classname="tests.test_taxsimba_phase1b_ux.TestScenarioB_Reject" name="test_reject_keeps_client_silent" time="4.194" /></testsuite></testsuites>